******************** Initializing ********************
******************** Preparing inputs ********************
Setting up science...

 0
g 2.12e-06
r 2.12e-06

 1
g 2.12e-06
r 2.12e-06

 2
g 2.12e-06
r 2.12e-06

 3
g 2.12e-06
r 2.12e-06

 4
g 2.12e-06
r 2.12e-06

 5
g 2.12e-06
r 2.12e-06

 6
g 2.12e-06
r 2.12e-06

 7
g 2.12e-06
r 2.12e-06

 8
g 2.12e-06
r 2.12e-06

 9
g 2.12e-06
r 2.12e-06

 10
g 2.12e-06
r 2.12e-06

 11
g 2.12e-06
r 2.12e-06

 12
g 2.12e-06
r 2.12e-06

 13
g 2.12e-06
r 2.12e-06

 14
g 2.12e-06
r 2.12e-06

 15
g 2.12e-06
r 2.12e-06

 16
g 2.12e-06
r 2.12e-06

 17
g 2.12e-06
r 2.12e-06

 18
g 2.12e-06
r 2.12e-06

 19
g 2.12e-06
r 2.12e-06

 20
g 2.12e-06
r 2.12e-06

 21
g 2.12e-06
r 2.12e-06

 22
g 2.12e-06
r 2.12e-06

 23
g 2.12e-06
r 2.12e-06

 24
g 2.12e-06
r 2.12e-06

 25
g 2.12e-06
r 2.12e-06

 26
g 2.12e-06
r 2.12e-06

 27
g 2.12e-06
r 2.12e-06

 28
g 2.12e-06
r 2.12e-06

 29
g 2.12e-06
r 2.12e-06

 30
g 2.12e-06
r 2.12e-06

 31
g 2.12e-06
r 2.12e-06

 32
g 2.12e-06
r 2.12e-06

 33
g 2.12e-06
r 2.12e-06

 34
g 2.12e-06
r 2.12e-06

 35
g 2.12e-06
r 2.12e-06

 36
g 2.12e-06
r 2.12e-06

 37
g 2.12e-06
r 2.12e-06

 38
g 2.12e-06
r 2.12e-06

 39
g 2.12e-06
r 2.12e-06

 40
g 2.12e-06
r 2.12e-06

 41
g 2.12e-06
r 2.12e-06

 42
g 2.12e-06
r 2.12e-06

 43
g 2.12e-06
r 2.12e-06

 44
g 2.12e-06
r 2.12e-06

 45
g 2.12e-06
r 2.12e-06

 46
g 2.12e-06
r 2.12e-06

 47
g 2.12e-06
r 2.12e-06

 48
g 2.12e-06
r 2.12e-06

 49
g 2.12e-06
r 2.12e-06

 50
g 2.12e-06
r 2.12e-06

 51
g 2.12e-06
r 2.12e-06

 52
g 2.12e-06
r 2.12e-06

 53
g 2.12e-06
r 2.12e-06

 54
g 2.12e-06
r 2.12e-06

 55
g 2.12e-06
r 2.12e-06

 56
g 2.12e-06
r 2.12e-06

 57
g 2.12e-06
r 2.12e-06

 58
g 2.12e-06
r 2.12e-06

 59
g 2.12e-06
r 2.12e-06

 60
g 2.12e-06
r 2.12e-06

 61
g 2.12e-06
r 2.12e-06

 62
g 2.12e-06
r 2.12e-06

 63
g 2.12e-06
r 2.12e-06

 64
g 2.12e-06
r 2.12e-06

 65
g 2.12e-06
r 2.12e-06

 66
g 2.12e-06
r 2.12e-06

 67
g 2.12e-06
r 2.12e-06

 68
g 2.12e-06
r 2.12e-06

 69
g 2.12e-06
r 2.12e-06

 70
g 2.12e-06
r 2.12e-06

 71
g 2.12e-06
r 2.12e-06

 72
g 2.12e-06
r 2.12e-06

 73
g 2.12e-06
r 2.12e-06

 74
g 2.12e-06
r 2.12e-06

 75
g 2.12e-06
r 2.12e-06

 76
g 2.12e-06
r 2.12e-06

 77
g 2.12e-06
r 2.12e-06

 78
g 2.12e-06
r 2.12e-06

 79
g 2.12e-06
r 2.12e-06

 80
g 2.12e-06
r 2.12e-06

 81
g 2.12e-06
r 2.12e-06

 82
g 2.12e-06
r 2.12e-06

 83
g 2.12e-06
r 2.12e-06

 84
g 2.12e-06
r 2.12e-06

 85
g 2.12e-06
r 2.12e-06

 86
g 2.12e-06
r 2.12e-06

 87
g 2.12e-06
r 2.12e-06

 88
g 2.12e-06
r 2.12e-06

 89
g 2.12e-06
r 2.12e-06

 90
g 2.12e-06
r 2.12e-06

 91
g 2.12e-06
r 2.12e-06

 92
g 2.12e-06
r 2.12e-06

 93
g 2.12e-06
r 2.12e-06

 94
g 2.12e-06
r 2.12e-06

 95
g 2.12e-06
r 2.12e-06

 96
g 2.12e-06
r 2.12e-06

 97
g 2.12e-06
r 2.12e-06

 98
g 2.12e-06
r 2.12e-06

 99
g 2.12e-06
r 2.12e-06

 100
g 2.12e-06
r 2.12e-06

 101
g 2.12e-06
r 2.12e-06

 102
g 2.12e-06
r 2.12e-06

 103
g 2.12e-06
r 2.12e-06

 104
g 2.12e-06
r 2.12e-06

 105
g 2.12e-06
r 2.12e-06

 106
g 2.12e-06
r 2.12e-06

 107
g 2.12e-06
r 2.12e-06

 108
g 2.12e-06
r 2.12e-06

 109
g 2.12e-06
r 2.12e-06

 110
g 2.12e-06
r 2.12e-06

 111
g 2.12e-06
r 2.12e-06

 112
g 2.12e-06
r 2.12e-06

 113
g 2.12e-06
r 2.12e-06

 114
g 2.12e-06
r 2.12e-06

 115
g 2.12e-06
r 2.12e-06

 116
g 2.12e-06
r 2.12e-06
Using 32/83 GWs with 40.0 <= mass_1_source < 200.0...
******************************
Index 3
******************************
Index 4
******************************
Index 5
******************************
Index 7
******************************
Index 11
******************************
Index 8
******************************
Index 13
******************************
Index 15
******************************
Index 14
******************************
Index 17
******************************
Index 18
******************************
Index 20
******************************
Index 28
******************************
Index 21
GW190413_134308
Loading skymap...
************************************************************

Index 37
Index 34
******************************
Index 39
GW190426_152155
Loading skymap...******************************

Index 40
******************************
Index 42
******************************
Index 43
******************************
Index 46
GW190421_213856
Loading skymap...
GW190503_185404
Loading skymap...
******************************
Index 33
GW190424_180648GW190521
GW190620_030421
Loading skymap...
Loading skymap...

Loading skymap...
GW190701_203306
Loading skymap...
GW190519_153544
Loading skymap...
GW190602_175927
Loading skymap...
GW190514_065416
Loading skymap...
GW190521_074359
Loading skymap...
******************************
******************************Index 52

Index 49
******************************
Index 59
******************************
Index 60
******************************
Index 64
******************************
Index 68
GW190731_140936
Loading skymap...
GW190706_222641
Loading skymap...
GW190929_012149GW190910_112807

Loading skymap...Loading skymap...

GW190403_051519
Loading skymap...
GW190805_211137
Loading skymap...
GW190916_200658
Loading skymap...
******************************
Index 71
******************************
Index 73
GW190926_050336
Loading skymap...
GW190909_114149
Loading skymap...
******************************
Index 75******************************

Index 79
Loading flares...
Loading flares...
GW191222_033537GW191127_050227GW191230_180458


Loading skymap...Loading skymap...
Loading skymap...

Loading flares...
Loading flares...Loading flares...

Loading flares...Loading flares...

Loading flares...Loading flares...

Loading flares...
GW191109_010717
Loading skymap...
GW200224_222234
Loading skymap...
Loading flares...
GW200128_022011
Loading skymap...
Loading flares...Loading flares...

GW190426_190642
Loading skymap...
Loading flares...
Loading flares...
Loading flares...
Loading flares...Loading flares...

GW200220_061928
Loading skymap...
GW200308_173609
Loading skymap...
GW200208_222617
Loading skymap...
GW200216_220804
Loading skymap...
Loading flares...
Loading flares...
Loading flares...
Loading flares...
Loading flares...
Loading flares...
Loading flares...
Loading flares...
Loading flares...
Loading flares...
Loading flares...
Loading flares...
Loading flares...
Loading flares...
Calculating background rate...
Calculating background rate...
Calculating background rate...
Calculating background rate...
Calculating background rate...
Calculating background rate...
Calculating background rate...
Calculating background rate...
Calculating background rate...
Calculating background rate...
Calculating background rate...
Calculating background rate...
Calculating background rate...
Calculating background rate...
Calculating background rate...
Calculating background rate...
Calculating background rate...
Calculating background rate...
Calculating background rate...
Calculating background rate...
Calculating background rate...
Calculating background rate...
Calculating background rate...
Calculating background rate...
Calculating background rate...
Calculating background rate...
Calculating background rate...
Calculating background rate...
Calculating background rate...
Calculating background rate...
Calculating background rate...
Calculating background rate...
Calculating signal and background arrays...
GW 0 has 0 coincident flares
GW 1 has 0 coincident flares
GW 2 has 3 coincident flares
WARNING: UnitsWarning: 'pct' did not parse as fits unit: At col 0, Unit 'pct' not supported by the FITS standard. Did you mean PC, PT, cT, ct, pC, pT or pc? If this is meant to be a custom unit, define it with 'u.def_unit'. To have it recognized inside a file reader or other code, enable it with 'u.add_enabled_units'. For details, see https://docs.astropy.org/en/latest/units/combining_and_defining.html [astropy.units.core]
GW 3 has 0 coincident flares
GW 4 has 0 coincident flares
GW 5 has 0 coincident flares
GW 6 has 0 coincident flares
GW 7 has 0 coincident flares
GW 8 has 0 coincident flares
GW 9 has 0 coincident flares
GW 10 has 3 coincident flares
GW 11 has 0 coincident flares
GW 12 has 1 coincident flares
GW 13 has 3 coincident flares
GW 14 has 1 coincident flares
GW 15 has 5 coincident flares
GW 16 has 2 coincident flares
GW 17 has 2 coincident flares
GW 18 has 0 coincident flares
GW 19 has 3 coincident flares
GW 20 has 4 coincident flares
GW 21 has 2 coincident flares
GW 22 has 0 coincident flares
GW 23 has 0 coincident flares
GW 24 has 0 coincident flares
GW 25 has 2 coincident flares
GW 26 has 3 coincident flares
GW 27 has 3 coincident flares
GW 28 has 0 coincident flares
GW 29 has 5 coincident flares
GW 30 has 0 coincident flares
GW 31 has 41 coincident flares
******************** MCMC ********************
/hildafs/projects/phy220048p/tcabrera/bbhagn/bbhagn/utils/inference.py:134: RuntimeWarning: All-NaN slice encountered
  max_n_agn = np.nanmax([np.nanmax(n) for n in n_agns if len(n) > 0])
/hildafs/projects/phy220048p/tcabrera/bbhagn/bbhagn/utils/inference.py:134: RuntimeWarning: All-NaN slice encountered
  max_n_agn = np.nanmax([np.nanmax(n) for n in n_agns if len(n) > 0])
/hildafs/projects/phy220048p/tcabrera/bbhagn/bbhagn/utils/inference.py:134: RuntimeWarning: All-NaN slice encountered
  max_n_agn = np.nanmax([np.nanmax(n) for n in n_agns if len(n) > 0])
/hildafs/projects/phy220048p/tcabrera/bbhagn/bbhagn/utils/inference.py:134: RuntimeWarning: All-NaN slice encountered
  max_n_agn = np.nanmax([np.nanmax(n) for n in n_agns if len(n) > 0])
/hildafs/projects/phy220048p/tcabrera/bbhagn/bbhagn/utils/inference.py:163: RuntimeWarning: All-NaN slice encountered
  np.nanmax(n_flares_bgs_i),
/hildafs/projects/phy220048p/tcabrera/bbhagn/bbhagn/utils/inference.py:163: RuntimeWarning: All-NaN slice encountered
  np.nanmax(n_flares_bgs_i),
/hildafs/projects/phy220048p/tcabrera/bbhagn/bbhagn/utils/inference.py:163: RuntimeWarning: All-NaN slice encountered
  np.nanmax(n_flares_bgs_i),
/hildafs/projects/phy220048p/tcabrera/bbhagn/bbhagn/utils/inference.py:134: RuntimeWarning: All-NaN slice encountered
  max_n_agn = np.nanmax([np.nanmax(n) for n in n_agns if len(n) > 0])
/hildafs/projects/phy220048p/tcabrera/bbhagn/bbhagn/utils/inference.py:134: RuntimeWarning: All-NaN slice encountered
  max_n_agn = np.nanmax([np.nanmax(n) for n in n_agns if len(n) > 0])
/hildafs/projects/phy220048p/tcabrera/bbhagn/bbhagn/utils/inference.py:134: RuntimeWarning: All-NaN slice encountered
  max_n_agn = np.nanmax([np.nanmax(n) for n in n_agns if len(n) > 0])
/hildafs/projects/phy220048p/tcabrera/bbhagn/bbhagn/utils/inference.py:163: RuntimeWarning: All-NaN slice encountered
  np.nanmax(n_flares_bgs_i),
/hildafs/projects/phy220048p/tcabrera/bbhagn/bbhagn/utils/inference.py:134: RuntimeWarning: All-NaN slice encountered
  max_n_agn = np.nanmax([np.nanmax(n) for n in n_agns if len(n) > 0])
/hildafs/projects/phy220048p/tcabrera/bbhagn/bbhagn/utils/inference.py:134: RuntimeWarning: All-NaN slice encountered
  max_n_agn = np.nanmax([np.nanmax(n) for n in n_agns if len(n) > 0])
/hildafs/projects/phy220048p/tcabrera/bbhagn/bbhagn/utils/inference.py:163: RuntimeWarning: All-NaN slice encountered
  np.nanmax(n_flares_bgs_i),
/hildafs/projects/phy220048p/tcabrera/bbhagn/bbhagn/utils/inference.py:163: RuntimeWarning: All-NaN slice encountered
  np.nanmax(n_flares_bgs_i),
/hildafs/projects/phy220048p/tcabrera/bbhagn/bbhagn/utils/inference.py:134: RuntimeWarning: All-NaN slice encountered
  max_n_agn = np.nanmax([np.nanmax(n) for n in n_agns if len(n) > 0])
/hildafs/projects/phy220048p/tcabrera/bbhagn/bbhagn/utils/inference.py:163: RuntimeWarning: All-NaN slice encountered
  np.nanmax(n_flares_bgs_i),
/hildafs/projects/phy220048p/tcabrera/bbhagn/bbhagn/utils/inference.py:134: RuntimeWarning: All-NaN slice encountered
  max_n_agn = np.nanmax([np.nanmax(n) for n in n_agns if len(n) > 0])
/hildafs/projects/phy220048p/tcabrera/bbhagn/bbhagn/utils/inference.py:163: RuntimeWarning: All-NaN slice encountered
  np.nanmax(n_flares_bgs_i),
/hildafs/projects/phy220048p/tcabrera/bbhagn/bbhagn/utils/inference.py:134: RuntimeWarning: All-NaN slice encountered
  max_n_agn = np.nanmax([np.nanmax(n) for n in n_agns if len(n) > 0])
/hildafs/projects/phy220048p/tcabrera/bbhagn/bbhagn/utils/inference.py:163: RuntimeWarning: All-NaN slice encountered
  np.nanmax(n_flares_bgs_i),
/hildafs/projects/phy220048p/tcabrera/bbhagn/bbhagn/utils/inference.py:163: RuntimeWarning: All-NaN slice encountered
  np.nanmax(n_flares_bgs_i),
/hildafs/projects/phy220048p/tcabrera/bbhagn/bbhagn/utils/inference.py:163: RuntimeWarning: All-NaN slice encountered
  np.nanmax(n_flares_bgs_i),
/hildafs/projects/phy220048p/tcabrera/bbhagn/bbhagn/utils/inference.py:134: RuntimeWarning: All-NaN slice encountered
  max_n_agn = np.nanmax([np.nanmax(n) for n in n_agns if len(n) > 0])
/hildafs/projects/phy220048p/tcabrera/bbhagn/bbhagn/utils/inference.py:163: RuntimeWarning: All-NaN slice encountered
  np.nanmax(n_flares_bgs_i),
/hildafs/projects/phy220048p/tcabrera/bbhagn/bbhagn/utils/inference.py:163: RuntimeWarning: All-NaN slice encountered
  np.nanmax(n_flares_bgs_i),
/hildafs/projects/phy220048p/tcabrera/bbhagn/bbhagn/utils/inference.py:134: RuntimeWarning: All-NaN slice encountered
  max_n_agn = np.nanmax([np.nanmax(n) for n in n_agns if len(n) > 0])
/hildafs/projects/phy220048p/tcabrera/bbhagn/bbhagn/utils/inference.py:134: RuntimeWarning: All-NaN slice encountered
  max_n_agn = np.nanmax([np.nanmax(n) for n in n_agns if len(n) > 0])
/hildafs/projects/phy220048p/tcabrera/bbhagn/bbhagn/utils/inference.py:163: RuntimeWarning: All-NaN slice encountered
  np.nanmax(n_flares_bgs_i),
/hildafs/projects/phy220048p/tcabrera/bbhagn/bbhagn/utils/inference.py:163: RuntimeWarning: All-NaN slice encountered
  np.nanmax(n_flares_bgs_i),
/hildafs/projects/phy220048p/tcabrera/bbhagn/bbhagn/utils/inference.py:134: RuntimeWarning: All-NaN slice encountered
  max_n_agn = np.nanmax([np.nanmax(n) for n in n_agns if len(n) > 0])
/hildafs/projects/phy220048p/tcabrera/bbhagn/bbhagn/utils/inference.py:134: RuntimeWarning: All-NaN slice encountered
  max_n_agn = np.nanmax([np.nanmax(n) for n in n_agns if len(n) > 0])
/hildafs/projects/phy220048p/tcabrera/bbhagn/bbhagn/utils/inference.py:134: RuntimeWarning: All-NaN slice encountered
  max_n_agn = np.nanmax([np.nanmax(n) for n in n_agns if len(n) > 0])
/hildafs/projects/phy220048p/tcabrera/bbhagn/bbhagn/utils/inference.py:134: RuntimeWarning: All-NaN slice encountered
  max_n_agn = np.nanmax([np.nanmax(n) for n in n_agns if len(n) > 0])
/hildafs/projects/phy220048p/tcabrera/bbhagn/bbhagn/utils/inference.py:134: RuntimeWarning: All-NaN slice encountered
  max_n_agn = np.nanmax([np.nanmax(n) for n in n_agns if len(n) > 0])
/hildafs/projects/phy220048p/tcabrera/bbhagn/bbhagn/utils/inference.py:163: RuntimeWarning: All-NaN slice encountered
  np.nanmax(n_flares_bgs_i),
/hildafs/projects/phy220048p/tcabrera/bbhagn/bbhagn/utils/inference.py:163: RuntimeWarning: All-NaN slice encountered
  np.nanmax(n_flares_bgs_i),
/hildafs/projects/phy220048p/tcabrera/bbhagn/bbhagn/utils/inference.py:134: RuntimeWarning: All-NaN slice encountered
  max_n_agn = np.nanmax([np.nanmax(n) for n in n_agns if len(n) > 0])
/hildafs/projects/phy220048p/tcabrera/bbhagn/bbhagn/utils/inference.py:163: RuntimeWarning: All-NaN slice encountered
  np.nanmax(n_flares_bgs_i),
/hildafs/projects/phy220048p/tcabrera/bbhagn/bbhagn/utils/inference.py:134: RuntimeWarning: All-NaN slice encountered
  max_n_agn = np.nanmax([np.nanmax(n) for n in n_agns if len(n) > 0])
/hildafs/projects/phy220048p/tcabrera/bbhagn/bbhagn/utils/inference.py:134: RuntimeWarning: All-NaN slice encountered
  max_n_agn = np.nanmax([np.nanmax(n) for n in n_agns if len(n) > 0])
/hildafs/projects/phy220048p/tcabrera/bbhagn/bbhagn/utils/inference.py:134: RuntimeWarning: All-NaN slice encountered
  max_n_agn = np.nanmax([np.nanmax(n) for n in n_agns if len(n) > 0])
/hildafs/projects/phy220048p/tcabrera/bbhagn/bbhagn/utils/inference.py:134: RuntimeWarning: All-NaN slice encountered
  max_n_agn = np.nanmax([np.nanmax(n) for n in n_agns if len(n) > 0])
/hildafs/projects/phy220048p/tcabrera/bbhagn/bbhagn/utils/inference.py:163: RuntimeWarning: All-NaN slice encountered
  np.nanmax(n_flares_bgs_i),
/hildafs/projects/phy220048p/tcabrera/bbhagn/bbhagn/utils/inference.py:163: RuntimeWarning: All-NaN slice encountered
  np.nanmax(n_flares_bgs_i),
/hildafs/projects/phy220048p/tcabrera/bbhagn/bbhagn/utils/inference.py:163: RuntimeWarning: All-NaN slice encountered
  np.nanmax(n_flares_bgs_i),
/hildafs/projects/phy220048p/tcabrera/bbhagn/bbhagn/utils/inference.py:163: RuntimeWarning: All-NaN slice encountered
  np.nanmax(n_flares_bgs_i),
/hildafs/projects/phy220048p/tcabrera/bbhagn/bbhagn/utils/inference.py:163: RuntimeWarning: All-NaN slice encountered
  np.nanmax(n_flares_bgs_i),
/hildafs/projects/phy220048p/tcabrera/bbhagn/bbhagn/utils/inference.py:163: RuntimeWarning: All-NaN slice encountered
  np.nanmax(n_flares_bgs_i),
/hildafs/projects/phy220048p/tcabrera/bbhagn/bbhagn/utils/inference.py:134: RuntimeWarning: All-NaN slice encountered
  max_n_agn = np.nanmax([np.nanmax(n) for n in n_agns if len(n) > 0])
/hildafs/projects/phy220048p/tcabrera/bbhagn/bbhagn/utils/inference.py:163: RuntimeWarning: All-NaN slice encountered
  np.nanmax(n_flares_bgs_i),
/hildafs/projects/phy220048p/tcabrera/bbhagn/bbhagn/utils/inference.py:134: RuntimeWarning: All-NaN slice encountered
  max_n_agn = np.nanmax([np.nanmax(n) for n in n_agns if len(n) > 0])
/hildafs/projects/phy220048p/tcabrera/bbhagn/bbhagn/utils/inference.py:134: RuntimeWarning: All-NaN slice encountered
  max_n_agn = np.nanmax([np.nanmax(n) for n in n_agns if len(n) > 0])
/hildafs/projects/phy220048p/tcabrera/bbhagn/bbhagn/utils/inference.py:134: RuntimeWarning: All-NaN slice encountered
  max_n_agn = np.nanmax([np.nanmax(n) for n in n_agns if len(n) > 0])
/hildafs/projects/phy220048p/tcabrera/bbhagn/bbhagn/utils/inference.py:134: RuntimeWarning: All-NaN slice encountered
  max_n_agn = np.nanmax([np.nanmax(n) for n in n_agns if len(n) > 0])
/hildafs/projects/phy220048p/tcabrera/bbhagn/bbhagn/utils/inference.py:163: RuntimeWarning: All-NaN slice encountered
  np.nanmax(n_flares_bgs_i),
/hildafs/projects/phy220048p/tcabrera/bbhagn/bbhagn/utils/inference.py:163: RuntimeWarning: All-NaN slice encountered
  np.nanmax(n_flares_bgs_i),
/hildafs/projects/phy220048p/tcabrera/bbhagn/bbhagn/utils/inference.py:163: RuntimeWarning: All-NaN slice encountered
  np.nanmax(n_flares_bgs_i),
/hildafs/projects/phy220048p/tcabrera/bbhagn/bbhagn/utils/inference.py:163: RuntimeWarning: All-NaN slice encountered
  np.nanmax(n_flares_bgs_i),
/hildafs/projects/phy220048p/tcabrera/bbhagn/bbhagn/utils/inference.py:163: RuntimeWarning: All-NaN slice encountered
  np.nanmax(n_flares_bgs_i),
Traceback (most recent call last):
  File "/hildafs/projects/phy220048p/tcabrera/bbhagn/bbhagn/Posterior_inference_lambda_O3/Posterior_inference_lambda_O3.py", line 215, in <module>
    sampler.run_mcmc(*mcmc_args, **mcmc_kwargs)
  File "/hildafs/projects/phy200025p/tcabrera/.conda/envs/bbhagn/lib/python3.11/site-packages/emcee/ensemble.py", line 450, in run_mcmc
    for results in self.sample(initial_state, iterations=nsteps, **kwargs):
  File "/hildafs/projects/phy200025p/tcabrera/.conda/envs/bbhagn/lib/python3.11/site-packages/emcee/ensemble.py", line 351, in sample
    state.log_prob, state.blobs = self.compute_log_prob(state.coords)
                                  ^^^^^^^^^^^^^^^^^^^^^^^^^^^^^^^^^^^
  File "/hildafs/projects/phy200025p/tcabrera/.conda/envs/bbhagn/lib/python3.11/site-packages/emcee/ensemble.py", line 551, in compute_log_prob
    raise ValueError("Probability function returned NaN")
ValueError: Probability function returned NaN
