******************** Initializing ********************
******************** Preparing inputs ********************
Setting up science...

 0
g 2.12e-06
r 2.12e-06

 1
g 2.12e-06
r 2.12e-06

 2
g 2.12e-06
r 2.12e-06

 3
g 2.12e-06
r 2.12e-06

 4
g 2.12e-06
r 2.12e-06

 5
g 2.12e-06
r 2.12e-06

 6
g 2.12e-06
r 2.12e-06

 7
g 2.12e-06
r 2.12e-06

 8
g 2.12e-06
r 2.12e-06

 9
g 2.12e-06
r 2.12e-06

 10
g 2.12e-06
r 2.12e-06

 11
g 2.12e-06
r 2.12e-06

 12
g 2.12e-06
r 2.12e-06

 13
g 2.12e-06
r 2.12e-06

 14
g 2.12e-06
r 2.12e-06

 15
g 2.12e-06
r 2.12e-06

 16
g 2.12e-06
r 2.12e-06

 17
g 2.12e-06
r 2.12e-06

 18
g 2.12e-06
r 2.12e-06

 19
g 2.12e-06
r 2.12e-06

 20
g 2.12e-06
r 2.12e-06

 21
g 2.12e-06
r 2.12e-06

 22
g 2.12e-06
r 2.12e-06

 23
g 2.12e-06
r 2.12e-06

 24
g 2.12e-06
r 2.12e-06

 25
g 2.12e-06
r 2.12e-06

 26
g 2.12e-06
r 2.12e-06

 27
g 2.12e-06
r 2.12e-06

 28
g 2.12e-06
r 2.12e-06

 29
g 2.12e-06
r 2.12e-06

 30
g 2.12e-06
r 2.12e-06

 31
g 2.12e-06
r 2.12e-06

 32
g 2.12e-06
r 2.12e-06

 33
g 2.12e-06
r 2.12e-06

 34
g 2.12e-06
r 2.12e-06

 35
g 2.12e-06
r 2.12e-06

 36
g 2.12e-06
r 2.12e-06

 37
g 2.12e-06
r 2.12e-06

 38
g 2.12e-06
r 2.12e-06

 39
g 2.12e-06
r 2.12e-06

 40
g 2.12e-06
r 2.12e-06

 41
g 2.12e-06
r 2.12e-06

 42
g 2.12e-06
r 2.12e-06

 43
g 2.12e-06
r 2.12e-06

 44
g 2.12e-06
r 2.12e-06

 45
g 2.12e-06
r 2.12e-06

 46
g 2.12e-06
r 2.12e-06

 47
g 2.12e-06
r 2.12e-06

 48
g 2.12e-06
r 2.12e-06

 49
g 2.12e-06
r 2.12e-06

 50
g 2.12e-06
r 2.12e-06

 51
g 2.12e-06
r 2.12e-06

 52
g 2.12e-06
r 2.12e-06

 53
g 2.12e-06
r 2.12e-06

 54
g 2.12e-06
r 2.12e-06

 55
g 2.12e-06
r 2.12e-06

 56
g 2.12e-06
r 2.12e-06

 57
g 2.12e-06
r 2.12e-06

 58
g 2.12e-06
r 2.12e-06

 59
g 2.12e-06
r 2.12e-06

 60
g 2.12e-06
r 2.12e-06

 61
g 2.12e-06
r 2.12e-06

 62
g 2.12e-06
r 2.12e-06

 63
g 2.12e-06
r 2.12e-06

 64
g 2.12e-06
r 2.12e-06

 65
g 2.12e-06
r 2.12e-06

 66
g 2.12e-06
r 2.12e-06

 67
g 2.12e-06
r 2.12e-06

 68
g 2.12e-06
r 2.12e-06

 69
g 2.12e-06
r 2.12e-06

 70
g 2.12e-06
r 2.12e-06

 71
g 2.12e-06
r 2.12e-06

 72
g 2.12e-06
r 2.12e-06

 73
g 2.12e-06
r 2.12e-06

 74
g 2.12e-06
r 2.12e-06

 75
g 2.12e-06
r 2.12e-06

 76
g 2.12e-06
r 2.12e-06

 77
g 2.12e-06
r 2.12e-06

 78
g 2.12e-06
r 2.12e-06

 79
g 2.12e-06
r 2.12e-06

 80
g 2.12e-06
r 2.12e-06

 81
g 2.12e-06
r 2.12e-06

 82
g 2.12e-06
r 2.12e-06

 83
g 2.12e-06
r 2.12e-06

 84
g 2.12e-06
r 2.12e-06

 85
g 2.12e-06
r 2.12e-06

 86
g 2.12e-06
r 2.12e-06

 87
g 2.12e-06
r 2.12e-06

 88
g 2.12e-06
r 2.12e-06

 89
g 2.12e-06
r 2.12e-06

 90
g 2.12e-06
r 2.12e-06

 91
g 2.12e-06
r 2.12e-06

 92
g 2.12e-06
r 2.12e-06

 93
g 2.12e-06
r 2.12e-06

 94
g 2.12e-06
r 2.12e-06

 95
g 2.12e-06
r 2.12e-06

 96
g 2.12e-06
r 2.12e-06

 97
g 2.12e-06
r 2.12e-06

 98
g 2.12e-06
r 2.12e-06

 99
g 2.12e-06
r 2.12e-06

 100
g 2.12e-06
r 2.12e-06

 101
g 2.12e-06
r 2.12e-06

 102
g 2.12e-06
r 2.12e-06

 103
g 2.12e-06
r 2.12e-06

 104
g 2.12e-06
r 2.12e-06

 105
g 2.12e-06
r 2.12e-06

 106
g 2.12e-06
r 2.12e-06

 107
g 2.12e-06
r 2.12e-06

 108
g 2.12e-06
r 2.12e-06

 109
g 2.12e-06
r 2.12e-06

 110
g 2.12e-06
r 2.12e-06

 111
g 2.12e-06
r 2.12e-06

 112
g 2.12e-06
r 2.12e-06

 113
g 2.12e-06
r 2.12e-06

 114
g 2.12e-06
r 2.12e-06

 115
g 2.12e-06
r 2.12e-06

 116
g 2.12e-06
r 2.12e-06
Using 83/83 GWs with 0.0 <= mass_1_source < 200.0...
******************************
Index 0
******************************
Index 1
******************************
Index 2
******************************
Index 3
******************************
Index 4
******************************
Index 5
******************************
Index 6
******************************
Index 7
******************************
Index 8
******************************
Index 9
******************************
Index 10
******************************
******************************
Index 12
Index 11
******************************
******************************
Index 13
Index 15
******************************
Index 14
******************************
Index 16
******************************
Index 17
******************************
Index 18
******************************
Index 19
******************************
Index 20
******************************
Index 21
******************************
Index 22
******************************
Index 23
******************************
Index 24
******************************
Index 25
******************************
Index 26
******************************
Index 27
******************************
Index 28
******************************
Index 29
GW190408_181802
Loading skymap...
******************************
Index 31
******************************
Index 30
GW190412
Loading skymap...
GW190413_052954
Loading skymap...
GW190421_213856
Loading skymap...
GW190425
Loading skymap...
GW190424_180648
Loading skymap...
GW190512_180714
Loading skymap...
GW190503_185404
Loading skymap...
GW190519_153544
Loading skymap...
GW190413_134308
Loading skymap...
GW190521_074359
Loading skymap...
GW190527_092055
GW190701_203306Loading skymap...

Loading skymap...
GW190620_030421
Loading skymap...
GW190426_152155
Loading skymap...
GW190719_215514
Loading skymap...
GW190517_055101
Loading skymap...
GW190602_175927
Loading skymap...
GW190803_022701
Loading skymap...
GW190707_093326
Loading skymap...
GW190828_063405
Loading skymap...
GW190708_232457
Loading skymap...
GW190513_205428
Loading skymap...
GW190521
Loading skymap...
GW190630_185205
Loading skymap...
GW190727_060333
Loading skymap...
GW190706_222641
Loading skymap...
Loading flares...
GW190514_065416
Loading skymap...
Loading flares...
GW190720_000836
Loading skymap...
Loading flares...
Loading flares...
Loading flares...
Loading flares...Loading flares...

GW190731_140936
Loading skymap...
GW190728_064510
Loading skymap...
Loading flares...
Loading flares...
Loading flares...
Loading flares...
Loading flares...
Loading flares...
GW190814
Loading skymap...
Loading flares...
Loading flares...
Loading flares...
Loading flares...
Loading flares...
Loading flares...
Loading flares...
Loading flares...
Loading flares...
Loading flares...
Loading flares...
Loading flares...
Loading flares...
Loading flares...
Loading flares...
Loading flares...
Loading flares...
Loading flares...
Loading flares...
Calculating background rate...
Calculating background rate...
Calculating background rate...
Calculating background rate...
Calculating background rate...
Calculating background rate...
Calculating background rate...
Calculating background rate...
Calculating background rate...
Calculating background rate...
Calculating background rate...
Calculating background rate...
Calculating background rate...
Calculating background rate...
Calculating background rate...
Calculating background rate...
Calculating background rate...
Calculating background rate...
Calculating background rate...
Calculating background rate...
Calculating background rate...
Calculating background rate...
Calculating background rate...
Calculating background rate...
Calculating background rate...
Calculating background rate...
Calculating background rate...
Calculating background rate...
Calculating background rate...
Calculating background rate...
Calculating background rate...
Calculating background rate...
******************************
Index 32
GW190828_065509
Loading skymap...
Loading flares...
******************************
Index 33
GW190909_114149
Loading skymap...
Loading flares...
******************************
Index 34
GW190910_112807
Loading skymap...
Loading flares...
******************************
Index 35
GW190915_235702
Loading skymap...
Loading flares...
******************************
Index 36
GW190924_021846
Loading skymap...
Loading flares...
******************************
Index 37
GW190929_012149
Loading skymap...
Loading flares...
******************************
Index 38
GW190930_133541
Loading skymap...
Loading flares...
******************************
Index 39
GW190403_051519
Loading skymap...
Loading flares...
******************************
Index 40
******************************
Index 41
GW190426_190642
Loading skymap...
GW190725_174728
Loading skymap...
Loading flares...
Loading flares...
******************************
Index 42
GW190805_211137
Loading skymap...
Loading flares...
******************************
Index 43
GW190916_200658
Loading skymap...
Loading flares...
******************************
Index 44
GW190917_114630
Loading skymap...
Loading flares...
Calculating background rate...
Calculating background rate...
******************************
Index 45
GW190925_232845
Loading skymap...
Loading flares...
Calculating background rate...
******************************
Index 46
GW190926_050336
Loading skymap...
Loading flares...
******************************
Index 47
GW191103_012549
Loading skymap...
Loading flares...
******************************
Index 48
GW191105_143521
Loading skymap...
Loading flares...
******************************
Index 49
GW191109_010717
Loading skymap...
******************************
Index 50
GW191113_071753
Loading skymap...
Loading flares...
Loading flares...
******************************
Index 51
GW191126_115259
Loading skymap...
Loading flares...
******************************
Index 52
GW191127_050227
Loading skymap...
Loading flares...
Calculating background rate...
Calculating background rate...
******************************
Index 53
GW191129_134029
Loading skymap...
Loading flares...
******************************
Index 54
GW191204_110529
Loading skymap...
Loading flares...
******************************
Index 55
GW191204_171526
Loading skymap...
Loading flares...
******************************
Index 56
GW191215_223052
Loading skymap...
Loading flares...
Calculating background rate...
Calculating background rate...
******************************
Index 57
GW191216_213338
Loading skymap...
Loading flares...
Calculating background rate...
Calculating background rate...
Calculating background rate...
******************************
Index 58
GW191219_163120
Loading skymap...
Loading flares...
******************************
Index 59
GW191222_033537
Loading skymap...
******************************
Index 60
GW191230_180458
Loading skymap...
Loading flares...
Loading flares...
Calculating background rate...
******************************
Index 61
GW200105_162426
Loading skymap...
Loading flares...
Calculating background rate...
Calculating background rate...
******************************
Index 62
GW200112_155838
Loading skymap...
Loading flares...
Calculating background rate...
Calculating background rate...
Calculating background rate...
Calculating background rate...
Calculating background rate...
Calculating background rate...
Calculating background rate...
Calculating background rate...
Calculating background rate...
Calculating background rate...
Calculating background rate...
Calculating background rate...
******************************
Index 63
GW200115_042309
Loading skymap...
Loading flares...
Calculating background rate...
Calculating background rate...
Calculating background rate...
Calculating background rate...
Calculating background rate...
Calculating background rate...
Calculating background rate...
******************************
Index 64
GW200128_022011
Loading skymap...
Loading flares...
******************************
Index 65
GW200129_065458
Loading skymap...
Loading flares...
******************************
Index 66
GW200202_154313
Loading skymap...
Loading flares...
******************************
Index 67
GW200208_130117
Loading skymap...
Loading flares...
******************************
Index 68
GW200208_222617
Loading skymap...
Loading flares...
******************************
Index 69
GW200209_085452
Loading skymap...
Loading flares...
Calculating background rate...
******************************
Index 70
GW200210_092254
Loading skymap...
Loading flares...
******************************
Index 71
GW200216_220804
Loading skymap...
Loading flares...
Calculating background rate...
******************************
Index 72
GW200219_094415
Loading skymap...
Loading flares...
******************************
Index 73
GW200220_061928
Loading skymap...
Loading flares...
******************************
Index 74
GW200220_124850
Loading skymap...
Loading flares...
******************************
Index 75
GW200224_222234
Loading skymap...
Loading flares...
******************************
Index 76
GW200225_060421
Loading skymap...
Loading flares...
******************************
Index 77
GW200302_015811
Loading skymap...
Loading flares...
******************************
Index 78
GW200306_093714
Loading skymap...
Loading flares...
******************************
Index 79
GW200308_173609
Loading skymap...
Loading flares...
******************************
Index 80
GW200311_115853
Loading skymap...
Loading flares...
******************************
Index 81
GW200316_215756
Loading skymap...
Loading flares...
******************************
Index 82
GW200322_091133
Loading skymap...
Calculating background rate...
Loading flares...
Calculating background rate...
Calculating background rate...
Calculating background rate...
Calculating background rate...
Calculating background rate...
Calculating background rate...
Calculating background rate...
Calculating background rate...
Calculating background rate...
Calculating background rate...
Calculating background rate...
Calculating background rate...
Calculating background rate...
Calculating background rate...
Calculating background rate...
/hildafs/projects/phy220048p/tcabrera/bbhagn/mycode/ligo.skymap/ligo/skymap/postprocess/crossmatch.py:459: RuntimeWarning: invalid value encountered in subtract
  contour_dists = (hi - lo).tolist()
Calculating background rate...
/hildafs/projects/phy220048p/tcabrera/bbhagn/mycode/ligo.skymap/ligo/skymap/postprocess/crossmatch.py:459: RuntimeWarning: invalid value encountered in subtract
  contour_dists = (hi - lo).tolist()
/hildafs/projects/phy220048p/tcabrera/bbhagn/mycode/ligo.skymap/ligo/skymap/postprocess/crossmatch.py:459: RuntimeWarning: invalid value encountered in subtract
  contour_dists = (hi - lo).tolist()
/hildafs/projects/phy220048p/tcabrera/bbhagn/mycode/ligo.skymap/ligo/skymap/postprocess/crossmatch.py:459: RuntimeWarning: invalid value encountered in subtract
  contour_dists = (hi - lo).tolist()
/hildafs/projects/phy220048p/tcabrera/bbhagn/mycode/ligo.skymap/ligo/skymap/postprocess/crossmatch.py:459: RuntimeWarning: invalid value encountered in subtract
  contour_dists = (hi - lo).tolist()
/hildafs/projects/phy220048p/tcabrera/bbhagn/mycode/ligo.skymap/ligo/skymap/postprocess/crossmatch.py:459: RuntimeWarning: invalid value encountered in subtract
  contour_dists = (hi - lo).tolist()
/hildafs/projects/phy220048p/tcabrera/bbhagn/mycode/ligo.skymap/ligo/skymap/postprocess/crossmatch.py:459: RuntimeWarning: invalid value encountered in subtract
  contour_dists = (hi - lo).tolist()
/hildafs/projects/phy220048p/tcabrera/bbhagn/mycode/ligo.skymap/ligo/skymap/postprocess/crossmatch.py:459: RuntimeWarning: invalid value encountered in subtract
  contour_dists = (hi - lo).tolist()
/hildafs/projects/phy220048p/tcabrera/bbhagn/mycode/ligo.skymap/ligo/skymap/postprocess/crossmatch.py:459: RuntimeWarning: invalid value encountered in subtract
  contour_dists = (hi - lo).tolist()
/hildafs/projects/phy220048p/tcabrera/bbhagn/mycode/ligo.skymap/ligo/skymap/postprocess/crossmatch.py:459: RuntimeWarning: invalid value encountered in subtract
  contour_dists = (hi - lo).tolist()
Calculating signal and background arrays...
GW 0 has 1 coincident flares
WARNING: UnitsWarning: 'pct' did not parse as fits unit: At col 0, Unit 'pct' not supported by the FITS standard. Did you mean PC, PT, cT, ct, pC, pT or pc? If this is meant to be a custom unit, define it with 'u.def_unit'. To have it recognized inside a file reader or other code, enable it with 'u.add_enabled_units'. For details, see https://docs.astropy.org/en/latest/units/combining_and_defining.html [astropy.units.core]
GW 1 has 1 coincident flares
GW 2 has 0 coincident flares
GW 3 has 0 coincident flares
GW 4 has 0 coincident flares
GW 5 has 3 coincident flares
GW 6 has 1 coincident flares
GW 7 has 0 coincident flares
GW 8 has 0 coincident flares
GW 9 has 0 coincident flares
GW 10 has 0 coincident flares
GW 11 has 0 coincident flares
GW 12 has 0 coincident flares
GW 13 has 0 coincident flares
GW 14 has 0 coincident flares
GW 15 has 0 coincident flares
GW 16 has 4 coincident flares
GW 17 has 0 coincident flares
GW 18 has 3 coincident flares
GW 19 has 0 coincident flares
GW 20 has 0 coincident flares
GW 21 has 1 coincident flares
GW 22 has 0 coincident flares
GW 23 has 1 coincident flares
GW 24 has 1 coincident flares
GW 25 has 0 coincident flares
GW 26 has 0 coincident flares
GW 27 has 0 coincident flares
GW 28 has 3 coincident flares
GW 29 has 1 coincident flares
GW 30 has 0 coincident flares
GW 31 has 0 coincident flares
GW 32 has 1 coincident flares
GW 33 has 1 coincident flares
GW 34 has 5 coincident flares
GW 35 has 0 coincident flares
GW 36 has 0 coincident flares
GW 37 has 2 coincident flares
GW 38 has 0 coincident flares
GW 39 has 2 coincident flares
GW 40 has 0 coincident flares
GW 41 has 1 coincident flares
GW 42 has 3 coincident flares
GW 43 has 4 coincident flares
GW 44 has 0 coincident flares
GW 45 has 1 coincident flares
GW 46 has 2 coincident flares
GW 47 has 0 coincident flares
GW 48 has 0 coincident flares
GW 49 has 0 coincident flares
GW 50 has 2 coincident flares
GW 51 has 0 coincident flares
GW 52 has 0 coincident flares
GW 53 has 0 coincident flares
GW 54 has 3 coincident flares
GW 55 has 1 coincident flares
GW 56 has 0 coincident flares
GW 57 has 0 coincident flares
GW 58 has 1 coincident flares
GW 59 has 0 coincident flares
GW 60 has 2 coincident flares
GW 61 has 1 coincident flares
GW 62 has 1 coincident flares
GW 63 has 1 coincident flares
GW 64 has 3 coincident flares
GW 65 has 0 coincident flares
GW 66 has 1 coincident flares
GW 67 has 1 coincident flares
GW 68 has 3 coincident flares
GW 69 has 0 coincident flares
GW 70 has 1 coincident flares
GW 71 has 0 coincident flares
GW 72 has 0 coincident flares
GW 73 has 5 coincident flares
GW 74 has 3 coincident flares
GW 75 has 0 coincident flares
GW 76 has 1 coincident flares
GW 77 has 4 coincident flares
GW 78 has 3 coincident flares
GW 79 has 41 coincident flares
GW 80 has 0 coincident flares
GW 81 has 1 coincident flares
GW 82 has 34 coincident flares
******************** MCMC ********************
/hildafs/projects/phy220048p/tcabrera/bbhagn/bbhagn/utils/inference.py:134: RuntimeWarning: All-NaN slice encountered
  max_n_agn = np.nanmax([np.nanmax(n) for n in n_agns if len(n) > 0])
/hildafs/projects/phy220048p/tcabrera/bbhagn/bbhagn/utils/inference.py:134: RuntimeWarning: All-NaN slice encountered
  max_n_agn = np.nanmax([np.nanmax(n) for n in n_agns if len(n) > 0])
/hildafs/projects/phy220048p/tcabrera/bbhagn/bbhagn/utils/inference.py:134: RuntimeWarning: All-NaN slice encountered
  max_n_agn = np.nanmax([np.nanmax(n) for n in n_agns if len(n) > 0])
/hildafs/projects/phy220048p/tcabrera/bbhagn/bbhagn/utils/inference.py:134: RuntimeWarning: All-NaN slice encountered
  max_n_agn = np.nanmax([np.nanmax(n) for n in n_agns if len(n) > 0])
/hildafs/projects/phy220048p/tcabrera/bbhagn/bbhagn/utils/inference.py:163: RuntimeWarning: All-NaN slice encountered
  np.nanmax(n_flares_bgs_i),
/hildafs/projects/phy220048p/tcabrera/bbhagn/bbhagn/utils/inference.py:134: RuntimeWarning: All-NaN slice encountered
  max_n_agn = np.nanmax([np.nanmax(n) for n in n_agns if len(n) > 0])
/hildafs/projects/phy220048p/tcabrera/bbhagn/bbhagn/utils/inference.py:163: RuntimeWarning: All-NaN slice encountered
  np.nanmax(n_flares_bgs_i),
/hildafs/projects/phy220048p/tcabrera/bbhagn/bbhagn/utils/inference.py:163: RuntimeWarning: All-NaN slice encountered
  np.nanmax(n_flares_bgs_i),
/hildafs/projects/phy220048p/tcabrera/bbhagn/bbhagn/utils/inference.py:134: RuntimeWarning: All-NaN slice encountered
  max_n_agn = np.nanmax([np.nanmax(n) for n in n_agns if len(n) > 0])
/hildafs/projects/phy220048p/tcabrera/bbhagn/bbhagn/utils/inference.py:163: RuntimeWarning: All-NaN slice encountered
  np.nanmax(n_flares_bgs_i),
/hildafs/projects/phy220048p/tcabrera/bbhagn/bbhagn/utils/inference.py:134: RuntimeWarning: All-NaN slice encountered
  max_n_agn = np.nanmax([np.nanmax(n) for n in n_agns if len(n) > 0])
/hildafs/projects/phy220048p/tcabrera/bbhagn/bbhagn/utils/inference.py:163: RuntimeWarning: All-NaN slice encountered
  np.nanmax(n_flares_bgs_i),
/hildafs/projects/phy220048p/tcabrera/bbhagn/bbhagn/utils/inference.py:134: RuntimeWarning: All-NaN slice encountered
  max_n_agn = np.nanmax([np.nanmax(n) for n in n_agns if len(n) > 0])
/hildafs/projects/phy220048p/tcabrera/bbhagn/bbhagn/utils/inference.py:134: RuntimeWarning: All-NaN slice encountered
  max_n_agn = np.nanmax([np.nanmax(n) for n in n_agns if len(n) > 0])
/hildafs/projects/phy220048p/tcabrera/bbhagn/bbhagn/utils/inference.py:134: RuntimeWarning: All-NaN slice encountered
  max_n_agn = np.nanmax([np.nanmax(n) for n in n_agns if len(n) > 0])
/hildafs/projects/phy220048p/tcabrera/bbhagn/bbhagn/utils/inference.py:134: RuntimeWarning: All-NaN slice encountered
  max_n_agn = np.nanmax([np.nanmax(n) for n in n_agns if len(n) > 0])
/hildafs/projects/phy220048p/tcabrera/bbhagn/bbhagn/utils/inference.py:163: RuntimeWarning: All-NaN slice encountered
  np.nanmax(n_flares_bgs_i),
/hildafs/projects/phy220048p/tcabrera/bbhagn/bbhagn/utils/inference.py:134: RuntimeWarning: All-NaN slice encountered
  max_n_agn = np.nanmax([np.nanmax(n) for n in n_agns if len(n) > 0])
/hildafs/projects/phy220048p/tcabrera/bbhagn/bbhagn/utils/inference.py:134: RuntimeWarning: All-NaN slice encountered
  max_n_agn = np.nanmax([np.nanmax(n) for n in n_agns if len(n) > 0])
/hildafs/projects/phy220048p/tcabrera/bbhagn/bbhagn/utils/inference.py:163: RuntimeWarning: All-NaN slice encountered
  np.nanmax(n_flares_bgs_i),
/hildafs/projects/phy220048p/tcabrera/bbhagn/bbhagn/utils/inference.py:163: RuntimeWarning: All-NaN slice encountered
  np.nanmax(n_flares_bgs_i),
/hildafs/projects/phy220048p/tcabrera/bbhagn/bbhagn/utils/inference.py:134: RuntimeWarning: All-NaN slice encountered
  max_n_agn = np.nanmax([np.nanmax(n) for n in n_agns if len(n) > 0])
/hildafs/projects/phy220048p/tcabrera/bbhagn/bbhagn/utils/inference.py:163: RuntimeWarning: All-NaN slice encountered
  np.nanmax(n_flares_bgs_i),
/hildafs/projects/phy220048p/tcabrera/bbhagn/bbhagn/utils/inference.py:134: RuntimeWarning: All-NaN slice encountered
  max_n_agn = np.nanmax([np.nanmax(n) for n in n_agns if len(n) > 0])
/hildafs/projects/phy220048p/tcabrera/bbhagn/bbhagn/utils/inference.py:134: RuntimeWarning: All-NaN slice encountered
  max_n_agn = np.nanmax([np.nanmax(n) for n in n_agns if len(n) > 0])
/hildafs/projects/phy220048p/tcabrera/bbhagn/bbhagn/utils/inference.py:134: RuntimeWarning: All-NaN slice encountered
  max_n_agn = np.nanmax([np.nanmax(n) for n in n_agns if len(n) > 0])
/hildafs/projects/phy220048p/tcabrera/bbhagn/bbhagn/utils/inference.py:134: RuntimeWarning: All-NaN slice encountered
  max_n_agn = np.nanmax([np.nanmax(n) for n in n_agns if len(n) > 0])
/hildafs/projects/phy220048p/tcabrera/bbhagn/bbhagn/utils/inference.py:163: RuntimeWarning: All-NaN slice encountered
  np.nanmax(n_flares_bgs_i),
/hildafs/projects/phy220048p/tcabrera/bbhagn/bbhagn/utils/inference.py:163: RuntimeWarning: All-NaN slice encountered
  np.nanmax(n_flares_bgs_i),
/hildafs/projects/phy220048p/tcabrera/bbhagn/bbhagn/utils/inference.py:163: RuntimeWarning: All-NaN slice encountered
  np.nanmax(n_flares_bgs_i),
/hildafs/projects/phy220048p/tcabrera/bbhagn/bbhagn/utils/inference.py:134: RuntimeWarning: All-NaN slice encountered
  max_n_agn = np.nanmax([np.nanmax(n) for n in n_agns if len(n) > 0])
/hildafs/projects/phy220048p/tcabrera/bbhagn/bbhagn/utils/inference.py:163: RuntimeWarning: All-NaN slice encountered
  np.nanmax(n_flares_bgs_i),
/hildafs/projects/phy220048p/tcabrera/bbhagn/bbhagn/utils/inference.py:163: RuntimeWarning: All-NaN slice encountered
  np.nanmax(n_flares_bgs_i),
/hildafs/projects/phy220048p/tcabrera/bbhagn/bbhagn/utils/inference.py:163: RuntimeWarning: All-NaN slice encountered
  np.nanmax(n_flares_bgs_i),
/hildafs/projects/phy220048p/tcabrera/bbhagn/bbhagn/utils/inference.py:163: RuntimeWarning: All-NaN slice encountered
  np.nanmax(n_flares_bgs_i),
/hildafs/projects/phy220048p/tcabrera/bbhagn/bbhagn/utils/inference.py:134: RuntimeWarning: All-NaN slice encountered
  max_n_agn = np.nanmax([np.nanmax(n) for n in n_agns if len(n) > 0])
/hildafs/projects/phy220048p/tcabrera/bbhagn/bbhagn/utils/inference.py:134: RuntimeWarning: All-NaN slice encountered
  max_n_agn = np.nanmax([np.nanmax(n) for n in n_agns if len(n) > 0])
/hildafs/projects/phy220048p/tcabrera/bbhagn/bbhagn/utils/inference.py:163: RuntimeWarning: All-NaN slice encountered
  np.nanmax(n_flares_bgs_i),
/hildafs/projects/phy220048p/tcabrera/bbhagn/bbhagn/utils/inference.py:163: RuntimeWarning: All-NaN slice encountered
  np.nanmax(n_flares_bgs_i),
/hildafs/projects/phy220048p/tcabrera/bbhagn/bbhagn/utils/inference.py:163: RuntimeWarning: All-NaN slice encountered
  np.nanmax(n_flares_bgs_i),
/hildafs/projects/phy220048p/tcabrera/bbhagn/bbhagn/utils/inference.py:134: RuntimeWarning: All-NaN slice encountered
  max_n_agn = np.nanmax([np.nanmax(n) for n in n_agns if len(n) > 0])
/hildafs/projects/phy220048p/tcabrera/bbhagn/bbhagn/utils/inference.py:134: RuntimeWarning: All-NaN slice encountered
  max_n_agn = np.nanmax([np.nanmax(n) for n in n_agns if len(n) > 0])
/hildafs/projects/phy220048p/tcabrera/bbhagn/bbhagn/utils/inference.py:134: RuntimeWarning: All-NaN slice encountered
  max_n_agn = np.nanmax([np.nanmax(n) for n in n_agns if len(n) > 0])
/hildafs/projects/phy220048p/tcabrera/bbhagn/bbhagn/utils/inference.py:163: RuntimeWarning: All-NaN slice encountered
  np.nanmax(n_flares_bgs_i),
/hildafs/projects/phy220048p/tcabrera/bbhagn/bbhagn/utils/inference.py:134: RuntimeWarning: All-NaN slice encountered
  max_n_agn = np.nanmax([np.nanmax(n) for n in n_agns if len(n) > 0])
/hildafs/projects/phy220048p/tcabrera/bbhagn/bbhagn/utils/inference.py:134: RuntimeWarning: All-NaN slice encountered
  max_n_agn = np.nanmax([np.nanmax(n) for n in n_agns if len(n) > 0])
/hildafs/projects/phy220048p/tcabrera/bbhagn/bbhagn/utils/inference.py:134: RuntimeWarning: All-NaN slice encountered
  max_n_agn = np.nanmax([np.nanmax(n) for n in n_agns if len(n) > 0])
/hildafs/projects/phy220048p/tcabrera/bbhagn/bbhagn/utils/inference.py:163: RuntimeWarning: All-NaN slice encountered
  np.nanmax(n_flares_bgs_i),
/hildafs/projects/phy220048p/tcabrera/bbhagn/bbhagn/utils/inference.py:163: RuntimeWarning: All-NaN slice encountered
  np.nanmax(n_flares_bgs_i),
/hildafs/projects/phy220048p/tcabrera/bbhagn/bbhagn/utils/inference.py:134: RuntimeWarning: All-NaN slice encountered
  max_n_agn = np.nanmax([np.nanmax(n) for n in n_agns if len(n) > 0])
/hildafs/projects/phy220048p/tcabrera/bbhagn/bbhagn/utils/inference.py:134: RuntimeWarning: All-NaN slice encountered
  max_n_agn = np.nanmax([np.nanmax(n) for n in n_agns if len(n) > 0])
/hildafs/projects/phy220048p/tcabrera/bbhagn/bbhagn/utils/inference.py:134: RuntimeWarning: All-NaN slice encountered
  max_n_agn = np.nanmax([np.nanmax(n) for n in n_agns if len(n) > 0])
/hildafs/projects/phy220048p/tcabrera/bbhagn/bbhagn/utils/inference.py:163: RuntimeWarning: All-NaN slice encountered
  np.nanmax(n_flares_bgs_i),
/hildafs/projects/phy220048p/tcabrera/bbhagn/bbhagn/utils/inference.py:134: RuntimeWarning: All-NaN slice encountered
  max_n_agn = np.nanmax([np.nanmax(n) for n in n_agns if len(n) > 0])
/hildafs/projects/phy220048p/tcabrera/bbhagn/bbhagn/utils/inference.py:163: RuntimeWarning: All-NaN slice encountered
  np.nanmax(n_flares_bgs_i),
/hildafs/projects/phy220048p/tcabrera/bbhagn/bbhagn/utils/inference.py:163: RuntimeWarning: All-NaN slice encountered
  np.nanmax(n_flares_bgs_i),
/hildafs/projects/phy220048p/tcabrera/bbhagn/bbhagn/utils/inference.py:163: RuntimeWarning: All-NaN slice encountered
  np.nanmax(n_flares_bgs_i),
/hildafs/projects/phy220048p/tcabrera/bbhagn/bbhagn/utils/inference.py:163: RuntimeWarning: All-NaN slice encountered
  np.nanmax(n_flares_bgs_i),
/hildafs/projects/phy220048p/tcabrera/bbhagn/bbhagn/utils/inference.py:163: RuntimeWarning: All-NaN slice encountered
  np.nanmax(n_flares_bgs_i),
/hildafs/projects/phy220048p/tcabrera/bbhagn/bbhagn/utils/inference.py:163: RuntimeWarning: All-NaN slice encountered
  np.nanmax(n_flares_bgs_i),
/hildafs/projects/phy220048p/tcabrera/bbhagn/bbhagn/utils/inference.py:163: RuntimeWarning: All-NaN slice encountered
  np.nanmax(n_flares_bgs_i),
/hildafs/projects/phy220048p/tcabrera/bbhagn/bbhagn/utils/inference.py:163: RuntimeWarning: All-NaN slice encountered
  np.nanmax(n_flares_bgs_i),
Traceback (most recent call last):
  File "/hildafs/projects/phy220048p/tcabrera/bbhagn/bbhagn/Posterior_inference_lambda_O3/Posterior_inference_lambda_O3.py", line 215, in <module>
    sampler.run_mcmc(*mcmc_args, **mcmc_kwargs)
  File "/hildafs/projects/phy200025p/tcabrera/.conda/envs/bbhagn/lib/python3.11/site-packages/emcee/ensemble.py", line 450, in run_mcmc
    for results in self.sample(initial_state, iterations=nsteps, **kwargs):
  File "/hildafs/projects/phy200025p/tcabrera/.conda/envs/bbhagn/lib/python3.11/site-packages/emcee/ensemble.py", line 351, in sample
    state.log_prob, state.blobs = self.compute_log_prob(state.coords)
                                  ^^^^^^^^^^^^^^^^^^^^^^^^^^^^^^^^^^^
  File "/hildafs/projects/phy200025p/tcabrera/.conda/envs/bbhagn/lib/python3.11/site-packages/emcee/ensemble.py", line 551, in compute_log_prob
    raise ValueError("Probability function returned NaN")
ValueError: Probability function returned NaN
