Copying custom data for GW200105_162426
******************** Initializing ********************
******************** Preparing inputs ********************
Setting up science...

 J124942.30+344928.9
g 2.12e-06
r 2.12e-06

 J183412.42+365655.3
g 2.12e-06
r 2.12e-06

 J181719.94+541910.0
g 2.12e-06
r 2.12e-06

 J224333.95+760619.2
g 2.12e-06
r 2.12e-06

 J120437.98+500024.0
g 2.12e-06
r 2.12e-06

 J154342.46+461233.4
g 2.12e-06
r 2.12e-06
Using 54/83 GWs with 0.0 <= mass_1_source < 40.0...
******************************
Index 0
******************************
Index 1
******************************
Index 2
******************************
Index 5
******************************
Index 6
******************************
Index 7
******************************
Index 9
******************************
Index 10
******************************
Index 12
******************************
Index 16
******************************
Index 19
******************************
Index 22
******************************
Index 24
******************************
Index 23
******************************
******************************
Index 25
Index 26
******************************
Index 27
******************************
Index 29
******************************
Index 30
******************************
Index 31
******************************
Index 32
******************************
Index 35
******************************
Index 36
******************************
Index 41
******************************
Index 44
******************************
Index 33
******************************
Index 38
GW190412
Loading skymap...
GW190408_181802
Loading skymap...
******************************
Index 48
******************************
Index 47
GW190413_052954
Loading skymap...
GW190424_180648
Loading skymap...
GW190512_180714
Loading skymap...
GW190426_152155
Loading skymap...
GW190425
Loading skymap...
******************************
Index 45
GW190708_232457
Loading skymap...
GW190513_205428
Loading skymap...
GW190727_060333
Loading skymap...
GW190803_022701
Loading skymap...
GW190719_215514
Loading skymap...
GW190828_063405
Loading skymap...
GW190828_065509
Loading skymap...
GW190814
Loading skymap...
******************************
Index 51
******************************
Index 50
GW190924_021846
Loading skymap...
GW190707_093326
Loading skymap...
GW190720_000836
Loading skymap...
GW190725_174728
Loading skymap...
GW190909_114149
Loading skymap...
GW190630_185205
Loading skymap...
GW190915_235702
Loading skymap...
GW190728_064510
Loading skymap...
GW191105_143521
Loading skymap...
GW190527_092055
Loading skymap...
GW190930_133541
Loading skymap...
GW191113_071753
Loading skymap...
GW191103_012549
Loading skymap...
GW190917_114630
Loading skymap...
GW190517_055101
Loading skymap...
GW190925_232845
Loading skymap...
Loading flares...
Loading flares...
Loading flares...
Loading flares...Loading flares...

GW191126_115259
Loading skymap...
Loading flares...
Loading flares...
Loading flares...
Loading flares...
Loading flares...Loading flares...

Loading flares...
Loading flares...
Loading flares...
Loading flares...
Loading flares...
Loading flares...
Loading flares...
Loading flares...
Loading flares...
Loading flares...
Loading flares...
Loading flares...
Loading flares...
Loading flares...
Loading flares...
Loading flares...
Loading flares...
Loading flares...
Loading flares...
Loading flares...
Loading flares...
GW190814_C01:SEOBNRv4PHM.fits [1. 1. 1. 1. 1. 1.] [1.00001974 1.00001974 1.00001974 1.00001974 1.00001974 1.00001974]
GW190814 Series([], Name: flarename, dtype: object)
Calculating background rate...
GW190719_215514_C01:NRSur7dq4.fits [1.         1.         0.99997937 1.         0.97196179 1.        ] [0.99997651 0.99997651 0.99948793 0.99997651 0.93526753 0.99997651]
GW190719_215514 Series([], Name: flarename, dtype: object)
Calculating background rate...
GW190527_092055_C01:NRSur7dq4.fits [1. 1. 1. 1. 1. 1.] [0.97719013 0.97719013 0.97719013 0.97719013 0.97719013 0.97719013]
GW190527_092055 Series([], Name: flarename, dtype: object)
Calculating background rate...
GW190828_063405_C01:NRSur7dq4.fits [1. 1. 1. 1. 1. 1.] [1.00000414 1.00000414 1.00000414 1.00000414 1.00000414 1.00000414]
IGWN-GWTC3p0-v1-GW191105_143521_PEDataRelease_cosmo_reweight_C01:IMRPhenomXPHM.fits [1. 1. 1. 1. 1. 1.] [0.99992766 0.99992766 0.99992766 0.99992766 0.99992766 0.99992766]
GW190828_063405 Series([], Name: flarename, dtype: object)
Calculating background rate...
GW191105_143521 Series([], Name: flarename, dtype: object)
Calculating background rate...
GW190728_064510_C01:SEOBNRv4PHM.fits [1. 1. 1. 1. 1. 1.] [1.00000368 1.00000368 1.00000368 1.00000368 1.00000368 1.00000368]
GW190728_064510 Series([], Name: flarename, dtype: object)
Calculating background rate...
GW190413_052954_C01:NRSur7dq4.fits [1.         1.         1.         0.99999265 1.         1.        ] [0.9994774  0.9994774  0.9994774  0.99941731 0.9994774  0.9994774 ]
GW190413_052954 Series([], Name: flarename, dtype: object)
Calculating background rate...
IGWN-GWTC2p1-v2-GW190725_174728_PEDataRelease_cosmo_reweight_C01:IMRPhenomXPHM.fits [1. 1. 1. 1. 1. 1.] [1.00000367 1.00000367 1.00000367 1.00000367 1.00000367 1.00000367]
GW190725_174728 Series([], Name: flarename, dtype: object)
Calculating background rate...
GW190517_055101_C01:NRSur7dq4.fits [1. 1. 1. 1. 1. 1.] [0.9995076 0.9995076 0.9995076 0.9995076 0.9995076 0.9995076]
GW190517_055101 Series([], Name: flarename, dtype: object)
Calculating background rate...
GW190424_180648_C01:NRSur7dq4.fits [0.92939801 0.97749529 0.91042858 0.6620447  0.99934317 0.76037396] [0.97291858 0.99774612 0.45302565 0.15788488 0.99691295 0.99870229]
GW190424_180648 2    J181719.94+541910.0
3    J224333.95+760619.2
Name: flarename, dtype: object
Calculating background rate...
GW190512_180714_C01:SEOBNRv4PHM.fits [1.         1.         1.         0.99973592 1.         0.99999465] [0.99968953 0.99968953 0.99968953 0.99968368 0.99968953 0.99968953]
GW190512_180714 Series([], Name: flarename, dtype: object)
Calculating background rate...
GW190924_021846_C01:SEOBNRv4PHM.fits [1.         1.         1.         1.         1.         0.99957861] [1.0000042 1.0000042 1.0000042 1.0000042 1.0000042 1.0000042]
GW190924_021846 Series([], Name: flarename, dtype: object)
Calculating background rate...
GW190727_060333_C01:NRSur7dq4.fits [1. 1. 1. 1. 1. 1.] [0.9995585 0.9995585 0.9995585 0.9995585 0.9995585 0.9995585]
GW190707_093326_C01:SEOBNRv4PHM.fits [1. 1. 1. 1. 1. 1.] [0.99999114 0.99999114 0.99999114 0.99999114 0.99999114 0.99999114]
GW190727_060333 Series([], Name: flarename, dtype: object)
GW190707_093326 Series([], Name: flarename, dtype: object)
Calculating background rate...
Calculating background rate...
GW190630_185205_C01:NRSur7dq4.fits [0.99866861 0.99392935 0.99764235 0.9824664  0.98665561 0.99999066] [0.99980615 0.99980615 0.99980615 0.99980615 0.99980615 0.99980615]
GW190630_185205 Series([], Name: flarename, dtype: object)
Calculating background rate...
IGWN-GWTC3p0-v1-GW191126_115259_PEDataRelease_cosmo_reweight_C01:IMRPhenomXPHM.fits [1.         0.99970722 0.98323207 1.         0.99999846 1.        ] [0.99998999 0.99998999 0.99823095 0.99998999 0.99998999 0.99998999]
GW191126_115259 Series([], Name: flarename, dtype: object)
Calculating background rate...
GW190803_022701_C01:NRSur7dq4.fits [0.82775753 1.         1.         1.         0.37205421 1.        ] [0.81047796 0.99999519 0.99999519 0.99999519 0.47819468 0.99999519]
GW190909_114149_C01:SEOBNRv4PHM.fits [0.91145388 1.         1.         1.         0.70847245 1.        ] [0.72036871 0.99894957 0.99894957 0.99894957 0.05998016 0.99894957]
GW190803_022701 GW190909_114149 4    J120437.98+500024.0
Name: flarename, dtype: object
4    J120437.98+500024.0
Name: flarename, dtype: object
Calculating background rate...
Calculating background rate...
GW190828_065509_C01:SEOBNRv4PHM.fits [1. 1. 1. 1. 1. 1.] [0.999999 0.999999 0.999999 0.999999 0.999999 0.999999]
GW190828_065509 Series([], Name: flarename, dtype: object)
Calculating background rate...
GW190513_205428_C01:NRSur7dq4.fits [1. 1. 1. 1. 1. 1.] [0.99996478 0.99996478 0.99996478 0.99996478 0.99996478 0.99996478]
GW190513_205428 Series([], Name: flarename, dtype: object)
Calculating background rate...
IGWN-GWTC2p1-v2-GW190917_114630_PEDataRelease_cosmo_reweight_C01:IMRPhenomXPHM.fits [1.         1.         1.         1.         0.99998478 1.        ] [0.99996246 0.99996246 0.99996246 0.99996246 0.99996246 0.99996246]
GW190917_114630 Series([], Name: flarename, dtype: object)
Calculating background rate...
GW190915_235702_C01:SEOBNRv4PHM.fits [0.25042282 1.         1.         1.         1.         1.        ] [0.80671688 1.00000306 1.00000306 1.00000306 1.00000306 1.00000306]
GW190915_235702 Series([], Name: flarename, dtype: object)
Calculating background rate...
IGWN-GWTC3p0-v1-GW191113_071753_PEDataRelease_cosmo_reweight_C01:IMRPhenomXPHM.fits [1.         0.9999997  1.         0.99986995 1.         1.        ] [0.9943173 0.9943173 0.9943173 0.9943173 0.9943173 0.9943173]
GW191113_071753 Series([], Name: flarename, dtype: object)
Calculating background rate...
GW190426_152155_C01:SEOBNRv4PHM.fits [1.         1.         0.99999916 0.88267675 0.99999214 1.        ] [0.99931524 0.99931524 0.99931524 0.99931524 0.99931524 0.99931524]
GW190426_152155 Series([], Name: flarename, dtype: object)
Calculating background rate...
GW190720_000836_C01:SEOBNRv4PHM.fits [1.         0.99999974 1.         1.         1.         0.94256521] [0.9999837  0.9999837  0.9999837  0.9999837  0.9999837  0.99998345]
IGWN-GWTC3p0-v1-GW191103_012549_PEDataRelease_cosmo_reweight_C01:IMRPhenomXPHM.fits [0.99999997 0.99740238 0.72934254 0.99999662 0.99999998 1.        ] [1.0000023  0.99986889 0.76450008 1.0000023  1.0000023  1.0000023 ]
GW191103_012549 GW190720_000836 Series([], Name: flarename, dtype: object)Series([], Name: flarename, dtype: object)

Calculating background rate...Calculating background rate...

GW190412_C01:SEOBNRv4PHM.fits [1. 1. 1. 1. 1. 1.] [1.0000031 1.0000031 1.0000031 1.0000031 1.0000031 1.0000031]
GW190412 Series([], Name: flarename, dtype: object)
GW190930_133541_C01:SEOBNRv4PHM.fits Calculating background rate...
[1.         1.         1.         0.99599066 1.         1.        ] [1.00000258 1.00000258 1.00000258 1.00000258 1.00000258 1.00000258]
GW190930_133541 GW190408_181802_C01:SEOBNRv4PHM.fits Series([], Name: flarename, dtype: object)
[1. 1. 1. 1. 1. 1.] [1.0000035 1.0000035 1.0000035 1.0000035 1.0000035 1.0000035]
Calculating background rate...
GW190408_181802 Series([], Name: flarename, dtype: object)
Calculating background rate...
IGWN-GWTC2p1-v2-GW190925_232845_PEDataRelease_cosmo_reweight_C01:IMRPhenomXPHM.fits [0.98623619 0.99407595 0.99463905 0.99997958 0.99208031 0.99761512] [0.99926882 0.99908154 0.99418746 0.99949343 0.99910917 0.99950231]
GW190925_232845 Series([], Name: flarename, dtype: object)
Calculating background rate...
GW190708_232457_C01:SEOBNRv4PHM.fits [0.74014009 1.         0.99846234 0.99999966 0.4222093  0.9581921 ] [0.9999232  0.99992321 0.99992321 0.99992321 0.99992131 0.99992321]
GW190708_232457 Series([], Name: flarename, dtype: object)
Calculating background rate...
GW190425_C01:SEOBNRv4T_surrogate_HS.fits [0.6957723  0.95122136 0.98141634 0.99123819 0.84985929 0.70554328] [1.00005862 1.00005862 1.00005862 1.00005862 1.00005862 1.00005862]
GW190425 Series([], Name: flarename, dtype: object)
Calculating background rate...
WARNING: UnitsWarning: 'pct' did not parse as fits unit: At col 0, Unit 'pct' not supported by the FITS standard. Did you mean PC, PT, cT, ct, pC, pT or pc? If this is meant to be a custom unit, define it with 'u.def_unit'. To have it recognized inside a file reader or other code, enable it with 'u.add_enabled_units'. For details, see https://docs.astropy.org/en/latest/units/combining_and_defining.html [astropy.units.core]
WARNING: UnitsWarning: 'pct' did not parse as fits unit: At col 0, Unit 'pct' not supported by the FITS standard. Did you mean PC, PT, cT, ct, pC, pT or pc? If this is meant to be a custom unit, define it with 'u.def_unit'. To have it recognized inside a file reader or other code, enable it with 'u.add_enabled_units'. For details, see https://docs.astropy.org/en/latest/units/combining_and_defining.html [astropy.units.core]
WARNING: UnitsWarning: 'pct' did not parse as fits unit: At col 0, Unit 'pct' not supported by the FITS standard. Did you mean PC, PT, cT, ct, pC, pT or pc? If this is meant to be a custom unit, define it with 'u.def_unit'. To have it recognized inside a file reader or other code, enable it with 'u.add_enabled_units'. For details, see https://docs.astropy.org/en/latest/units/combining_and_defining.html [astropy.units.core]
WARNING: UnitsWarning: 'pct' did not parse as fits unit: At col 0, Unit 'pct' not supported by the FITS standard. Did you mean PC, PT, cT, ct, pC, pT or pc? If this is meant to be a custom unit, define it with 'u.def_unit'. To have it recognized inside a file reader or other code, enable it with 'u.add_enabled_units'. For details, see https://docs.astropy.org/en/latest/units/combining_and_defining.html [astropy.units.core]
WARNING: UnitsWarning: 'pct' did not parse as fits unit: At col 0, Unit 'pct' not supported by the FITS standard. Did you mean PC, PT, cT, ct, pC, pT or pc? If this is meant to be a custom unit, define it with 'u.def_unit'. To have it recognized inside a file reader or other code, enable it with 'u.add_enabled_units'. For details, see https://docs.astropy.org/en/latest/units/combining_and_defining.html [astropy.units.core]
WARNING: UnitsWarning: 'pct' did not parse as fits unit: At col 0, Unit 'pct' not supported by the FITS standard. Did you mean PC, PT, cT, ct, pC, pT or pc? If this is meant to be a custom unit, define it with 'u.def_unit'. To have it recognized inside a file reader or other code, enable it with 'u.add_enabled_units'. For details, see https://docs.astropy.org/en/latest/units/combining_and_defining.html [astropy.units.core]
WARNING: UnitsWarning: 'pct' did not parse as fits unit: At col 0, Unit 'pct' not supported by the FITS standard. Did you mean PC, PT, cT, ct, pC, pT or pc? If this is meant to be a custom unit, define it with 'u.def_unit'. To have it recognized inside a file reader or other code, enable it with 'u.add_enabled_units'. For details, see https://docs.astropy.org/en/latest/units/combining_and_defining.html [astropy.units.core]
WARNING: UnitsWarning: 'pct' did not parse as fits unit: At col 0, Unit 'pct' not supported by the FITS standard. Did you mean PC, PT, cT, ct, pC, pT or pc? If this is meant to be a custom unit, define it with 'u.def_unit'. To have it recognized inside a file reader or other code, enable it with 'u.add_enabled_units'. For details, see https://docs.astropy.org/en/latest/units/combining_and_defining.html [astropy.units.core]
WARNING: UnitsWarning: 'pct' did not parse as fits unit: At col 0, Unit 'pct' not supported by the FITS standard. Did you mean PC, PT, cT, ct, pC, pT or pc? If this is meant to be a custom unit, define it with 'u.def_unit'. To have it recognized inside a file reader or other code, enable it with 'u.add_enabled_units'. For details, see https://docs.astropy.org/en/latest/units/combining_and_defining.html [astropy.units.core]
WARNING: UnitsWarning: 'pct' did not parse as fits unit: At col 0, Unit 'pct' not supported by the FITS standard. Did you mean PC, PT, cT, ct, pC, pT or pc? If this is meant to be a custom unit, define it with 'u.def_unit'. To have it recognized inside a file reader or other code, enable it with 'u.add_enabled_units'. For details, see https://docs.astropy.org/en/latest/units/combining_and_defining.html [astropy.units.core]
WARNING: UnitsWarning: 'pct' did not parse as fits unit: At col 0, Unit 'pct' not supported by the FITS standard. Did you mean PC, PT, cT, ct, pC, pT or pc? If this is meant to be a custom unit, define it with 'u.def_unit'. To have it recognized inside a file reader or other code, enable it with 'u.add_enabled_units'. For details, see https://docs.astropy.org/en/latest/units/combining_and_defining.html [astropy.units.core]
WARNING: UnitsWarning: 'pct' did not parse as fits unit: At col 0, Unit 'pct' not supported by the FITS standard. Did you mean PC, PT, cT, ct, pC, pT or pc? If this is meant to be a custom unit, define it with 'u.def_unit'. To have it recognized inside a file reader or other code, enable it with 'u.add_enabled_units'. For details, see https://docs.astropy.org/en/latest/units/combining_and_defining.html [astropy.units.core]
WARNING: UnitsWarning: 'pct' did not parse as fits unit: At col 0, Unit 'pct' not supported by the FITS standard. Did you mean PC, PT, cT, ct, pC, pT or pc? If this is meant to be a custom unit, define it with 'u.def_unit'. To have it recognized inside a file reader or other code, enable it with 'u.add_enabled_units'. For details, see https://docs.astropy.org/en/latest/units/combining_and_defining.html [astropy.units.core]
WARNING: UnitsWarning: 'pct' did not parse as fits unit: At col 0, Unit 'pct' not supported by the FITS standard. Did you mean PC, PT, cT, ct, pC, pT or pc? If this is meant to be a custom unit, define it with 'u.def_unit'. To have it recognized inside a file reader or other code, enable it with 'u.add_enabled_units'. For details, see https://docs.astropy.org/en/latest/units/combining_and_defining.html [astropy.units.core]
WARNING: UnitsWarning: 'pct' did not parse as fits unit: At col 0, Unit 'pct' not supported by the FITS standard. Did you mean PC, PT, cT, ct, pC, pT or pc? If this is meant to be a custom unit, define it with 'u.def_unit'. To have it recognized inside a file reader or other code, enable it with 'u.add_enabled_units'. For details, see https://docs.astropy.org/en/latest/units/combining_and_defining.html [astropy.units.core]
WARNING: UnitsWarning: 'pct' did not parse as fits unit: At col 0, Unit 'pct' not supported by the FITS standard. Did you mean PC, PT, cT, ct, pC, pT or pc? If this is meant to be a custom unit, define it with 'u.def_unit'. To have it recognized inside a file reader or other code, enable it with 'u.add_enabled_units'. For details, see https://docs.astropy.org/en/latest/units/combining_and_defining.html [astropy.units.core]
WARNING: UnitsWarning: 'pct' did not parse as fits unit: At col 0, Unit 'pct' not supported by the FITS standard. Did you mean PC, PT, cT, ct, pC, pT or pc? If this is meant to be a custom unit, define it with 'u.def_unit'. To have it recognized inside a file reader or other code, enable it with 'u.add_enabled_units'. For details, see https://docs.astropy.org/en/latest/units/combining_and_defining.html [astropy.units.core]
WARNING: UnitsWarning: 'pct' did not parse as fits unit: At col 0, Unit 'pct' not supported by the FITS standard. Did you mean PC, PT, cT, ct, pC, pT or pc? If this is meant to be a custom unit, define it with 'u.def_unit'. To have it recognized inside a file reader or other code, enable it with 'u.add_enabled_units'. For details, see https://docs.astropy.org/en/latest/units/combining_and_defining.html [astropy.units.core]
WARNING: UnitsWarning: 'pct' did not parse as fits unit: At col 0, Unit 'pct' not supported by the FITS standard. Did you mean PC, PT, cT, ct, pC, pT or pc? If this is meant to be a custom unit, define it with 'u.def_unit'. To have it recognized inside a file reader or other code, enable it with 'u.add_enabled_units'. For details, see https://docs.astropy.org/en/latest/units/combining_and_defining.html [astropy.units.core]
WARNING: UnitsWarning: 'pct' did not parse as fits unit: At col 0, Unit 'pct' not supported by the FITS standard. Did you mean PC, PT, cT, ct, pC, pT or pc? If this is meant to be a custom unit, define it with 'u.def_unit'. To have it recognized inside a file reader or other code, enable it with 'u.add_enabled_units'. For details, see https://docs.astropy.org/en/latest/units/combining_and_defining.html [astropy.units.core]
WARNING: UnitsWarning: 'pct' did not parse as fits unit: At col 0, Unit 'pct' not supported by the FITS standard. Did you mean PC, PT, cT, ct, pC, pT or pc? If this is meant to be a custom unit, define it with 'u.def_unit'. To have it recognized inside a file reader or other code, enable it with 'u.add_enabled_units'. For details, see https://docs.astropy.org/en/latest/units/combining_and_defining.html [astropy.units.core]
WARNING: UnitsWarning: 'pct' did not parse as fits unit: At col 0, Unit 'pct' not supported by the FITS standard. Did you mean PC, PT, cT, ct, pC, pT or pc? If this is meant to be a custom unit, define it with 'u.def_unit'. To have it recognized inside a file reader or other code, enable it with 'u.add_enabled_units'. For details, see https://docs.astropy.org/en/latest/units/combining_and_defining.html [astropy.units.core]
WARNING: UnitsWarning: 'pct' did not parse as fits unit: At col 0, Unit 'pct' not supported by the FITS standard. Did you mean PC, PT, cT, ct, pC, pT or pc? If this is meant to be a custom unit, define it with 'u.def_unit'. To have it recognized inside a file reader or other code, enable it with 'u.add_enabled_units'. For details, see https://docs.astropy.org/en/latest/units/combining_and_defining.html [astropy.units.core]
WARNING: UnitsWarning: 'pct' did not parse as fits unit: At col 0, Unit 'pct' not supported by the FITS standard. Did you mean PC, PT, cT, ct, pC, pT or pc? If this is meant to be a custom unit, define it with 'u.def_unit'. To have it recognized inside a file reader or other code, enable it with 'u.add_enabled_units'. For details, see https://docs.astropy.org/en/latest/units/combining_and_defining.html [astropy.units.core]
WARNING: UnitsWarning: 'pct' did not parse as fits unit: At col 0, Unit 'pct' not supported by the FITS standard. Did you mean PC, PT, cT, ct, pC, pT or pc? If this is meant to be a custom unit, define it with 'u.def_unit'. To have it recognized inside a file reader or other code, enable it with 'u.add_enabled_units'. For details, see https://docs.astropy.org/en/latest/units/combining_and_defining.html [astropy.units.core]
WARNING: UnitsWarning: 'pct' did not parse as fits unit: At col 0, Unit 'pct' not supported by the FITS standard. Did you mean PC, PT, cT, ct, pC, pT or pc? If this is meant to be a custom unit, define it with 'u.def_unit'. To have it recognized inside a file reader or other code, enable it with 'u.add_enabled_units'. For details, see https://docs.astropy.org/en/latest/units/combining_and_defining.html [astropy.units.core]
WARNING: UnitsWarning: 'pct' did not parse as fits unit: At col 0, Unit 'pct' not supported by the FITS standard. Did you mean PC, PT, cT, ct, pC, pT or pc? If this is meant to be a custom unit, define it with 'u.def_unit'. To have it recognized inside a file reader or other code, enable it with 'u.add_enabled_units'. For details, see https://docs.astropy.org/en/latest/units/combining_and_defining.html [astropy.units.core]
WARNING: UnitsWarning: 'pct' did not parse as fits unit: At col 0, Unit 'pct' not supported by the FITS standard. Did you mean PC, PT, cT, ct, pC, pT or pc? If this is meant to be a custom unit, define it with 'u.def_unit'. To have it recognized inside a file reader or other code, enable it with 'u.add_enabled_units'. For details, see https://docs.astropy.org/en/latest/units/combining_and_defining.html [astropy.units.core]
WARNING: UnitsWarning: 'pct' did not parse as fits unit: At col 0, Unit 'pct' not supported by the FITS standard. Did you mean PC, PT, cT, ct, pC, pT or pc? If this is meant to be a custom unit, define it with 'u.def_unit'. To have it recognized inside a file reader or other code, enable it with 'u.add_enabled_units'. For details, see https://docs.astropy.org/en/latest/units/combining_and_defining.html [astropy.units.core]
WARNING: UnitsWarning: 'pct' did not parse as fits unit: At col 0, Unit 'pct' not supported by the FITS standard. Did you mean PC, PT, cT, ct, pC, pT or pc? If this is meant to be a custom unit, define it with 'u.def_unit'. To have it recognized inside a file reader or other code, enable it with 'u.add_enabled_units'. For details, see https://docs.astropy.org/en/latest/units/combining_and_defining.html [astropy.units.core]
WARNING: UnitsWarning: 'pct' did not parse as fits unit: At col 0, Unit 'pct' not supported by the FITS standard. Did you mean PC, PT, cT, ct, pC, pT or pc? If this is meant to be a custom unit, define it with 'u.def_unit'. To have it recognized inside a file reader or other code, enable it with 'u.add_enabled_units'. For details, see https://docs.astropy.org/en/latest/units/combining_and_defining.html [astropy.units.core]
WARNING: UnitsWarning: 'pct' did not parse as fits unit: At col 0, Unit 'pct' not supported by the FITS standard. Did you mean PC, PT, cT, ct, pC, pT or pc? If this is meant to be a custom unit, define it with 'u.def_unit'. To have it recognized inside a file reader or other code, enable it with 'u.add_enabled_units'. For details, see https://docs.astropy.org/en/latest/units/combining_and_defining.html [astropy.units.core]
******************************
Index 53
GW191129_134029
Loading skymap...
Loading flares...
******************************
Index 54
GW191204_110529
Loading skymap...
Loading flares...
******************************
Index 55
GW191204_171526
Loading skymap...
Loading flares...
******************************
Index 56
GW191215_223052
Loading skymap...
Loading flares...
******************************
Index 57
GW191216_213338
Loading skymap...
Loading flares...
******************************
Index 58
GW191219_163120
Loading skymap...
Loading flares...
******************************
Index 61
GW200105_162426
Loading skymap...
Loading flares...
******************************
Index 62
GW200112_155838
Loading skymap...
Loading flares...
******************************
Index 63
GW200115_042309
Loading skymap...
Loading flares...
******************************
Index 65
GW200129_065458
Loading skymap...
Loading flares...
IGWN-GWTC3p0-v1-GW191129_134029_PEDataRelease_cosmo_reweight_C01:IMRPhenomXPHM.fits [0.41886549 0.99747414 1.         1.         1.         0.89493421] [1.0000013 1.0000013 1.0000013 1.0000013 1.0000013 1.0000013]
GW191129_134029 Series([], Name: flarename, dtype: object)
Calculating background rate...
******************************
Index 66
GW200202_154313
Loading skymap...
Loading flares...
******************************
Index 67
GW200208_130117
Loading skymap...
Loading flares...
******************************
Index 69
GW200209_085452
Loading skymap...
Loading flares...
******************************
Index 70
GW200210_092254
Loading skymap...
Loading flares...
******************************
Index 72
GW200219_094415
Loading skymap...
Loading flares...
******************************
Index 74
GW200220_124850
Loading skymap...
Loading flares...
******************************
Index 76
GW200225_060421
Loading skymap...
Loading flares...
******************************
Index 77
GW200302_015811
Loading skymap...
Loading flares...
******************************
Index 78
GW200306_093714
Loading skymap...
Loading flares...
IGWN-GWTC3p0-v1-GW191204_110529_PEDataRelease_cosmo_reweight_C01:IMRPhenomXPHM.fits [0.98873508 0.90645601 1.         1.         0.96126137 0.99848311] [0.98489031 0.99972406 0.99972406 0.99972406 0.93699052 0.99972392]
GW191204_110529 Series([], Name: flarename, dtype: object)
Calculating background rate...
******************************
Index 80
GW200311_115853
Loading skymap...
Loading flares...
******************************
Index 81
GW200316_215756
Loading skymap...
Loading flares...
******************************
Index 82
GW200322_091133
Loading skymap...
Loading flares...
IGWN-GWTC3p0-v1-GW191215_223052_PEDataRelease_cosmo_reweight_C01:IMRPhenomXPHM.fits [1. 1. 1. 1. 1. 1.] [1.0000042 1.0000042 1.0000042 1.0000042 1.0000042 1.0000042]
GW191215_223052 Series([], Name: flarename, dtype: object)
Calculating background rate...
IGWN-GWTC3p0-v1-GW191204_171526_PEDataRelease_cosmo_reweight_C01:IMRPhenomXPHM.fits [1.        1.        1.        0.9999096 1.        1.       ] [1.00000343 1.00000343 1.00000343 1.00000343 1.00000343 1.00000343]
GW191204_171526 Series([], Name: flarename, dtype: object)
Calculating background rate...
IGWN-GWTC3p0-v1-GW191219_163120_PEDataRelease_cosmo_reweight_C01:IMRPhenomXPHM:HighSpin.fits [1.         1.         0.99643438 0.99999968 1.         0.43522486] [0.99990582 0.99990582 0.99990582 0.99990582 0.99990582 0.99990582]
GW191219_163120 Series([], Name: flarename, dtype: object)
Calculating background rate...
IGWN-GWTC3p0-v1-GW191216_213338_PEDataRelease_cosmo_reweight_C01:IMRPhenomXPHM.fits [1. 1. 1. 1. 1. 1.] [1.00001086 1.00001086 1.00001086 1.00001086 1.00001086 1.00001086]
GW191216_213338 Series([], Name: flarename, dtype: object)
Calculating background rate...
IGWN-GWTC3p0-v1-GW200112_155838_PEDataRelease_cosmo_reweight_C01:IMRPhenomXPHM.fits [0.89283968 0.20966212 0.99999578 0.99999916 0.9996895  0.83902019] [1.00000356 0.99474518 1.00000052 1.00000356 1.00000356 1.00000356]
GW200112_155838 Series([], Name: flarename, dtype: object)
Calculating background rate...
IGWN-GWTC3p0-v1-GW200105_162426_PEDataRelease_cosmo_reweight_C01:IMRPhenomXPHM:HighSpin.fits [1. 1. 1. 1. 1. 1.] [0.99996393 0.99996393 0.99996393 0.99996393 0.99996393 0.99996393]
GW200105_162426 Series([], Name: flarename, dtype: object)
Calculating background rate...
IGWN-GWTC3p0-v1-GW200202_154313_PEDataRelease_cosmo_reweight_C01:IMRPhenomXPHM.fits [1. 1. 1. 1. 1. 1.] [0.99990631 0.99990631 0.99990631 0.99990631 0.99990631 0.99990631]
GW200202_154313 Series([], Name: flarename, dtype: object)
Calculating background rate...
IGWN-GWTC3p0-v1-GW200115_042309_PEDataRelease_cosmo_reweight_C01:IMRPhenomXPHM:HighSpin.fits [1. 1. 1. 1. 1. 1.] [1.0000131 1.0000131 1.0000131 1.0000131 1.0000131 1.0000131]
GW200115_042309 Series([], Name: flarename, dtype: object)
Calculating background rate...
IGWN-GWTC3p0-v1-GW200208_130117_PEDataRelease_cosmo_reweight_C01:IMRPhenomXPHM.fits [0.99786468 1.         0.99987195 0.9997574  0.9993686  0.99999914] [0.99760172 0.99973666 0.99972911 0.99922164 0.99973666 0.99973666]
GW200208_130117 Series([], Name: flarename, dtype: object)
Calculating background rate...
IGWN-GWTC3p0-v1-GW200129_065458_PEDataRelease_cosmo_reweight_C01:IMRPhenomXPHM.fits [1. 1. 1. 1. 1. 1.] [1.00000349 1.00000349 1.00000349 1.00000349 1.00000349 1.00000349]
GW200129_065458 Series([], Name: flarename, dtype: object)
Calculating background rate...
IGWN-GWTC3p0-v1-GW200302_015811_PEDataRelease_cosmo_reweight_C01:IMRPhenomXPHM.fits [1.         0.99719582 0.99999866 1.         0.99998171 1.        ] [0.99977179 0.99977179 0.99977179 0.99977179 0.99977179 0.99977179]
GW200302_015811 Series([], Name: flarename, dtype: object)
Calculating background rate...
IGWN-GWTC3p0-v1-GW200209_085452_PEDataRelease_cosmo_reweight_C01:IMRPhenomXPHM.fits [1. 1. 1. 1. 1. 1.] [0.99974777 0.99974777 0.99974777 0.99974777 0.99974777 0.99974777]
GW200209_085452 Series([], Name: flarename, dtype: object)
Calculating background rate...
IGWN-GWTC3p0-v1-GW200210_092254_PEDataRelease_cosmo_reweight_C01:IMRPhenomXPHM.fits [0.31331761 0.99907494 0.99963855 0.9999495  0.99955836 0.83614854] [0.99896812 0.99896813 0.99896651 0.99896813 0.99896813 0.99896813]
GW200210_092254 Series([], Name: flarename, dtype: object)
Calculating background rate...
IGWN-GWTC3p0-v1-GW200306_093714_PEDataRelease_cosmo_reweight_C01:IMRPhenomXPHM.fits [1. 1. 1. 1. 1. 1.] [0.9984743 0.9984743 0.9984743 0.9984743 0.9984743 0.9984743]
GW200306_093714 Series([], Name: flarename, dtype: object)
Calculating background rate...
IGWN-GWTC3p0-v1-GW200220_124850_PEDataRelease_cosmo_reweight_C01:IMRPhenomXPHM.fits [1.         1.         0.99858559 0.99977863 1.         0.14508317] [0.99970907 0.99970907 0.99114378 0.99669523 0.99970907 0.14782409]
GW200220_124850 5    J154342.46+461233.4
Name: flarename, dtype: object
Calculating background rate...
IGWN-GWTC3p0-v1-GW200316_215756_PEDataRelease_cosmo_reweight_C01:IMRPhenomXPHM.fits [1. 1. 1. 1. 1. 1.] [0.99999748 0.99999748 0.99999748 0.99999748 0.99999748 0.99999748]
GW200316_215756 Series([], Name: flarename, dtype: object)
Calculating background rate...
IGWN-GWTC3p0-v1-GW200225_060421_PEDataRelease_cosmo_reweight_C01:IMRPhenomXPHM.fits [1. 1. 1. 1. 1. 1.] [0.99998777 0.99998777 0.99998777 0.99998777 0.99998777 0.99998777]
IGWN-GWTC3p0-v1-GW200219_094415_PEDataRelease_cosmo_reweight_C01:IMRPhenomXPHM.fits [1.         1.         1.         1.         0.75836707 1.        ] [1.00000448 1.00000448 1.00000448 1.00000448 0.73467169 1.00000448]
GW200225_060421 Series([], Name: flarename, dtype: object)
Calculating background rate...
GW200219_094415 Series([], Name: flarename, dtype: object)
Calculating background rate...
IGWN-GWTC3p0-v1-GW200322_091133_PEDataRelease_cosmo_reweight_C01:IMRPhenomXPHM.fits [0.85574322 0.98494792 0.2536469  0.73502491 0.71128601 0.12299287] [0.01219484 0.01219484 0.01219484 0.01219484 0.01219484 0.01219484]
GW200322_091133 Series([], Name: flarename, dtype: object)
Calculating background rate...
IGWN-GWTC3p0-v1-GW200311_115853_PEDataRelease_cosmo_reweight_C01:IMRPhenomXPHM.fits [1. 1. 1. 1. 1. 1.] [1.00000338 1.00000338 1.00000338 1.00000338 1.00000338 1.00000338]
GW200311_115853 Series([], Name: flarename, dtype: object)
Calculating background rate...
/hildafs/projects/phy220048p/tcabrera/bbhagn/mycode/ligo.skymap/ligo/skymap/postprocess/crossmatch.py:459: RuntimeWarning: invalid value encountered in subtract
  contour_dists = (hi - lo).tolist()
Calculating signal and background arrays...
GW 0 has 0 coincident flares
GW 1 has 0 coincident flares
GW 2 has 0 coincident flares
GW 3 has 2 coincident flares
GW 4 has 0 coincident flares
GW 5 has 0 coincident flares
GW 6 has 0 coincident flares
GW 7 has 0 coincident flares
GW 8 has 0 coincident flares
GW 9 has 0 coincident flares
GW 10 has 0 coincident flares
GW 11 has 0 coincident flares
GW 12 has 0 coincident flares
GW 13 has 0 coincident flares
GW 14 has 0 coincident flares
GW 15 has 0 coincident flares
GW 16 has 0 coincident flares
GW 17 has 1 coincident flares
GW 18 has 0 coincident flares
GW 19 has 0 coincident flares
GW 20 has 0 coincident flares
GW 21 has 1 coincident flares
GW 22 has 0 coincident flares
GW 23 has 0 coincident flares
GW 24 has 0 coincident flares
GW 25 has 0 coincident flares
GW 26 has 0 coincident flares
GW 27 has 0 coincident flares
GW 28 has 0 coincident flares
GW 29 has 0 coincident flares
GW 30 has 0 coincident flares
GW 31 has 0 coincident flares
GW 32 has 0 coincident flares
GW 33 has 0 coincident flares
GW 34 has 0 coincident flares
GW 35 has 0 coincident flares
GW 36 has 0 coincident flares
GW 37 has 0 coincident flares
GW 38 has 0 coincident flares
GW 39 has 0 coincident flares
GW 40 has 0 coincident flares
GW 41 has 0 coincident flares
GW 42 has 0 coincident flares
GW 43 has 0 coincident flares
GW 44 has 0 coincident flares
GW 45 has 0 coincident flares
GW 46 has 0 coincident flares
GW 47 has 1 coincident flares
GW 48 has 0 coincident flares
GW 49 has 0 coincident flares
GW 50 has 0 coincident flares
GW 51 has 0 coincident flares
GW 52 has 0 coincident flares
GW 53 has 0 coincident flares
******************** MCMC ********************
/hildafs/projects/phy220048p/tcabrera/bbhagn/bbhagn/utils/inference.py:135: RuntimeWarning: All-NaN slice encountered
  max_n_agn = np.nanmax([np.nanmax(n) for n in n_agns if len(n) > 0])
/hildafs/projects/phy220048p/tcabrera/bbhagn/bbhagn/utils/inference.py:135: RuntimeWarning: All-NaN slice encountered
  max_n_agn = np.nanmax([np.nanmax(n) for n in n_agns if len(n) > 0])
/hildafs/projects/phy220048p/tcabrera/bbhagn/bbhagn/utils/inference.py:135: RuntimeWarning: All-NaN slice encountered
  max_n_agn = np.nanmax([np.nanmax(n) for n in n_agns if len(n) > 0])
/hildafs/projects/phy220048p/tcabrera/bbhagn/bbhagn/utils/inference.py:135: RuntimeWarning: All-NaN slice encountered
  max_n_agn = np.nanmax([np.nanmax(n) for n in n_agns if len(n) > 0])
/hildafs/projects/phy220048p/tcabrera/bbhagn/bbhagn/utils/inference.py:135: RuntimeWarning: All-NaN slice encountered
  max_n_agn = np.nanmax([np.nanmax(n) for n in n_agns if len(n) > 0])
/hildafs/projects/phy220048p/tcabrera/bbhagn/bbhagn/utils/inference.py:135: RuntimeWarning: All-NaN slice encountered
  max_n_agn = np.nanmax([np.nanmax(n) for n in n_agns if len(n) > 0])
/hildafs/projects/phy220048p/tcabrera/bbhagn/bbhagn/utils/inference.py:135: RuntimeWarning: All-NaN slice encountered
  max_n_agn = np.nanmax([np.nanmax(n) for n in n_agns if len(n) > 0])
/hildafs/projects/phy220048p/tcabrera/bbhagn/bbhagn/utils/inference.py:135: RuntimeWarning: All-NaN slice encountered
  max_n_agn = np.nanmax([np.nanmax(n) for n in n_agns if len(n) > 0])
/hildafs/projects/phy220048p/tcabrera/bbhagn/bbhagn/utils/inference.py:135: RuntimeWarning: All-NaN slice encountered
  max_n_agn = np.nanmax([np.nanmax(n) for n in n_agns if len(n) > 0])
/hildafs/projects/phy220048p/tcabrera/bbhagn/bbhagn/utils/inference.py:135: RuntimeWarning: All-NaN slice encountered
  max_n_agn = np.nanmax([np.nanmax(n) for n in n_agns if len(n) > 0])
/hildafs/projects/phy220048p/tcabrera/bbhagn/bbhagn/utils/inference.py:135: RuntimeWarning: All-NaN slice encountered
  max_n_agn = np.nanmax([np.nanmax(n) for n in n_agns if len(n) > 0])
/hildafs/projects/phy220048p/tcabrera/bbhagn/bbhagn/utils/inference.py:135: RuntimeWarning: All-NaN slice encountered
  max_n_agn = np.nanmax([np.nanmax(n) for n in n_agns if len(n) > 0])
/hildafs/projects/phy220048p/tcabrera/bbhagn/bbhagn/utils/inference.py:135: RuntimeWarning: All-NaN slice encountered
  max_n_agn = np.nanmax([np.nanmax(n) for n in n_agns if len(n) > 0])
/hildafs/projects/phy220048p/tcabrera/bbhagn/bbhagn/utils/inference.py:135: RuntimeWarning: All-NaN slice encountered
  max_n_agn = np.nanmax([np.nanmax(n) for n in n_agns if len(n) > 0])
/hildafs/projects/phy220048p/tcabrera/bbhagn/bbhagn/utils/inference.py:135: RuntimeWarning: All-NaN slice encountered
  max_n_agn = np.nanmax([np.nanmax(n) for n in n_agns if len(n) > 0])
/hildafs/projects/phy220048p/tcabrera/bbhagn/bbhagn/utils/inference.py:135: RuntimeWarning: All-NaN slice encountered
  max_n_agn = np.nanmax([np.nanmax(n) for n in n_agns if len(n) > 0])
/hildafs/projects/phy220048p/tcabrera/bbhagn/bbhagn/utils/inference.py:135: RuntimeWarning: All-NaN slice encountered
  max_n_agn = np.nanmax([np.nanmax(n) for n in n_agns if len(n) > 0])
/hildafs/projects/phy220048p/tcabrera/bbhagn/bbhagn/utils/inference.py:135: RuntimeWarning: All-NaN slice encountered
  max_n_agn = np.nanmax([np.nanmax(n) for n in n_agns if len(n) > 0])
/hildafs/projects/phy220048p/tcabrera/bbhagn/bbhagn/utils/inference.py:135: RuntimeWarning: All-NaN slice encountered
  max_n_agn = np.nanmax([np.nanmax(n) for n in n_agns if len(n) > 0])
/hildafs/projects/phy220048p/tcabrera/bbhagn/bbhagn/utils/inference.py:135: RuntimeWarning: All-NaN slice encountered
  max_n_agn = np.nanmax([np.nanmax(n) for n in n_agns if len(n) > 0])
/hildafs/projects/phy220048p/tcabrera/bbhagn/bbhagn/utils/inference.py:135: RuntimeWarning: All-NaN slice encountered
  max_n_agn = np.nanmax([np.nanmax(n) for n in n_agns if len(n) > 0])
/hildafs/projects/phy220048p/tcabrera/bbhagn/bbhagn/utils/inference.py:135: RuntimeWarning: All-NaN slice encountered
  max_n_agn = np.nanmax([np.nanmax(n) for n in n_agns if len(n) > 0])
/hildafs/projects/phy220048p/tcabrera/bbhagn/bbhagn/utils/inference.py:135: RuntimeWarning: All-NaN slice encountered
  max_n_agn = np.nanmax([np.nanmax(n) for n in n_agns if len(n) > 0])
/hildafs/projects/phy220048p/tcabrera/bbhagn/bbhagn/utils/inference.py:135: RuntimeWarning: All-NaN slice encountered
  max_n_agn = np.nanmax([np.nanmax(n) for n in n_agns if len(n) > 0])
/hildafs/projects/phy220048p/tcabrera/bbhagn/bbhagn/utils/inference.py:135: RuntimeWarning: All-NaN slice encountered
  max_n_agn = np.nanmax([np.nanmax(n) for n in n_agns if len(n) > 0])
/hildafs/projects/phy220048p/tcabrera/bbhagn/bbhagn/utils/inference.py:135: RuntimeWarning: All-NaN slice encountered
  max_n_agn = np.nanmax([np.nanmax(n) for n in n_agns if len(n) > 0])
/hildafs/projects/phy220048p/tcabrera/bbhagn/bbhagn/utils/inference.py:135: RuntimeWarning: All-NaN slice encountered
  max_n_agn = np.nanmax([np.nanmax(n) for n in n_agns if len(n) > 0])
/hildafs/projects/phy220048p/tcabrera/bbhagn/bbhagn/utils/inference.py:135: RuntimeWarning: All-NaN slice encountered
  max_n_agn = np.nanmax([np.nanmax(n) for n in n_agns if len(n) > 0])
/hildafs/projects/phy220048p/tcabrera/bbhagn/bbhagn/utils/inference.py:135: RuntimeWarning: All-NaN slice encountered
  max_n_agn = np.nanmax([np.nanmax(n) for n in n_agns if len(n) > 0])
  0%|          | 0/5000 [00:00<?, ?it/s]/hildafs/projects/phy220048p/tcabrera/bbhagn/bbhagn/utils/inference.py:135: RuntimeWarning: All-NaN slice encountered
  max_n_agn = np.nanmax([np.nanmax(n) for n in n_agns if len(n) > 0])
/hildafs/projects/phy220048p/tcabrera/bbhagn/bbhagn/utils/inference.py:135: RuntimeWarning: All-NaN slice encountered
  max_n_agn = np.nanmax([np.nanmax(n) for n in n_agns if len(n) > 0])
/hildafs/projects/phy220048p/tcabrera/bbhagn/bbhagn/utils/inference.py:135: RuntimeWarning: All-NaN slice encountered
  max_n_agn = np.nanmax([np.nanmax(n) for n in n_agns if len(n) > 0])
  0%|          | 13/5000 [00:00<00:41, 121.49it/s]  1%|          | 26/5000 [00:00<00:40, 124.20it/s]  1%|          | 39/5000 [00:00<00:40, 123.46it/s]  1%|          | 52/5000 [00:00<00:40, 123.43it/s]  1%|▏         | 65/5000 [00:00<00:41, 118.80it/s]  2%|▏         | 77/5000 [00:00<00:41, 118.48it/s]  2%|▏         | 92/5000 [00:00<00:39, 125.60it/s]  2%|▏         | 106/5000 [00:00<00:38, 127.90it/s]  2%|▏         | 119/5000 [00:00<00:38, 128.38it/s]  3%|▎         | 134/5000 [00:01<00:36, 134.74it/s]  3%|▎         | 149/5000 [00:01<00:35, 138.11it/s]  3%|▎         | 164/5000 [00:01<00:34, 141.05it/s]  4%|▎         | 179/5000 [00:01<00:33, 142.52it/s]  4%|▍         | 194/5000 [00:01<00:33, 144.74it/s]  4%|▍         | 209/5000 [00:01<00:32, 145.31it/s]  4%|▍         | 224/5000 [00:01<00:32, 145.40it/s]  5%|▍         | 239/5000 [00:01<00:32, 145.19it/s]  5%|▌         | 254/5000 [00:01<00:32, 144.95it/s]  5%|▌         | 269/5000 [00:01<00:32, 145.51it/s]  6%|▌         | 284/5000 [00:02<00:32, 145.09it/s]  6%|▌         | 299/5000 [00:02<00:32, 143.94it/s]  6%|▋         | 314/5000 [00:02<00:32, 144.18it/s]  7%|▋         | 329/5000 [00:02<00:32, 142.49it/s]  7%|▋         | 344/5000 [00:02<00:32, 142.33it/s]  7%|▋         | 359/5000 [00:02<00:32, 142.37it/s]  7%|▋         | 374/5000 [00:02<00:32, 142.78it/s]  8%|▊         | 389/5000 [00:02<00:32, 143.33it/s]  8%|▊         | 404/5000 [00:02<00:32, 143.29it/s]  8%|▊         | 419/5000 [00:03<00:31, 143.78it/s]  9%|▊         | 434/5000 [00:03<00:31, 144.37it/s]  9%|▉         | 449/5000 [00:03<00:31, 144.85it/s]  9%|▉         | 465/5000 [00:03<00:30, 147.52it/s] 10%|▉         | 480/5000 [00:03<00:30, 147.68it/s] 10%|▉         | 496/5000 [00:03<00:30, 150.08it/s] 10%|█         | 512/5000 [00:03<00:30, 148.80it/s] 11%|█         | 527/5000 [00:03<00:30, 146.71it/s] 11%|█         | 543/5000 [00:03<00:30, 147.90it/s] 11%|█         | 558/5000 [00:03<00:30, 146.75it/s] 11%|█▏        | 573/5000 [00:04<00:30, 146.07it/s] 12%|█▏        | 588/5000 [00:04<00:30, 146.42it/s] 12%|█▏        | 604/5000 [00:04<00:29, 149.72it/s] 12%|█▏        | 619/5000 [00:04<00:29, 149.75it/s] 13%|█▎        | 635/5000 [00:04<00:28, 151.10it/s] 13%|█▎        | 651/5000 [00:04<00:28, 150.90it/s] 13%|█▎        | 667/5000 [00:04<00:28, 150.35it/s] 14%|█▎        | 683/5000 [00:04<00:28, 150.10it/s] 14%|█▍        | 699/5000 [00:04<00:29, 148.31it/s] 14%|█▍        | 714/5000 [00:05<00:29, 146.76it/s] 15%|█▍        | 729/5000 [00:05<00:29, 145.14it/s] 15%|█▍        | 744/5000 [00:05<00:29, 145.60it/s] 15%|█▌        | 759/5000 [00:05<00:29, 144.98it/s] 15%|█▌        | 774/5000 [00:05<00:28, 146.25it/s] 16%|█▌        | 789/5000 [00:05<00:28, 146.64it/s] 16%|█▌        | 804/5000 [00:05<00:28, 145.92it/s] 16%|█▋        | 819/5000 [00:05<00:28, 145.43it/s] 17%|█▋        | 834/5000 [00:05<00:28, 145.30it/s] 17%|█▋        | 849/5000 [00:05<00:28, 143.18it/s] 17%|█▋        | 864/5000 [00:06<00:28, 142.77it/s] 18%|█▊        | 879/5000 [00:06<00:28, 142.56it/s] 18%|█▊        | 894/5000 [00:06<00:28, 142.70it/s] 18%|█▊        | 909/5000 [00:06<00:28, 144.18it/s] 18%|█▊        | 924/5000 [00:06<00:28, 145.03it/s] 19%|█▉        | 939/5000 [00:06<00:27, 145.70it/s] 19%|█▉        | 954/5000 [00:06<00:27, 146.16it/s] 19%|█▉        | 969/5000 [00:06<00:27, 144.80it/s] 20%|█▉        | 984/5000 [00:06<00:27, 144.39it/s] 20%|█▉        | 999/5000 [00:06<00:27, 143.28it/s] 20%|██        | 1014/5000 [00:07<00:27, 143.81it/s] 21%|██        | 1029/5000 [00:07<00:27, 144.91it/s] 21%|██        | 1044/5000 [00:07<00:27, 145.25it/s] 21%|██        | 1059/5000 [00:07<00:27, 144.48it/s] 21%|██▏       | 1074/5000 [00:07<00:26, 145.78it/s] 22%|██▏       | 1089/5000 [00:07<00:26, 145.30it/s] 22%|██▏       | 1104/5000 [00:07<00:26, 145.70it/s] 22%|██▏       | 1119/5000 [00:07<00:26, 146.67it/s] 23%|██▎       | 1134/5000 [00:07<00:26, 145.09it/s] 23%|██▎       | 1150/5000 [00:08<00:26, 146.51it/s] 23%|██▎       | 1165/5000 [00:08<00:26, 146.48it/s] 24%|██▎       | 1180/5000 [00:08<00:26, 145.20it/s] 24%|██▍       | 1195/5000 [00:08<00:26, 146.30it/s] 24%|██▍       | 1210/5000 [00:08<00:25, 147.01it/s] 24%|██▍       | 1225/5000 [00:08<00:26, 145.06it/s] 25%|██▍       | 1240/5000 [00:08<00:25, 145.85it/s] 25%|██▌       | 1255/5000 [00:08<00:25, 144.52it/s] 25%|██▌       | 1270/5000 [00:08<00:25, 144.09it/s] 26%|██▌       | 1285/5000 [00:08<00:26, 142.47it/s] 26%|██▌       | 1300/5000 [00:09<00:25, 142.37it/s] 26%|██▋       | 1315/5000 [00:09<00:25, 142.02it/s] 27%|██▋       | 1330/5000 [00:09<00:25, 143.09it/s] 27%|██▋       | 1345/5000 [00:09<00:25, 142.61it/s] 27%|██▋       | 1360/5000 [00:09<00:25, 142.45it/s] 28%|██▊       | 1375/5000 [00:09<00:25, 143.24it/s] 28%|██▊       | 1390/5000 [00:09<00:24, 144.46it/s] 28%|██▊       | 1405/5000 [00:09<00:24, 145.13it/s] 28%|██▊       | 1420/5000 [00:09<00:24, 144.50it/s] 29%|██▊       | 1435/5000 [00:09<00:24, 145.11it/s] 29%|██▉       | 1450/5000 [00:10<00:24, 146.15it/s] 29%|██▉       | 1465/5000 [00:10<00:24, 145.50it/s] 30%|██▉       | 1480/5000 [00:10<00:24, 143.69it/s] 30%|██▉       | 1495/5000 [00:10<00:24, 142.82it/s] 30%|███       | 1510/5000 [00:10<00:24, 144.24it/s] 30%|███       | 1525/5000 [00:10<00:23, 145.39it/s] 31%|███       | 1540/5000 [00:10<00:23, 145.34it/s] 31%|███       | 1555/5000 [00:10<00:23, 145.35it/s] 31%|███▏      | 1570/5000 [00:10<00:23, 146.25it/s] 32%|███▏      | 1585/5000 [00:11<00:23, 146.77it/s] 32%|███▏      | 1600/5000 [00:11<00:23, 146.60it/s] 32%|███▏      | 1615/5000 [00:11<00:23, 146.64it/s] 33%|███▎      | 1630/5000 [00:11<00:23, 145.97it/s] 33%|███▎      | 1645/5000 [00:11<00:22, 146.10it/s] 33%|███▎      | 1660/5000 [00:11<00:22, 146.39it/s] 34%|███▎      | 1675/5000 [00:11<00:22, 146.24it/s] 34%|███▍      | 1690/5000 [00:11<00:22, 145.99it/s] 34%|███▍      | 1705/5000 [00:11<00:22, 144.69it/s] 34%|███▍      | 1720/5000 [00:11<00:22, 144.81it/s] 35%|███▍      | 1735/5000 [00:12<00:22, 144.81it/s] 35%|███▌      | 1750/5000 [00:12<00:22, 145.08it/s] 35%|███▌      | 1766/5000 [00:12<00:21, 147.11it/s] 36%|███▌      | 1782/5000 [00:12<00:21, 149.32it/s] 36%|███▌      | 1797/5000 [00:12<00:21, 148.88it/s] 36%|███▌      | 1812/5000 [00:12<00:21, 148.60it/s] 37%|███▋      | 1827/5000 [00:12<00:21, 148.54it/s] 37%|███▋      | 1843/5000 [00:12<00:21, 150.01it/s] 37%|███▋      | 1859/5000 [00:12<00:20, 150.43it/s] 38%|███▊      | 1875/5000 [00:12<00:20, 149.71it/s] 38%|███▊      | 1890/5000 [00:13<00:20, 148.84it/s] 38%|███▊      | 1905/5000 [00:13<00:20, 148.94it/s] 38%|███▊      | 1920/5000 [00:13<00:20, 149.11it/s] 39%|███▊      | 1935/5000 [00:13<00:20, 148.37it/s] 39%|███▉      | 1950/5000 [00:13<00:20, 148.81it/s] 39%|███▉      | 1965/5000 [00:13<00:20, 147.21it/s] 40%|███▉      | 1980/5000 [00:13<00:20, 147.04it/s] 40%|███▉      | 1996/5000 [00:13<00:20, 150.00it/s] 40%|████      | 2012/5000 [00:13<00:19, 150.98it/s] 41%|████      | 2028/5000 [00:14<00:20, 147.81it/s] 41%|████      | 2043/5000 [00:14<00:20, 146.71it/s] 41%|████      | 2058/5000 [00:14<00:20, 145.71it/s] 41%|████▏     | 2073/5000 [00:14<00:20, 144.28it/s] 42%|████▏     | 2088/5000 [00:14<00:20, 143.90it/s] 42%|████▏     | 2103/5000 [00:14<00:20, 143.26it/s] 42%|████▏     | 2118/5000 [00:14<00:19, 144.42it/s] 43%|████▎     | 2133/5000 [00:14<00:19, 145.81it/s] 43%|████▎     | 2148/5000 [00:14<00:19, 145.66it/s] 43%|████▎     | 2163/5000 [00:14<00:19, 144.40it/s] 44%|████▎     | 2178/5000 [00:15<00:19, 144.57it/s] 44%|████▍     | 2194/5000 [00:15<00:19, 146.13it/s] 44%|████▍     | 2209/5000 [00:15<00:19, 145.49it/s] 44%|████▍     | 2224/5000 [00:15<00:19, 144.53it/s] 45%|████▍     | 2239/5000 [00:15<00:18, 145.57it/s] 45%|████▌     | 2254/5000 [00:15<00:18, 145.17it/s] 45%|████▌     | 2269/5000 [00:15<00:18, 144.12it/s] 46%|████▌     | 2284/5000 [00:15<00:19, 142.95it/s] 46%|████▌     | 2299/5000 [00:15<00:19, 141.18it/s] 46%|████▋     | 2314/5000 [00:16<00:18, 142.39it/s] 47%|████▋     | 2329/5000 [00:16<00:18, 142.73it/s] 47%|████▋     | 2344/5000 [00:16<00:18, 142.33it/s] 47%|████▋     | 2359/5000 [00:16<00:18, 141.98it/s] 47%|████▋     | 2374/5000 [00:16<00:18, 143.94it/s] 48%|████▊     | 2389/5000 [00:16<00:17, 145.23it/s] 48%|████▊     | 2404/5000 [00:16<00:17, 145.94it/s] 48%|████▊     | 2420/5000 [00:16<00:17, 147.77it/s] 49%|████▊     | 2435/5000 [00:16<00:17, 145.98it/s] 49%|████▉     | 2450/5000 [00:16<00:17, 146.51it/s] 49%|████▉     | 2466/5000 [00:17<00:17, 148.41it/s] 50%|████▉     | 2481/5000 [00:17<00:17, 147.07it/s] 50%|████▉     | 2496/5000 [00:17<00:17, 147.15it/s] 50%|█████     | 2512/5000 [00:17<00:16, 148.24it/s] 51%|█████     | 2528/5000 [00:17<00:16, 149.06it/s] 51%|█████     | 2543/5000 [00:17<00:16, 146.92it/s] 51%|█████     | 2559/5000 [00:17<00:16, 148.43it/s] 51%|█████▏    | 2574/5000 [00:17<00:16, 147.81it/s] 52%|█████▏    | 2589/5000 [00:17<00:16, 146.37it/s] 52%|█████▏    | 2604/5000 [00:17<00:16, 146.36it/s] 52%|█████▏    | 2620/5000 [00:18<00:15, 148.84it/s] 53%|█████▎    | 2635/5000 [00:18<00:15, 148.08it/s] 53%|█████▎    | 2651/5000 [00:18<00:15, 149.22it/s] 53%|█████▎    | 2667/5000 [00:18<00:15, 149.74it/s] 54%|█████▎    | 2682/5000 [00:18<00:15, 149.33it/s] 54%|█████▍    | 2697/5000 [00:18<00:15, 147.05it/s] 54%|█████▍    | 2712/5000 [00:18<00:15, 147.28it/s] 55%|█████▍    | 2727/5000 [00:18<00:15, 148.00it/s] 55%|█████▍    | 2743/5000 [00:18<00:15, 149.40it/s] 55%|█████▌    | 2759/5000 [00:19<00:14, 149.91it/s] 56%|█████▌    | 2775/5000 [00:19<00:14, 150.30it/s] 56%|█████▌    | 2791/5000 [00:19<00:14, 148.14it/s] 56%|█████▌    | 2806/5000 [00:19<00:14, 148.03it/s] 56%|█████▋    | 2821/5000 [00:19<00:14, 148.32it/s] 57%|█████▋    | 2836/5000 [00:19<00:14, 148.51it/s] 57%|█████▋    | 2851/5000 [00:19<00:14, 148.36it/s] 57%|█████▋    | 2866/5000 [00:19<00:14, 148.53it/s] 58%|█████▊    | 2882/5000 [00:19<00:14, 149.56it/s] 58%|█████▊    | 2898/5000 [00:19<00:13, 150.45it/s] 58%|█████▊    | 2914/5000 [00:20<00:14, 148.62it/s] 59%|█████▊    | 2930/5000 [00:20<00:13, 149.07it/s] 59%|█████▉    | 2945/5000 [00:20<00:13, 148.83it/s] 59%|█████▉    | 2961/5000 [00:20<00:13, 148.90it/s] 60%|█████▉    | 2977/5000 [00:20<00:13, 149.30it/s] 60%|█████▉    | 2993/5000 [00:20<00:13, 149.85it/s] 60%|██████    | 3008/5000 [00:20<00:13, 149.31it/s] 60%|██████    | 3023/5000 [00:20<00:13, 148.95it/s] 61%|██████    | 3038/5000 [00:20<00:13, 148.71it/s] 61%|██████    | 3053/5000 [00:21<00:13, 147.28it/s] 61%|██████▏   | 3068/5000 [00:21<00:13, 146.07it/s] 62%|██████▏   | 3083/5000 [00:21<00:13, 146.97it/s] 62%|██████▏   | 3098/5000 [00:21<00:12, 147.55it/s] 62%|██████▏   | 3114/5000 [00:21<00:12, 148.73it/s] 63%|██████▎   | 3129/5000 [00:21<00:12, 147.82it/s] 63%|██████▎   | 3144/5000 [00:21<00:12, 147.83it/s] 63%|██████▎   | 3159/5000 [00:21<00:12, 147.56it/s] 63%|██████▎   | 3174/5000 [00:21<00:12, 145.58it/s] 64%|██████▍   | 3190/5000 [00:21<00:12, 147.12it/s] 64%|██████▍   | 3206/5000 [00:22<00:12, 149.05it/s] 64%|██████▍   | 3222/5000 [00:22<00:11, 150.65it/s] 65%|██████▍   | 3238/5000 [00:22<00:11, 148.57it/s] 65%|██████▌   | 3253/5000 [00:22<00:11, 146.63it/s] 65%|██████▌   | 3268/5000 [00:22<00:11, 144.59it/s] 66%|██████▌   | 3283/5000 [00:22<00:11, 145.02it/s] 66%|██████▌   | 3299/5000 [00:22<00:11, 146.63it/s] 66%|██████▋   | 3314/5000 [00:22<00:11, 145.31it/s] 67%|██████▋   | 3329/5000 [00:22<00:11, 145.76it/s] 67%|██████▋   | 3344/5000 [00:22<00:11, 144.09it/s] 67%|██████▋   | 3359/5000 [00:23<00:11, 144.53it/s] 67%|██████▋   | 3374/5000 [00:23<00:11, 144.81it/s] 68%|██████▊   | 3389/5000 [00:23<00:11, 144.57it/s] 68%|██████▊   | 3404/5000 [00:23<00:11, 144.01it/s] 68%|██████▊   | 3419/5000 [00:23<00:11, 142.35it/s] 69%|██████▊   | 3434/5000 [00:23<00:11, 141.48it/s] 69%|██████▉   | 3449/5000 [00:23<00:10, 141.32it/s] 69%|██████▉   | 3464/5000 [00:23<00:10, 142.06it/s] 70%|██████▉   | 3479/5000 [00:23<00:10, 143.08it/s] 70%|██████▉   | 3494/5000 [00:24<00:10, 142.81it/s] 70%|███████   | 3509/5000 [00:24<00:10, 143.73it/s] 70%|███████   | 3524/5000 [00:24<00:10, 145.09it/s] 71%|███████   | 3539/5000 [00:24<00:10, 145.34it/s] 71%|███████   | 3554/5000 [00:24<00:09, 144.88it/s] 71%|███████▏  | 3570/5000 [00:24<00:09, 147.24it/s] 72%|███████▏  | 3585/5000 [00:24<00:09, 147.72it/s] 72%|███████▏  | 3600/5000 [00:24<00:09, 146.13it/s] 72%|███████▏  | 3616/5000 [00:24<00:09, 147.45it/s] 73%|███████▎  | 3631/5000 [00:24<00:09, 148.08it/s] 73%|███████▎  | 3646/5000 [00:25<00:09, 148.28it/s] 73%|███████▎  | 3661/5000 [00:25<00:09, 147.68it/s] 74%|███████▎  | 3676/5000 [00:25<00:08, 147.45it/s] 74%|███████▍  | 3691/5000 [00:25<00:08, 147.07it/s] 74%|███████▍  | 3706/5000 [00:25<00:08, 147.78it/s] 74%|███████▍  | 3721/5000 [00:25<00:08, 147.29it/s] 75%|███████▍  | 3736/5000 [00:25<00:08, 146.70it/s] 75%|███████▌  | 3752/5000 [00:25<00:08, 148.00it/s] 75%|███████▌  | 3768/5000 [00:25<00:08, 149.79it/s] 76%|███████▌  | 3783/5000 [00:25<00:08, 149.60it/s] 76%|███████▌  | 3798/5000 [00:26<00:08, 148.27it/s] 76%|███████▋  | 3813/5000 [00:26<00:07, 148.60it/s] 77%|███████▋  | 3828/5000 [00:26<00:07, 148.54it/s] 77%|███████▋  | 3843/5000 [00:26<00:07, 147.72it/s] 77%|███████▋  | 3859/5000 [00:26<00:07, 148.93it/s] 78%|███████▊  | 3875/5000 [00:26<00:07, 149.22it/s] 78%|███████▊  | 3890/5000 [00:26<00:07, 146.82it/s] 78%|███████▊  | 3905/5000 [00:26<00:07, 146.81it/s] 78%|███████▊  | 3920/5000 [00:26<00:07, 146.11it/s] 79%|███████▊  | 3936/5000 [00:27<00:07, 147.44it/s] 79%|███████▉  | 3951/5000 [00:27<00:07, 147.43it/s] 79%|███████▉  | 3966/5000 [00:27<00:07, 147.65it/s] 80%|███████▉  | 3981/5000 [00:27<00:06, 146.54it/s] 80%|███████▉  | 3996/5000 [00:27<00:06, 146.74it/s] 80%|████████  | 4012/5000 [00:27<00:06, 148.23it/s] 81%|████████  | 4028/5000 [00:27<00:06, 150.37it/s] 81%|████████  | 4044/5000 [00:27<00:06, 149.14it/s] 81%|████████  | 4059/5000 [00:27<00:06, 148.24it/s] 81%|████████▏ | 4074/5000 [00:27<00:06, 148.04it/s] 82%|████████▏ | 4089/5000 [00:28<00:06, 147.65it/s] 82%|████████▏ | 4104/5000 [00:28<00:06, 146.65it/s] 82%|████████▏ | 4119/5000 [00:28<00:06, 146.83it/s] 83%|████████▎ | 4134/5000 [00:28<00:05, 146.75it/s] 83%|████████▎ | 4149/5000 [00:28<00:05, 146.08it/s] 83%|████████▎ | 4164/5000 [00:28<00:05, 146.36it/s] 84%|████████▎ | 4179/5000 [00:28<00:05, 146.22it/s] 84%|████████▍ | 4194/5000 [00:28<00:05, 145.50it/s] 84%|████████▍ | 4209/5000 [00:28<00:05, 146.51it/s] 84%|████████▍ | 4224/5000 [00:28<00:05, 145.98it/s] 85%|████████▍ | 4239/5000 [00:29<00:05, 147.15it/s] 85%|████████▌ | 4254/5000 [00:29<00:05, 146.86it/s] 85%|████████▌ | 4269/5000 [00:29<00:04, 147.11it/s] 86%|████████▌ | 4284/5000 [00:29<00:04, 146.00it/s] 86%|████████▌ | 4299/5000 [00:29<00:04, 146.23it/s] 86%|████████▋ | 4314/5000 [00:29<00:04, 145.38it/s] 87%|████████▋ | 4329/5000 [00:29<00:04, 146.12it/s] 87%|████████▋ | 4344/5000 [00:29<00:04, 144.19it/s] 87%|████████▋ | 4359/5000 [00:29<00:04, 145.56it/s] 87%|████████▋ | 4374/5000 [00:30<00:04, 145.06it/s] 88%|████████▊ | 4389/5000 [00:30<00:04, 145.09it/s] 88%|████████▊ | 4404/5000 [00:30<00:04, 145.49it/s] 88%|████████▊ | 4419/5000 [00:30<00:03, 146.27it/s] 89%|████████▊ | 4434/5000 [00:30<00:03, 147.16it/s] 89%|████████▉ | 4449/5000 [00:30<00:03, 147.62it/s] 89%|████████▉ | 4464/5000 [00:30<00:03, 146.22it/s] 90%|████████▉ | 4479/5000 [00:30<00:03, 145.73it/s] 90%|████████▉ | 4494/5000 [00:30<00:03, 146.39it/s] 90%|█████████ | 4509/5000 [00:30<00:03, 146.45it/s] 90%|█████████ | 4524/5000 [00:31<00:03, 146.92it/s] 91%|█████████ | 4539/5000 [00:31<00:03, 147.78it/s] 91%|█████████ | 4554/5000 [00:31<00:03, 147.54it/s] 91%|█████████▏| 4569/5000 [00:31<00:02, 147.03it/s] 92%|█████████▏| 4584/5000 [00:31<00:02, 146.42it/s] 92%|█████████▏| 4599/5000 [00:31<00:02, 146.00it/s] 92%|█████████▏| 4614/5000 [00:31<00:02, 143.96it/s] 93%|█████████▎| 4629/5000 [00:31<00:02, 142.91it/s] 93%|█████████▎| 4644/5000 [00:31<00:02, 143.02it/s] 93%|█████████▎| 4660/5000 [00:31<00:02, 145.47it/s] 94%|█████████▎| 4675/5000 [00:32<00:02, 146.05it/s] 94%|█████████▍| 4690/5000 [00:32<00:02, 143.68it/s] 94%|█████████▍| 4705/5000 [00:32<00:02, 143.83it/s] 94%|█████████▍| 4720/5000 [00:32<00:01, 142.67it/s] 95%|█████████▍| 4735/5000 [00:32<00:01, 142.99it/s] 95%|█████████▌| 4751/5000 [00:32<00:01, 145.63it/s] 95%|█████████▌| 4766/5000 [00:32<00:01, 146.17it/s] 96%|█████████▌| 4781/5000 [00:32<00:01, 146.76it/s] 96%|█████████▌| 4796/5000 [00:32<00:01, 144.33it/s] 96%|█████████▌| 4811/5000 [00:33<00:01, 143.98it/s] 97%|█████████▋| 4826/5000 [00:33<00:01, 144.73it/s] 97%|█████████▋| 4841/5000 [00:33<00:01, 145.13it/s] 97%|█████████▋| 4856/5000 [00:33<00:00, 145.70it/s] 97%|█████████▋| 4871/5000 [00:33<00:00, 145.60it/s] 98%|█████████▊| 4886/5000 [00:33<00:00, 145.39it/s] 98%|█████████▊| 4901/5000 [00:33<00:00, 144.33it/s] 98%|█████████▊| 4916/5000 [00:33<00:00, 145.87it/s] 99%|█████████▊| 4931/5000 [00:33<00:00, 144.62it/s] 99%|█████████▉| 4946/5000 [00:33<00:00, 143.29it/s] 99%|█████████▉| 4961/5000 [00:34<00:00, 143.38it/s]100%|█████████▉| 4976/5000 [00:34<00:00, 144.67it/s]100%|█████████▉| 4991/5000 [00:34<00:00, 144.32it/s]100%|██████████| 5000/5000 [00:34<00:00, 145.62it/s]
******************** Output ********************
(10432, 1)
Saving data...
******************** Corner plot ********************
Making corner plot...
Done.
