Copying custom data for GW200105_162426
******************** Initializing ********************
******************** Preparing inputs ********************
Setting up science...

 J124942.30+344928.9
g 2.12e-06
r 2.12e-06

 J183412.42+365655.3
g 2.12e-06
r 2.12e-06

 J181719.94+541910.0
g 2.12e-06
r 2.12e-06

 J224333.95+760619.2
g 2.12e-06
r 2.12e-06

 J120437.98+500024.0
g 2.12e-06
r 2.12e-06

 J154342.46+461233.4
g 2.12e-06
r 2.12e-06
Using 83/83 GWs with 0.0 <= mass_1_source < 200.0...
******************************
Index 0
******************************
Index 1
******************************
Index 2
******************************
Index 3
******************************
Index 4
******************************
Index 5
******************************
Index 6
******************************
Index 7
******************************
Index 8
******************************
Index 9
******************************
******************************Index 11

Index 10
******************************
Index 12
******************************
Index 13
******************************
Index 14
******************************
Index 15
******************************
Index 16
******************************
Index 17
******************************
Index 18
******************************
Index 19
******************************
Index 20
******************************
Index 21
******************************
Index 22
******************************
Index 23
******************************
Index 24
GW190413_134308
Loading skymap...
GW190408_181802
Loading skymap...
GW190413_052954GW190412

Loading skymap...Loading skymap...

GW190424_180648
Loading skymap...
GW190421_213856
Loading skymap...
GW190425
Loading skymap...
GW190503_185404GW190513_205428

Loading skymap...Loading skymap...

GW190514_065416
Loading skymap...
GW190426_152155
Loading skymap...
GW190512_180714
Loading skymap...
******************************
Index 25
******************************
Index 26
******************************
Index 27
GW190521_074359
Loading skymap...
GW190519_153544
Loading skymap...
******************************
Index 28
GW190620_030421GW190602_175927

Loading skymap...Loading skymap...

GW190527_092055
Loading skymap...
GW190630_185205
Loading skymap...
GW190706_222641
Loading skymap...
GW190708_232457GW190707_093326

Loading skymap...Loading skymap...

******************************
Index 29
GW190719_215514
Loading skymap...
GW190701_203306
Loading skymap...
******************************
Index 30
GW190517_055101
Loading skymap...
******************************
Index 31
GW190521
Loading skymap...
GW190720_000836
Loading skymap...
GW190728_064510
Loading skymap...
GW190803_022701GW190814

Loading skymap...Loading skymap...

GW190727_060333
Loading skymap...
GW190731_140936
Loading skymap...
Loading flares...
Loading flares...
Loading flares...
Loading flares...
Loading flares...
Loading flares...
Loading flares...
Loading flares...
Loading flares...
Loading flares...
Loading flares...
Loading flares...
GW190828_063405
Loading skymap...
Loading flares...
Loading flares...
Loading flares...
Loading flares...
Loading flares...Loading flares...

Loading flares...
Loading flares...Loading flares...

Loading flares...
Loading flares...Loading flares...

Loading flares...
Loading flares...
Loading flares...
Loading flares...
Loading flares...
Loading flares...
Loading flares...
Loading flares...
GW190814_C01:SEOBNRv4PHM.fits [1. 1. 1. 1. 1. 1.] [1.00001974 1.00001974 1.00001974 1.00001974 1.00001974 1.00001974]
GW190814 Series([], Name: flarename, dtype: object)
Calculating background rate...
GW190701_203306_C01:NRSur7dq4.fits [1. 1. 1. 1. 1. 1.] [1.00000376 1.00000376 1.00000376 1.00000376 1.00000376 1.00000376]
GW190701_203306 Series([], Name: flarename, dtype: object)
Calculating background rate...
GW190706_222641_C01:NRSur7dq4.fits [1.         0.99996091 1.         1.         0.93953996 1.        ] [0.99956074 0.99923594 0.99956074 0.99956074 0.96523064 0.99956074]
GW190706_222641 Series([], Name: flarename, dtype: object)
Calculating background rate...
GW190719_215514_C01:NRSur7dq4.fits [1.         1.         0.99997937 1.         0.97196179 1.        ] [0.99997651 0.99997651 0.99948793 0.99997651 0.93526753 0.99997651]
GW190719_215514 Series([], Name: flarename, dtype: object)
Calculating background rate...
GW190521_C01:NRSur7dq4.fits [0.76276175 1.         1.         1.         1.         0.99999999] [0.76548112 0.99929141 0.99929141 0.99929141 0.99929141 0.99929134]
GW190521 0    J124942.30+344928.9
Name: flarename, dtype: object
Calculating background rate...
GW190503_185404_C01:NRSur7dq4.fits [1. 1. 1. 1. 1. 1.] [0.99996297 0.99996297 0.99996297 0.99996297 0.99996297 0.99996297]
GW190503_185404 Series([], Name: flarename, dtype: object)
Calculating background rate...
GW190602_175927_C01:NRSur7dq4.fits [1. 1. 1. 1. 1. 1.] [0.99981969 0.99981969 0.99981969 0.99981969 0.99981969 0.99981969]
GW190602_175927 Series([], Name: flarename, dtype: object)
Calculating background rate...
GW190727_060333_C01:NRSur7dq4.fits [1. 1. 1. 1. 1. 1.] [0.9995585 0.9995585 0.9995585 0.9995585 0.9995585 0.9995585]
GW190727_060333 Series([], Name: flarename, dtype: object)
GW190803_022701_C01:NRSur7dq4.fits [0.82775753 1.         1.         1.         0.37205421 1.        ] [0.81047796 0.99999519 0.99999519 0.99999519 0.47819468 0.99999519]
GW190803_022701 4    J120437.98+500024.0
Name: flarename, dtype: object
Calculating background rate...
Calculating background rate...
GW190828_063405_C01:NRSur7dq4.fits [1. 1. 1. 1. 1. 1.] [1.00000414 1.00000414 1.00000414 1.00000414 1.00000414 1.00000414]
GW190828_063405 Series([], Name: flarename, dtype: object)
Calculating background rate...
GW190421_213856_C01:NRSur7dq4.fits [1. 1. 1. 1. 1. 1.] [0.99993975 0.99993975 0.99993975 0.99993975 0.99993975 0.99993975]
GW190421_213856 Series([], Name: flarename, dtype: object)
Calculating background rate...
GW190517_055101_C01:NRSur7dq4.fits [1. 1. 1. 1. 1. 1.] [0.9995076 0.9995076 0.9995076 0.9995076 0.9995076 0.9995076]
GW190517_055101 Series([], Name: flarename, dtype: object)
Calculating background rate...
GW190519_153544_C01:NRSur7dq4.fits [1. 1. 1. 1. 1. 1.] [1.0000057 1.0000057 1.0000057 1.0000057 1.0000057 1.0000057]
GW190519_153544 Series([], Name: flarename, dtype: object)
Calculating background rate...
GW190527_092055_C01:NRSur7dq4.fits [1. 1. 1. 1. 1. 1.] [0.97719013 0.97719013 0.97719013 0.97719013 0.97719013 0.97719013]
GW190527_092055 Series([], Name: flarename, dtype: object)
Calculating background rate...
GW190521_074359_C01:NRSur7dq4.fits [1. 1. 1. 1. 1. 1.] [0.99997585 0.99997585 0.99997585 0.99997585 0.99997585 0.99997585]
GW190424_180648_C01:NRSur7dq4.fits [0.92939801 0.97749529 0.91042858 0.6620447  0.99934317 0.76037396] [0.97291858 0.99774612 0.45302565 0.15788488 0.99691295 0.99870229]
GW190620_030421_C01:NRSur7dq4.fits GW190521_074359 [0.68664741 0.99702348 0.99801733 1.         0.71621278 0.67251662] [0.65979979 0.98532286 0.9794251  1.00000327 0.64825424 0.7238222 ]
Series([], Name: flarename, dtype: object)
GW190424_180648 2    J181719.94+541910.0
3    J224333.95+760619.2
Name: flarename, dtype: object
Calculating background rate...
Calculating background rate...
GW190620_030421 4    J120437.98+500024.0
Name: flarename, dtype: object
GW190728_064510_C01:SEOBNRv4PHM.fits [1. 1. 1. 1. 1. 1.] [1.00000368 1.00000368 1.00000368 1.00000368 1.00000368 1.00000368]
GW190728_064510 Series([], Name: flarename, dtype: object)
Calculating background rate...
GW190720_000836_C01:SEOBNRv4PHM.fits Calculating background rate...
GW190630_185205_C01:NRSur7dq4.fits [0.99866861 0.99392935 0.99764235 0.9824664  0.98665561 0.99999066] [0.99980615 0.99980615 0.99980615 0.99980615 0.99980615 0.99980615]
GW190630_185205 Series([], Name: flarename, dtype: object)
[1.         0.99999974 1.         1.         1.         0.94256521] [0.9999837  0.9999837  0.9999837  0.9999837  0.9999837  0.99998345]
Calculating background rate...
GW190720_000836 Series([], Name: flarename, dtype: object)
Calculating background rate...
GW190426_152155_C01:SEOBNRv4PHM.fits [1.         1.         0.99999916 0.88267675 0.99999214 1.        ] [0.99931524 0.99931524 0.99931524 0.99931524 0.99931524 0.99931524]
GW190426_152155 GW190707_093326_C01:SEOBNRv4PHM.fits Series([], Name: flarename, dtype: object)
Calculating background rate...
[1. 1. 1. 1. 1. 1.] [0.99999114 0.99999114 0.99999114 0.99999114 0.99999114 0.99999114]
GW190707_093326 Series([], Name: flarename, dtype: object)
Calculating background rate...
GW190513_205428_C01:NRSur7dq4.fits [1. 1. 1. 1. 1. 1.] [0.99996478 0.99996478 0.99996478 0.99996478 0.99996478 0.99996478]
GW190513_205428 Series([], Name: flarename, dtype: object)
Calculating background rate...
GW190413_052954_C01:NRSur7dq4.fits [1.         1.         1.         0.99999265 1.         1.        ] [0.9994774  0.9994774  0.9994774  0.99941731 0.9994774  0.9994774 ]
GW190413_052954 Series([], Name: flarename, dtype: object)
Calculating background rate...
GW190731_140936_C01:NRSur7dq4.fits [1. 1. 1. 1. 1. 1.] [0.99954672 0.99954672 0.99954672 0.99954672 0.99954672 0.99954672]
GW190731_140936 Series([], Name: flarename, dtype: object)
Calculating background rate...
GW190514_065416_C01:NRSur7dq4.fits [0.86736293 1.         1.         0.68938499 0.99992066 1.        ] [0.82800682 0.99998754 0.99998754 0.51740659 0.9999131  0.99998754]
GW190514_065416 0    J124942.30+344928.9
3    J224333.95+760619.2
Name: flarename, dtype: object
Calculating background rate...
GW190413_134308_C01:NRSur7dq4.fits [0.99998821 0.95516167 0.93111089 0.96650576 0.99999883 0.99998796] [0.99921371 0.96025385 0.95805735 0.95627976 0.99921371 0.99921371]
GW190512_180714_C01:SEOBNRv4PHM.fits [1.         1.         1.         0.99973592 1.         0.99999465] [0.99968953 0.99968953 0.99968953 0.99968368 0.99968953 0.99968953]
GW190413_134308 Series([], Name: flarename, dtype: object)
GW190512_180714 Series([], Name: flarename, dtype: object)
Calculating background rate...
Calculating background rate...
GW190708_232457_C01:SEOBNRv4PHM.fits [0.74014009 1.         0.99846234 0.99999966 0.4222093  0.9581921 ] [0.9999232  0.99992321 0.99992321 0.99992321 0.99992131 0.99992321]
GW190708_232457 Series([], Name: flarename, dtype: object)
Calculating background rate...
GW190412_C01:SEOBNRv4PHM.fits [1. 1. 1. 1. 1. 1.] [1.0000031 1.0000031 1.0000031 1.0000031 1.0000031 1.0000031]
GW190412 Series([], Name: flarename, dtype: object)
Calculating background rate...
GW190408_181802_C01:SEOBNRv4PHM.fits [1. 1. 1. 1. 1. 1.] [1.0000035 1.0000035 1.0000035 1.0000035 1.0000035 1.0000035]
GW190408_181802 Series([], Name: flarename, dtype: object)
Calculating background rate...
GW190425_C01:SEOBNRv4T_surrogate_HS.fits [0.6957723  0.95122136 0.98141634 0.99123819 0.84985929 0.70554328] [1.00005862 1.00005862 1.00005862 1.00005862 1.00005862 1.00005862]
GW190425 Series([], Name: flarename, dtype: object)
Calculating background rate...
******************************
Index 32
GW190828_065509
Loading skymap...
Loading flares...
******************************
Index 33
GW190909_114149
Loading skymap...
Loading flares...
******************************
Index 34
GW190910_112807
Loading skymap...
Loading flares...
******************************
Index 35
GW190915_235702
Loading skymap...
Loading flares...
******************************
Index 36
GW190924_021846
Loading skymap...
Loading flares...
******************************
Index 37
GW190929_012149
Loading skymap...
Loading flares...
******************************
Index 38
GW190930_133541
Loading skymap...
Loading flares...
******************************
Index 39
GW190403_051519
Loading skymap...
Loading flares...
******************************
Index 40
GW190426_190642
Loading skymap...
Loading flares...
******************************
Index 41
GW190725_174728
Loading skymap...
Loading flares...
******************************
Index 42
GW190805_211137
Loading skymap...
Loading flares...
******************************
Index 43
GW190916_200658
Loading skymap...
Loading flares...
******************************
Index 44
GW190917_114630
Loading skymap...
Loading flares...
******************************
Index 45
GW190925_232845
Loading skymap...
Loading flares...
******************************
Index 46
GW190926_050336
Loading skymap...
Loading flares...
******************************
Index 47
GW191103_012549
Loading skymap...
Loading flares...
******************************
Index 48
GW191105_143521
Loading skymap...
Loading flares...
GW190909_114149_C01:SEOBNRv4PHM.fits [0.91145388 1.         1.         1.         0.70847245 1.        ] [0.72036871 0.99894957 0.99894957 0.99894957 0.05998016 0.99894957]
GW190909_114149 4    J120437.98+500024.0
Name: flarename, dtype: object
Calculating background rate...
GW190828_065509_C01:SEOBNRv4PHM.fits [1. 1. 1. 1. 1. 1.] [0.999999 0.999999 0.999999 0.999999 0.999999 0.999999]
GW190828_065509 Series([], Name: flarename, dtype: object)
Calculating background rate...
******************************
Index 49
GW191109_010717
Loading skymap...
Loading flares...
******************************
Index 50
GW191113_071753
Loading skymap...
Loading flares...
******************************
Index 51
GW191126_115259
Loading skymap...
Loading flares...
******************************
Index 52
GW191127_050227
Loading skymap...
Loading flares...
******************************
Index 53
GW191129_134029
Loading skymap...
Loading flares...
******************************
Index 54
GW191204_110529
Loading skymap...
Loading flares...
GW190910_112807_C01:SEOBNRv4PHM.fits [1.         0.96709156 0.9999765  0.99054077 0.99999152 0.99999834] [1.00000477 0.99999572 0.99999462 0.99761182 1.00000477 1.00000477]
GW190910_112807 Series([], Name: flarename, dtype: object)
Calculating background rate...
******************************
Index 55
GW191204_171526
Loading skymap...
Loading flares...
******************************
Index 56
GW191215_223052
Loading skymap...
Loading flares...
GW190915_235702_C01:SEOBNRv4PHM.fits [0.25042282 1.         1.         1.         1.         1.        ] [0.80671688 1.00000306 1.00000306 1.00000306 1.00000306 1.00000306]
GW190915_235702 Series([], Name: flarename, dtype: object)
Calculating background rate...
GW190924_021846_C01:SEOBNRv4PHM.fits [1.         1.         1.         1.         1.         0.99957861] [1.0000042 1.0000042 1.0000042 1.0000042 1.0000042 1.0000042]
GW190924_021846 Series([], Name: flarename, dtype: object)
Calculating background rate...
IGWN-GWTC2p1-v2-GW190403_051519_PEDataRelease_cosmo_reweight_C01:IMRPhenomXPHM.fits [0.65959863 0.9999777  0.9950711  1.         0.99345001 0.36311709] [0.88640321 0.99895469 0.99814238 0.99899683 0.98244029 0.31813284]
GW190403_051519 0    J124942.30+344928.9
Name: flarename, dtype: object
Calculating background rate...
******************************
Index 57
GW191216_213338
Loading skymap...
IGWN-GWTC2p1-v2-GW190426_190642_PEDataRelease_cosmo_reweight_C01:IMRPhenomXPHM.fits [1.         0.99995933 0.99564037 1.         1.         0.92582968] [0.99941959 0.99886795 0.9994052  0.99941959 0.99941959 0.81965129]
Loading flares...
GW190426_190642 Series([], Name: flarename, dtype: object)
Calculating background rate...
GW190930_133541_C01:SEOBNRv4PHM.fits [1.         1.         1.         0.99599066 1.         1.        ] [1.00000258 1.00000258 1.00000258 1.00000258 1.00000258 1.00000258]
GW190930_133541 Series([], Name: flarename, dtype: object)
Calculating background rate...
IGWN-GWTC2p1-v2-GW190725_174728_PEDataRelease_cosmo_reweight_C01:IMRPhenomXPHM.fits [1. 1. 1. 1. 1. 1.] [1.00000367 1.00000367 1.00000367 1.00000367 1.00000367 1.00000367]
GW190725_174728 Series([], Name: flarename, dtype: object)
Calculating background rate...
GW190929_012149_C01:SEOBNRv4PHM.fits [1.         0.27830541 0.99988715 0.99932767 1.         1.        ] [0.99994276 0.22501701 0.99815698 0.99487429 0.99994276 0.99994276]
GW190929_012149 Series([], Name: flarename, dtype: object)
Calculating background rate...
******************************
Index 58
GW191219_163120
Loading skymap...
Loading flares...
******************************
Index 59
GW191222_033537
Loading skymap...
Loading flares...
IGWN-GWTC2p1-v2-GW190916_200658_PEDataRelease_cosmo_reweight_C01:IMRPhenomXPHM.fits [0.00870606 1.         0.99496599 1.         1.         0.99866991] [0.20642228 0.99973486 0.98524336 0.99973486 0.99973486 0.99592933]
GW190916_200658 Series([], Name: flarename, dtype: object)
Calculating background rate...
IGWN-GWTC2p1-v2-GW190805_211137_PEDataRelease_cosmo_reweight_C01:IMRPhenomXPHM.fits [1. 1. 1. 1. 1. 1.] [0.99962605 0.99962605 0.99962605 0.99962605 0.99962605 0.99962605]
GW190805_211137 Series([], Name: flarename, dtype: object)
Calculating background rate...
IGWN-GWTC2p1-v2-GW190917_114630_PEDataRelease_cosmo_reweight_C01:IMRPhenomXPHM.fits [1.         1.         1.         1.         0.99998478 1.        ] [0.99996246 0.99996246 0.99996246 0.99996246 0.99996246 0.99996246]
GW190917_114630 Series([], Name: flarename, dtype: object)
Calculating background rate...
IGWN-GWTC2p1-v2-GW190925_232845_PEDataRelease_cosmo_reweight_C01:IMRPhenomXPHM.fits [0.98623619 0.99407595 0.99463905 0.99997958 0.99208031 0.99761512] [0.99926882 0.99908154 0.99418746 0.99949343 0.99910917 0.99950231]
GW190925_232845 Series([], Name: flarename, dtype: object)
Calculating background rate...
IGWN-GWTC3p0-v1-GW191103_012549_PEDataRelease_cosmo_reweight_C01:IMRPhenomXPHM.fits [0.99999997 0.99740238 0.72934254 0.99999662 0.99999998 1.        ] [1.0000023  0.99986889 0.76450008 1.0000023  1.0000023  1.0000023 ]
GW191103_012549 Series([], Name: flarename, dtype: object)
Calculating background rate...
******************************
Index 60
GW191230_180458
Loading skymap...
Loading flares...
IGWN-GWTC2p1-v2-GW190926_050336_PEDataRelease_cosmo_reweight_C01:IMRPhenomXPHM.fits [1.         1.         1.         1.         1.         0.99923427] [0.98128343 0.98128343 0.98128343 0.98128343 0.98128343 0.98128343]
GW190926_050336 Series([], Name: flarename, dtype: object)
Calculating background rate...
IGWN-GWTC3p0-v1-GW191105_143521_PEDataRelease_cosmo_reweight_C01:IMRPhenomXPHM.fits [1. 1. 1. 1. 1. 1.] [0.99992766 0.99992766 0.99992766 0.99992766 0.99992766 0.99992766]
GW191105_143521 Series([], Name: flarename, dtype: object)
Calculating background rate...
******************************
Index 61
GW200105_162426
Loading skymap...
Loading flares...
IGWN-GWTC3p0-v1-GW191113_071753_PEDataRelease_cosmo_reweight_C01:IMRPhenomXPHM.fits [1.         0.9999997  1.         0.99986995 1.         1.        ] [0.9943173 0.9943173 0.9943173 0.9943173 0.9943173 0.9943173]
GW191113_071753 Series([], Name: flarename, dtype: object)
Calculating background rate...
IGWN-GWTC3p0-v1-GW191109_010717_PEDataRelease_cosmo_reweight_C01:IMRPhenomXPHM.fits [1.         1.         1.         0.77717997 1.         1.        ] [0.99491758 0.99491758 0.99491758 0.99484707 0.99491758 0.99491758]
GW191109_010717 Series([], Name: flarename, dtype: object)
Calculating background rate...
******************************
Index 62
GW200112_155838
Loading skymap...
Loading flares...
IGWN-GWTC3p0-v1-GW191127_050227_PEDataRelease_cosmo_reweight_C01:IMRPhenomXPHM.fits [1. 1. 1. 1. 1. 1.] [0.99121447 0.99121447 0.99121447 0.99121447 0.99121447 0.99121447]
GW191127_050227 Series([], Name: flarename, dtype: object)
Calculating background rate...
IGWN-GWTC3p0-v1-GW191126_115259_PEDataRelease_cosmo_reweight_C01:IMRPhenomXPHM.fits [1.         0.99970722 0.98323207 1.         0.99999846 1.        ] [0.99998999 0.99998999 0.99823095 0.99998999 0.99998999 0.99998999]
GW191126_115259 Series([], Name: flarename, dtype: object)
Calculating background rate...
IGWN-GWTC3p0-v1-GW191204_110529_PEDataRelease_cosmo_reweight_C01:IMRPhenomXPHM.fits [0.98873508 0.90645601 1.         1.         0.96126137 0.99848311] [0.98489031 0.99972406 0.99972406 0.99972406 0.93699052 0.99972392]
GW191204_110529 Series([], Name: flarename, dtype: object)
Calculating background rate...
IGWN-GWTC3p0-v1-GW191129_134029_PEDataRelease_cosmo_reweight_C01:IMRPhenomXPHM.fits [0.41886549 0.99747414 1.         1.         1.         0.89493421] [1.0000013 1.0000013 1.0000013 1.0000013 1.0000013 1.0000013]
GW191129_134029 Series([], Name: flarename, dtype: object)
Calculating background rate...
******************************
Index 63
GW200115_042309
Loading skymap...
Loading flares...
IGWN-GWTC3p0-v1-GW191204_171526_PEDataRelease_cosmo_reweight_C01:IMRPhenomXPHM.fits [1.        1.        1.        0.9999096 1.        1.       ] [1.00000343 1.00000343 1.00000343 1.00000343 1.00000343 1.00000343]
GW191204_171526 Series([], Name: flarename, dtype: object)
Calculating background rate...
IGWN-GWTC3p0-v1-GW191215_223052_PEDataRelease_cosmo_reweight_C01:IMRPhenomXPHM.fits [1. 1. 1. 1. 1. 1.] [1.0000042 1.0000042 1.0000042 1.0000042 1.0000042 1.0000042]
GW191215_223052 Series([], Name: flarename, dtype: object)
Calculating background rate...
IGWN-GWTC3p0-v1-GW191222_033537_PEDataRelease_cosmo_reweight_C01:IMRPhenomXPHM.fits [1. 1. 1. 1. 1. 1.] [0.99994774 0.99994774 0.99994774 0.99994774 0.99994774 0.99994774]
GW191222_033537 Series([], Name: flarename, dtype: object)
Calculating background rate...
IGWN-GWTC3p0-v1-GW191216_213338_PEDataRelease_cosmo_reweight_C01:IMRPhenomXPHM.fits [1. 1. 1. 1. 1. 1.] [1.00001086 1.00001086 1.00001086 1.00001086 1.00001086 1.00001086]
GW191216_213338 Series([], Name: flarename, dtype: object)
Calculating background rate...
IGWN-GWTC3p0-v1-GW191219_163120_PEDataRelease_cosmo_reweight_C01:IMRPhenomXPHM:HighSpin.fits [1.         1.         0.99643438 0.99999968 1.         0.43522486] [0.99990582 0.99990582 0.99990582 0.99990582 0.99990582 0.99990582]
GW191219_163120 Series([], Name: flarename, dtype: object)
Calculating background rate...
IGWN-GWTC3p0-v1-GW191230_180458_PEDataRelease_cosmo_reweight_C01:IMRPhenomXPHM.fits [1.         0.99698396 1.         1.         1.         1.        ] [0.99996215 0.99723274 0.99996215 0.99996215 0.99996215 0.99996215]
GW191230_180458 Series([], Name: flarename, dtype: object)
Calculating background rate...
IGWN-GWTC3p0-v1-GW200112_155838_PEDataRelease_cosmo_reweight_C01:IMRPhenomXPHM.fits [0.89283968 0.20966212 0.99999578 0.99999916 0.9996895  0.83902019] [1.00000356 0.99474518 1.00000052 1.00000356 1.00000356 1.00000356]
GW200112_155838 Series([], Name: flarename, dtype: object)
Calculating background rate...
IGWN-GWTC3p0-v1-GW200105_162426_PEDataRelease_cosmo_reweight_C01:IMRPhenomXPHM:HighSpin.fits [1. 1. 1. 1. 1. 1.] [0.99996393 0.99996393 0.99996393 0.99996393 0.99996393 0.99996393]
GW200105_162426 Series([], Name: flarename, dtype: object)
Calculating background rate...
IGWN-GWTC3p0-v1-GW200115_042309_PEDataRelease_cosmo_reweight_C01:IMRPhenomXPHM:HighSpin.fits [1. 1. 1. 1. 1. 1.] [1.0000131 1.0000131 1.0000131 1.0000131 1.0000131 1.0000131]
GW200115_042309 Series([], Name: flarename, dtype: object)
Calculating background rate...
******************************
Index 64
GW200128_022011
Loading skymap...
Loading flares...
******************************
Index 65
GW200129_065458
Loading skymap...
Loading flares...
******************************
Index 66
GW200202_154313
Loading skymap...
Loading flares...
******************************
Index 67
GW200208_130117
Loading skymap...
Loading flares...
******************************
Index 68
GW200208_222617
Loading skymap...
Loading flares...
******************************
Index 69
GW200209_085452
Loading skymap...
Loading flares...
******************************
Index 70
GW200210_092254
Loading skymap...
Loading flares...
******************************
Index 71
GW200216_220804
Loading skymap...
Loading flares...
IGWN-GWTC3p0-v1-GW200128_022011_PEDataRelease_cosmo_reweight_C01:IMRPhenomXPHM.fits [0.93279146 1.         1.         1.         0.94395989 1.        ] [0.97680043 0.99969695 0.99969695 0.99969695 0.85747062 0.99969695]
GW200128_022011 Series([], Name: flarename, dtype: object)
Calculating background rate...
******************************
Index 72
GW200219_094415
Loading skymap...
Loading flares...
******************************
Index 73
GW200220_061928
Loading skymap...
Loading flares...
IGWN-GWTC3p0-v1-GW200202_154313_PEDataRelease_cosmo_reweight_C01:IMRPhenomXPHM.fits [1. 1. 1. 1. 1. 1.] [0.99990631 0.99990631 0.99990631 0.99990631 0.99990631 0.99990631]
GW200202_154313 Series([], Name: flarename, dtype: object)
Calculating background rate...
******************************
Index 74
GW200220_124850
Loading skymap...
Loading flares...
IGWN-GWTC3p0-v1-GW200129_065458_PEDataRelease_cosmo_reweight_C01:IMRPhenomXPHM.fits [1. 1. 1. 1. 1. 1.] [1.00000349 1.00000349 1.00000349 1.00000349 1.00000349 1.00000349]
GW200129_065458 Series([], Name: flarename, dtype: object)
Calculating background rate...
******************************
Index 75
GW200224_222234
Loading skymap...
Loading flares...
******************************
Index 76
GW200225_060421
Loading skymap...
Loading flares...
******************************
Index 77
GW200302_015811
Loading skymap...
Loading flares...
******************************
Index 78
GW200306_093714
Loading skymap...
Loading flares...
******************************
Index 79
GW200308_173609
Loading skymap...
Loading flares...
******************************
Index 80
GW200311_115853
Loading skymap...
Loading flares...
******************************
Index 81
GW200316_215756
Loading skymap...
Loading flares...
******************************
Index 82
GW200322_091133
Loading skymap...
Loading flares...
IGWN-GWTC3p0-v1-GW200208_222617_PEDataRelease_cosmo_reweight_C01:IMRPhenomXPHM.fits [1.         0.99639212 1.         1.         1.         0.99938461] [0.97545335 0.97545335 0.97545335 0.97545335 0.97545335 0.97482247]
GW200208_222617 Series([], Name: flarename, dtype: object)
Calculating background rate...
IGWN-GWTC3p0-v1-GW200208_130117_PEDataRelease_cosmo_reweight_C01:IMRPhenomXPHM.fits [0.99786468 1.         0.99987195 0.9997574  0.9993686  0.99999914] [0.99760172 0.99973666 0.99972911 0.99922164 0.99973666 0.99973666]
GW200208_130117 Series([], Name: flarename, dtype: object)
Calculating background rate...
IGWN-GWTC3p0-v1-GW200209_085452_PEDataRelease_cosmo_reweight_C01:IMRPhenomXPHM.fits [1. 1. 1. 1. 1. 1.] [0.99974777 0.99974777 0.99974777 0.99974777 0.99974777 0.99974777]
GW200209_085452 Series([], Name: flarename, dtype: object)
Calculating background rate...
IGWN-GWTC3p0-v1-GW200216_220804_PEDataRelease_cosmo_reweight_C01:IMRPhenomXPHM.fits [0.99991274 0.97841378 0.75748689 0.99998495 1.         0.81989682] [0.99924268 0.88612396 0.75359323 0.99962215 0.99975769 0.71546815]
GW200216_220804 5    J154342.46+461233.4
Name: flarename, dtype: object
Calculating background rate...
IGWN-GWTC3p0-v1-GW200210_092254_PEDataRelease_cosmo_reweight_C01:IMRPhenomXPHM.fits [0.31331761 0.99907494 0.99963855 0.9999495  0.99955836 0.83614854] [0.99896812 0.99896813 0.99896651 0.99896813 0.99896813 0.99896813]
GW200210_092254 Series([], Name: flarename, dtype: object)
Calculating background rate...
IGWN-GWTC3p0-v1-GW200220_061928_PEDataRelease_cosmo_reweight_C01:IMRPhenomXPHM.fits [0.90495053 0.99999977 1.         1.         0.99989593 0.99933086] [0.81146297 0.99475089 0.99475092 0.99475092 0.99326912 0.99283389]
GW200220_061928 Series([], Name: flarename, dtype: object)
Calculating background rate...
IGWN-GWTC3p0-v1-GW200219_094415_PEDataRelease_cosmo_reweight_C01:IMRPhenomXPHM.fits [1.         1.         1.         1.         0.75836707 1.        ] [1.00000448 1.00000448 1.00000448 1.00000448 0.73467169 1.00000448]
GW200219_094415 Series([], Name: flarename, dtype: object)
Calculating background rate...
IGWN-GWTC3p0-v1-GW200220_124850_PEDataRelease_cosmo_reweight_C01:IMRPhenomXPHM.fits [1.         1.         0.99858559 0.99977863 1.         0.14508317] [0.99970907 0.99970907 0.99114378 0.99669523 0.99970907 0.14782409]
GW200220_124850 5    J154342.46+461233.4
Name: flarename, dtype: object
Calculating background rate...
IGWN-GWTC3p0-v1-GW200306_093714_PEDataRelease_cosmo_reweight_C01:IMRPhenomXPHM.fits [1. 1. 1. 1. 1. 1.] [0.9984743 0.9984743 0.9984743 0.9984743 0.9984743 0.9984743]
GW200306_093714 Series([], Name: flarename, dtype: object)
Calculating background rate...
IGWN-GWTC3p0-v1-GW200308_173609_PEDataRelease_cosmo_reweight_C01:IMRPhenomXPHM.fits [0.97279516 0.85365825 0.90339078 0.73729884 0.89162544 0.91990862] [0.55905209 0.55905209 0.55905209 0.5138189  0.55905209 0.55905209]
GW200308_173609 Series([], Name: flarename, dtype: object)
Calculating background rate...
IGWN-GWTC3p0-v1-GW200225_060421_PEDataRelease_cosmo_reweight_C01:IMRPhenomXPHM.fits [1. 1. 1. 1. 1. 1.] [0.99998777 0.99998777 0.99998777 0.99998777 0.99998777 0.99998777]
GW200225_060421 Series([], Name: flarename, dtype: object)
Calculating background rate...
IGWN-GWTC3p0-v1-GW200224_222234_PEDataRelease_cosmo_reweight_C01:IMRPhenomXPHM.fits [1. 1. 1. 1. 1. 1.] [1.00000359 1.00000359 1.00000359 1.00000359 1.00000359 1.00000359]
GW200224_222234 Series([], Name: flarename, dtype: object)
Calculating background rate...
IGWN-GWTC3p0-v1-GW200316_215756_PEDataRelease_cosmo_reweight_C01:IMRPhenomXPHM.fits [1. 1. 1. 1. 1. 1.] [0.99999748 0.99999748 0.99999748 0.99999748 0.99999748 0.99999748]
GW200316_215756 Series([], Name: flarename, dtype: object)
Calculating background rate...
IGWN-GWTC3p0-v1-GW200322_091133_PEDataRelease_cosmo_reweight_C01:IMRPhenomXPHM.fits [0.85574322 0.98494792 0.2536469  0.73502491 0.71128601 0.12299287] [0.01219484 0.01219484 0.01219484 0.01219484 0.01219484 0.01219484]
GW200322_091133 Series([], Name: flarename, dtype: object)
Calculating background rate...
IGWN-GWTC3p0-v1-GW200302_015811_PEDataRelease_cosmo_reweight_C01:IMRPhenomXPHM.fits [1.         0.99719582 0.99999866 1.         0.99998171 1.        ] [0.99977179 0.99977179 0.99977179 0.99977179 0.99977179 0.99977179]
GW200302_015811 Series([], Name: flarename, dtype: object)
Calculating background rate...
IGWN-GWTC3p0-v1-GW200311_115853_PEDataRelease_cosmo_reweight_C01:IMRPhenomXPHM.fits [1. 1. 1. 1. 1. 1.] [1.00000338 1.00000338 1.00000338 1.00000338 1.00000338 1.00000338]
GW200311_115853 Series([], Name: flarename, dtype: object)
Calculating background rate...
/hildafs/projects/phy220048p/tcabrera/bbhagn/mycode/ligo.skymap/ligo/skymap/postprocess/crossmatch.py:459: RuntimeWarning: invalid value encountered in subtract
  contour_dists = (hi - lo).tolist()
/hildafs/projects/phy220048p/tcabrera/bbhagn/mycode/ligo.skymap/ligo/skymap/postprocess/crossmatch.py:459: RuntimeWarning: invalid value encountered in subtract
  contour_dists = (hi - lo).tolist()
/hildafs/projects/phy220048p/tcabrera/bbhagn/mycode/ligo.skymap/ligo/skymap/postprocess/crossmatch.py:459: RuntimeWarning: invalid value encountered in subtract
  contour_dists = (hi - lo).tolist()
/hildafs/projects/phy220048p/tcabrera/bbhagn/mycode/ligo.skymap/ligo/skymap/postprocess/crossmatch.py:459: RuntimeWarning: invalid value encountered in subtract
  contour_dists = (hi - lo).tolist()
/hildafs/projects/phy220048p/tcabrera/bbhagn/mycode/ligo.skymap/ligo/skymap/postprocess/crossmatch.py:459: RuntimeWarning: invalid value encountered in subtract
  contour_dists = (hi - lo).tolist()
/hildafs/projects/phy220048p/tcabrera/bbhagn/mycode/ligo.skymap/ligo/skymap/postprocess/crossmatch.py:459: RuntimeWarning: invalid value encountered in subtract
  contour_dists = (hi - lo).tolist()
/hildafs/projects/phy220048p/tcabrera/bbhagn/mycode/ligo.skymap/ligo/skymap/postprocess/crossmatch.py:459: RuntimeWarning: invalid value encountered in subtract
  contour_dists = (hi - lo).tolist()
/hildafs/projects/phy220048p/tcabrera/bbhagn/mycode/ligo.skymap/ligo/skymap/postprocess/crossmatch.py:459: RuntimeWarning: invalid value encountered in subtract
  contour_dists = (hi - lo).tolist()
/hildafs/projects/phy220048p/tcabrera/bbhagn/mycode/ligo.skymap/ligo/skymap/postprocess/crossmatch.py:459: RuntimeWarning: invalid value encountered in subtract
  contour_dists = (hi - lo).tolist()
/hildafs/projects/phy220048p/tcabrera/bbhagn/mycode/ligo.skymap/ligo/skymap/postprocess/crossmatch.py:459: RuntimeWarning: invalid value encountered in subtract
  contour_dists = (hi - lo).tolist()
Calculating signal and background arrays...
GW 0 has 0 coincident flares
GW 1 has 0 coincident flares
GW 2 has 0 coincident flares
GW 3 has 0 coincident flares
GW 4 has 0 coincident flares
GW 5 has 2 coincident flares
WARNING: UnitsWarning: 'pct' did not parse as fits unit: At col 0, Unit 'pct' not supported by the FITS standard. Did you mean PC, PT, cT, ct, pC, pT or pc? If this is meant to be a custom unit, define it with 'u.def_unit'. To have it recognized inside a file reader or other code, enable it with 'u.add_enabled_units'. For details, see https://docs.astropy.org/en/latest/units/combining_and_defining.html [astropy.units.core]
GW 6 has 0 coincident flares
GW 7 has 0 coincident flares
GW 8 has 0 coincident flares
GW 9 has 0 coincident flares
GW 10 has 0 coincident flares
GW 11 has 2 coincident flares
GW 12 has 0 coincident flares
GW 13 has 0 coincident flares
GW 14 has 1 coincident flares
GW 15 has 0 coincident flares
GW 16 has 0 coincident flares
GW 17 has 0 coincident flares
GW 18 has 1 coincident flares
GW 19 has 0 coincident flares
GW 20 has 0 coincident flares
GW 21 has 0 coincident flares
GW 22 has 0 coincident flares
GW 23 has 0 coincident flares
GW 24 has 0 coincident flares
GW 25 has 0 coincident flares
GW 26 has 0 coincident flares
GW 27 has 0 coincident flares
GW 28 has 0 coincident flares
GW 29 has 1 coincident flares
GW 30 has 0 coincident flares
GW 31 has 0 coincident flares
GW 32 has 0 coincident flares
GW 33 has 1 coincident flares
GW 34 has 0 coincident flares
GW 35 has 0 coincident flares
GW 36 has 0 coincident flares
GW 37 has 0 coincident flares
GW 38 has 0 coincident flares
GW 39 has 1 coincident flares
GW 40 has 0 coincident flares
GW 41 has 0 coincident flares
GW 42 has 0 coincident flares
GW 43 has 0 coincident flares
GW 44 has 0 coincident flares
GW 45 has 0 coincident flares
GW 46 has 0 coincident flares
GW 47 has 0 coincident flares
GW 48 has 0 coincident flares
GW 49 has 0 coincident flares
GW 50 has 0 coincident flares
GW 51 has 0 coincident flares
GW 52 has 0 coincident flares
GW 53 has 0 coincident flares
GW 54 has 0 coincident flares
GW 55 has 0 coincident flares
GW 56 has 0 coincident flares
GW 57 has 0 coincident flares
GW 58 has 0 coincident flares
GW 59 has 0 coincident flares
GW 60 has 0 coincident flares
GW 61 has 0 coincident flares
GW 62 has 0 coincident flares
GW 63 has 0 coincident flares
GW 64 has 0 coincident flares
GW 65 has 0 coincident flares
GW 66 has 0 coincident flares
GW 67 has 0 coincident flares
GW 68 has 0 coincident flares
GW 69 has 0 coincident flares
GW 70 has 0 coincident flares
GW 71 has 1 coincident flares
GW 72 has 0 coincident flares
GW 73 has 0 coincident flares
GW 74 has 1 coincident flares
GW 75 has 0 coincident flares
GW 76 has 0 coincident flares
GW 77 has 0 coincident flares
GW 78 has 0 coincident flares
GW 79 has 0 coincident flares
GW 80 has 0 coincident flares
GW 81 has 0 coincident flares
GW 82 has 0 coincident flares
******************** MCMC ********************
/hildafs/projects/phy220048p/tcabrera/bbhagn/bbhagn/utils/inference.py:135: RuntimeWarning: All-NaN slice encountered
  max_n_flares_bg = max_n_agn * np.nanmax(flares_per_agn_average)
/hildafs/projects/phy220048p/tcabrera/bbhagn/bbhagn/utils/inference.py:135: RuntimeWarning: All-NaN slice encountered
  max_n_flares_bg = max_n_agn * np.nanmax(flares_per_agn_average)
/hildafs/projects/phy220048p/tcabrera/bbhagn/bbhagn/utils/inference.py:135: RuntimeWarning: All-NaN slice encountered
  max_n_flares_bg = max_n_agn * np.nanmax(flares_per_agn_average)
/hildafs/projects/phy220048p/tcabrera/bbhagn/bbhagn/utils/inference.py:135: RuntimeWarning: All-NaN slice encountered
  max_n_flares_bg = max_n_agn * np.nanmax(flares_per_agn_average)
/hildafs/projects/phy220048p/tcabrera/bbhagn/bbhagn/utils/inference.py:135: RuntimeWarning: All-NaN slice encountered
  max_n_flares_bg = max_n_agn * np.nanmax(flares_per_agn_average)
/hildafs/projects/phy220048p/tcabrera/bbhagn/bbhagn/utils/inference.py:135: RuntimeWarning: All-NaN slice encountered
  max_n_flares_bg = max_n_agn * np.nanmax(flares_per_agn_average)
/hildafs/projects/phy220048p/tcabrera/bbhagn/bbhagn/utils/inference.py:135: RuntimeWarning: All-NaN slice encountered
  max_n_flares_bg = max_n_agn * np.nanmax(flares_per_agn_average)
/hildafs/projects/phy220048p/tcabrera/bbhagn/bbhagn/utils/inference.py:135: RuntimeWarning: All-NaN slice encountered
  max_n_flares_bg = max_n_agn * np.nanmax(flares_per_agn_average)
/hildafs/projects/phy220048p/tcabrera/bbhagn/bbhagn/utils/inference.py:135: RuntimeWarning: All-NaN slice encountered
  max_n_flares_bg = max_n_agn * np.nanmax(flares_per_agn_average)
/hildafs/projects/phy220048p/tcabrera/bbhagn/bbhagn/utils/inference.py:135: RuntimeWarning: All-NaN slice encountered
  max_n_flares_bg = max_n_agn * np.nanmax(flares_per_agn_average)
/hildafs/projects/phy220048p/tcabrera/bbhagn/bbhagn/utils/inference.py:135: RuntimeWarning: All-NaN slice encountered
  max_n_flares_bg = max_n_agn * np.nanmax(flares_per_agn_average)
/hildafs/projects/phy220048p/tcabrera/bbhagn/bbhagn/utils/inference.py:135: RuntimeWarning: All-NaN slice encountered
  max_n_flares_bg = max_n_agn * np.nanmax(flares_per_agn_average)
/hildafs/projects/phy220048p/tcabrera/bbhagn/bbhagn/utils/inference.py:135: RuntimeWarning: All-NaN slice encountered
  max_n_flares_bg = max_n_agn * np.nanmax(flares_per_agn_average)
/hildafs/projects/phy220048p/tcabrera/bbhagn/bbhagn/utils/inference.py:135: RuntimeWarning: All-NaN slice encountered
  max_n_flares_bg = max_n_agn * np.nanmax(flares_per_agn_average)
/hildafs/projects/phy220048p/tcabrera/bbhagn/bbhagn/utils/inference.py:135: RuntimeWarning: All-NaN slice encountered
  max_n_flares_bg = max_n_agn * np.nanmax(flares_per_agn_average)
/hildafs/projects/phy220048p/tcabrera/bbhagn/bbhagn/utils/inference.py:135: RuntimeWarning: All-NaN slice encountered
  max_n_flares_bg = max_n_agn * np.nanmax(flares_per_agn_average)
/hildafs/projects/phy220048p/tcabrera/bbhagn/bbhagn/utils/inference.py:135: RuntimeWarning: All-NaN slice encountered
  max_n_flares_bg = max_n_agn * np.nanmax(flares_per_agn_average)
/hildafs/projects/phy220048p/tcabrera/bbhagn/bbhagn/utils/inference.py:135: RuntimeWarning: All-NaN slice encountered
  max_n_flares_bg = max_n_agn * np.nanmax(flares_per_agn_average)
/hildafs/projects/phy220048p/tcabrera/bbhagn/bbhagn/utils/inference.py:135: RuntimeWarning: All-NaN slice encountered
  max_n_flares_bg = max_n_agn * np.nanmax(flares_per_agn_average)
/hildafs/projects/phy220048p/tcabrera/bbhagn/bbhagn/utils/inference.py:135: RuntimeWarning: All-NaN slice encountered
  max_n_flares_bg = max_n_agn * np.nanmax(flares_per_agn_average)
/hildafs/projects/phy220048p/tcabrera/bbhagn/bbhagn/utils/inference.py:135: RuntimeWarning: All-NaN slice encountered
  max_n_flares_bg = max_n_agn * np.nanmax(flares_per_agn_average)
/hildafs/projects/phy220048p/tcabrera/bbhagn/bbhagn/utils/inference.py:135: RuntimeWarning: All-NaN slice encountered
  max_n_flares_bg = max_n_agn * np.nanmax(flares_per_agn_average)
/hildafs/projects/phy220048p/tcabrera/bbhagn/bbhagn/utils/inference.py:135: RuntimeWarning: All-NaN slice encountered
  max_n_flares_bg = max_n_agn * np.nanmax(flares_per_agn_average)
/hildafs/projects/phy220048p/tcabrera/bbhagn/bbhagn/utils/inference.py:135: RuntimeWarning: All-NaN slice encountered
  max_n_flares_bg = max_n_agn * np.nanmax(flares_per_agn_average)
/hildafs/projects/phy220048p/tcabrera/bbhagn/bbhagn/utils/inference.py:135: RuntimeWarning: All-NaN slice encountered
  max_n_flares_bg = max_n_agn * np.nanmax(flares_per_agn_average)
/hildafs/projects/phy220048p/tcabrera/bbhagn/bbhagn/utils/inference.py:135: RuntimeWarning: All-NaN slice encountered
  max_n_flares_bg = max_n_agn * np.nanmax(flares_per_agn_average)
/hildafs/projects/phy220048p/tcabrera/bbhagn/bbhagn/utils/inference.py:135: RuntimeWarning: All-NaN slice encountered
  max_n_flares_bg = max_n_agn * np.nanmax(flares_per_agn_average)
  0%|          | 0/5000 [00:00<?, ?it/s]/hildafs/projects/phy220048p/tcabrera/bbhagn/bbhagn/utils/inference.py:135: RuntimeWarning: All-NaN slice encountered
  max_n_flares_bg = max_n_agn * np.nanmax(flares_per_agn_average)
/hildafs/projects/phy220048p/tcabrera/bbhagn/bbhagn/utils/inference.py:135: RuntimeWarning: All-NaN slice encountered
  max_n_flares_bg = max_n_agn * np.nanmax(flares_per_agn_average)
/hildafs/projects/phy220048p/tcabrera/bbhagn/bbhagn/utils/inference.py:135: RuntimeWarning: All-NaN slice encountered
  max_n_flares_bg = max_n_agn * np.nanmax(flares_per_agn_average)
/hildafs/projects/phy220048p/tcabrera/bbhagn/bbhagn/utils/inference.py:135: RuntimeWarning: All-NaN slice encountered
  max_n_flares_bg = max_n_agn * np.nanmax(flares_per_agn_average)
/hildafs/projects/phy220048p/tcabrera/bbhagn/bbhagn/utils/inference.py:135: RuntimeWarning: All-NaN slice encountered
  max_n_flares_bg = max_n_agn * np.nanmax(flares_per_agn_average)
  0%|          | 10/5000 [00:00<00:52, 95.37it/s]  0%|          | 21/5000 [00:00<00:48, 102.00it/s]  1%|          | 32/5000 [00:00<00:48, 103.06it/s]  1%|          | 43/5000 [00:00<00:47, 103.63it/s]  1%|          | 54/5000 [00:00<00:47, 104.01it/s]  1%|▏         | 65/5000 [00:00<00:47, 103.72it/s]  2%|▏         | 76/5000 [00:00<00:46, 104.99it/s]  2%|▏         | 87/5000 [00:00<00:46, 105.08it/s]  2%|▏         | 98/5000 [00:00<00:46, 104.84it/s]  2%|▏         | 109/5000 [00:01<00:46, 104.93it/s]  2%|▏         | 120/5000 [00:01<00:46, 104.64it/s]  3%|▎         | 131/5000 [00:01<00:46, 104.01it/s]  3%|▎         | 142/5000 [00:01<00:46, 105.08it/s]  3%|▎         | 153/5000 [00:01<00:45, 105.52it/s]  3%|▎         | 164/5000 [00:01<00:46, 105.11it/s]  4%|▎         | 175/5000 [00:01<00:46, 104.87it/s]  4%|▎         | 186/5000 [00:01<00:45, 105.17it/s]  4%|▍         | 197/5000 [00:01<00:45, 105.05it/s]  4%|▍         | 208/5000 [00:01<00:45, 106.30it/s]  4%|▍         | 219/5000 [00:02<00:44, 106.43it/s]  5%|▍         | 230/5000 [00:02<00:44, 106.50it/s]  5%|▍         | 241/5000 [00:02<00:44, 106.70it/s]  5%|▌         | 253/5000 [00:02<00:43, 108.08it/s]  5%|▌         | 264/5000 [00:02<00:44, 106.29it/s]  6%|▌         | 275/5000 [00:02<00:44, 105.66it/s]  6%|▌         | 286/5000 [00:02<00:44, 106.26it/s]  6%|▌         | 298/5000 [00:02<00:43, 107.40it/s]  6%|▌         | 309/5000 [00:02<00:43, 107.85it/s]  6%|▋         | 320/5000 [00:03<00:43, 107.32it/s]  7%|▋         | 331/5000 [00:03<00:43, 106.64it/s]  7%|▋         | 342/5000 [00:03<00:43, 106.86it/s]  7%|▋         | 353/5000 [00:03<00:43, 106.33it/s]  7%|▋         | 364/5000 [00:03<00:43, 107.31it/s]  8%|▊         | 375/5000 [00:03<00:43, 106.06it/s]  8%|▊         | 386/5000 [00:03<00:43, 105.30it/s]  8%|▊         | 397/5000 [00:03<00:44, 104.11it/s]  8%|▊         | 408/5000 [00:03<00:44, 103.58it/s]  8%|▊         | 419/5000 [00:03<00:43, 104.44it/s]  9%|▊         | 430/5000 [00:04<00:43, 104.40it/s]  9%|▉         | 441/5000 [00:04<00:43, 104.41it/s]  9%|▉         | 452/5000 [00:04<00:43, 105.05it/s]  9%|▉         | 463/5000 [00:04<00:43, 104.04it/s]  9%|▉         | 474/5000 [00:04<00:43, 104.76it/s] 10%|▉         | 485/5000 [00:04<00:43, 104.79it/s] 10%|▉         | 496/5000 [00:04<00:42, 104.84it/s] 10%|█         | 507/5000 [00:04<00:42, 105.18it/s] 10%|█         | 518/5000 [00:04<00:42, 106.38it/s] 11%|█         | 529/5000 [00:05<00:42, 105.96it/s] 11%|█         | 540/5000 [00:05<00:42, 105.35it/s] 11%|█         | 551/5000 [00:05<00:42, 105.33it/s] 11%|█         | 562/5000 [00:05<00:42, 105.19it/s] 11%|█▏        | 573/5000 [00:05<00:42, 105.16it/s] 12%|█▏        | 584/5000 [00:05<00:42, 104.49it/s] 12%|█▏        | 595/5000 [00:05<00:41, 105.58it/s] 12%|█▏        | 606/5000 [00:05<00:41, 104.64it/s] 12%|█▏        | 617/5000 [00:05<00:41, 104.74it/s] 13%|█▎        | 628/5000 [00:05<00:41, 105.57it/s] 13%|█▎        | 639/5000 [00:06<00:41, 105.79it/s] 13%|█▎        | 650/5000 [00:06<00:40, 106.37it/s] 13%|█▎        | 661/5000 [00:06<00:41, 105.58it/s] 13%|█▎        | 672/5000 [00:06<00:41, 105.47it/s] 14%|█▎        | 683/5000 [00:06<00:40, 106.08it/s] 14%|█▍        | 694/5000 [00:06<00:40, 105.83it/s] 14%|█▍        | 705/5000 [00:06<00:40, 106.33it/s] 14%|█▍        | 716/5000 [00:06<00:40, 105.74it/s] 15%|█▍        | 728/5000 [00:06<00:39, 107.49it/s] 15%|█▍        | 739/5000 [00:07<00:39, 107.82it/s] 15%|█▌        | 750/5000 [00:07<00:39, 107.34it/s] 15%|█▌        | 762/5000 [00:07<00:38, 109.73it/s] 15%|█▌        | 773/5000 [00:07<00:38, 109.46it/s] 16%|█▌        | 784/5000 [00:07<00:39, 107.63it/s] 16%|█▌        | 795/5000 [00:07<00:39, 107.40it/s] 16%|█▌        | 806/5000 [00:07<00:38, 107.77it/s] 16%|█▋        | 817/5000 [00:07<00:39, 105.96it/s] 17%|█▋        | 828/5000 [00:07<00:39, 106.28it/s] 17%|█▋        | 839/5000 [00:07<00:39, 105.93it/s] 17%|█▋        | 850/5000 [00:08<00:38, 106.50it/s] 17%|█▋        | 861/5000 [00:08<00:38, 106.87it/s] 17%|█▋        | 872/5000 [00:08<00:38, 106.58it/s] 18%|█▊        | 884/5000 [00:08<00:38, 107.81it/s] 18%|█▊        | 896/5000 [00:08<00:37, 108.71it/s] 18%|█▊        | 907/5000 [00:08<00:37, 108.20it/s] 18%|█▊        | 918/5000 [00:08<00:37, 108.07it/s] 19%|█▊        | 929/5000 [00:08<00:37, 107.72it/s] 19%|█▉        | 940/5000 [00:08<00:37, 107.06it/s] 19%|█▉        | 951/5000 [00:08<00:37, 107.11it/s] 19%|█▉        | 962/5000 [00:09<00:37, 107.92it/s] 19%|█▉        | 973/5000 [00:09<00:37, 107.18it/s] 20%|█▉        | 984/5000 [00:09<00:37, 106.38it/s] 20%|█▉        | 995/5000 [00:09<00:37, 106.17it/s] 20%|██        | 1006/5000 [00:09<00:37, 106.08it/s] 20%|██        | 1017/5000 [00:09<00:37, 107.00it/s] 21%|██        | 1028/5000 [00:09<00:37, 105.83it/s] 21%|██        | 1039/5000 [00:09<00:37, 105.26it/s] 21%|██        | 1050/5000 [00:09<00:37, 104.14it/s] 21%|██        | 1061/5000 [00:10<00:37, 104.27it/s] 21%|██▏       | 1072/5000 [00:10<00:37, 103.96it/s] 22%|██▏       | 1083/5000 [00:10<00:37, 104.21it/s] 22%|██▏       | 1095/5000 [00:10<00:36, 106.67it/s] 22%|██▏       | 1107/5000 [00:10<00:35, 109.28it/s] 22%|██▏       | 1119/5000 [00:10<00:35, 109.74it/s] 23%|██▎       | 1130/5000 [00:10<00:35, 109.27it/s] 23%|██▎       | 1141/5000 [00:10<00:35, 108.69it/s] 23%|██▎       | 1152/5000 [00:10<00:35, 108.34it/s] 23%|██▎       | 1164/5000 [00:10<00:34, 110.15it/s] 24%|██▎       | 1176/5000 [00:11<00:35, 108.91it/s] 24%|██▎       | 1187/5000 [00:11<00:35, 108.11it/s] 24%|██▍       | 1198/5000 [00:11<00:35, 107.33it/s] 24%|██▍       | 1209/5000 [00:11<00:35, 107.51it/s] 24%|██▍       | 1221/5000 [00:11<00:34, 108.21it/s] 25%|██▍       | 1232/5000 [00:11<00:34, 108.55it/s] 25%|██▍       | 1243/5000 [00:11<00:34, 108.71it/s] 25%|██▌       | 1254/5000 [00:11<00:34, 107.12it/s] 25%|██▌       | 1265/5000 [00:11<00:35, 106.14it/s] 26%|██▌       | 1276/5000 [00:12<00:34, 106.85it/s] 26%|██▌       | 1287/5000 [00:12<00:34, 106.48it/s] 26%|██▌       | 1298/5000 [00:12<00:34, 106.43it/s] 26%|██▌       | 1309/5000 [00:12<00:34, 106.71it/s] 26%|██▋       | 1320/5000 [00:12<00:34, 107.00it/s] 27%|██▋       | 1331/5000 [00:12<00:34, 107.25it/s] 27%|██▋       | 1342/5000 [00:12<00:34, 106.57it/s] 27%|██▋       | 1353/5000 [00:12<00:34, 106.19it/s] 27%|██▋       | 1364/5000 [00:12<00:34, 105.57it/s] 28%|██▊       | 1375/5000 [00:12<00:33, 106.73it/s] 28%|██▊       | 1386/5000 [00:13<00:33, 106.49it/s] 28%|██▊       | 1397/5000 [00:13<00:34, 105.45it/s] 28%|██▊       | 1408/5000 [00:13<00:34, 105.37it/s] 28%|██▊       | 1419/5000 [00:13<00:33, 105.87it/s] 29%|██▊       | 1430/5000 [00:13<00:33, 107.00it/s] 29%|██▉       | 1441/5000 [00:13<00:33, 106.96it/s] 29%|██▉       | 1452/5000 [00:13<00:33, 107.02it/s] 29%|██▉       | 1463/5000 [00:13<00:33, 106.94it/s] 29%|██▉       | 1474/5000 [00:13<00:33, 106.16it/s] 30%|██▉       | 1485/5000 [00:13<00:33, 105.72it/s] 30%|██▉       | 1496/5000 [00:14<00:33, 104.52it/s] 30%|███       | 1507/5000 [00:14<00:32, 106.00it/s] 30%|███       | 1518/5000 [00:14<00:32, 106.58it/s] 31%|███       | 1529/5000 [00:14<00:32, 105.57it/s] 31%|███       | 1540/5000 [00:14<00:33, 104.55it/s] 31%|███       | 1551/5000 [00:14<00:33, 103.91it/s] 31%|███       | 1562/5000 [00:14<00:32, 104.52it/s] 31%|███▏      | 1573/5000 [00:14<00:32, 105.65it/s] 32%|███▏      | 1584/5000 [00:14<00:32, 104.41it/s] 32%|███▏      | 1595/5000 [00:15<00:32, 105.58it/s] 32%|███▏      | 1606/5000 [00:15<00:32, 105.87it/s] 32%|███▏      | 1617/5000 [00:15<00:32, 105.18it/s] 33%|███▎      | 1628/5000 [00:15<00:31, 105.53it/s] 33%|███▎      | 1639/5000 [00:15<00:31, 106.18it/s] 33%|███▎      | 1650/5000 [00:15<00:31, 105.10it/s] 33%|███▎      | 1661/5000 [00:15<00:31, 105.31it/s] 33%|███▎      | 1672/5000 [00:15<00:31, 104.95it/s] 34%|███▎      | 1683/5000 [00:15<00:31, 105.79it/s] 34%|███▍      | 1694/5000 [00:15<00:31, 104.53it/s] 34%|███▍      | 1705/5000 [00:16<00:31, 105.50it/s] 34%|███▍      | 1716/5000 [00:16<00:30, 106.21it/s] 35%|███▍      | 1727/5000 [00:16<00:30, 105.91it/s] 35%|███▍      | 1738/5000 [00:16<00:30, 105.91it/s] 35%|███▍      | 1749/5000 [00:16<00:30, 105.91it/s] 35%|███▌      | 1760/5000 [00:16<00:30, 105.64it/s] 35%|███▌      | 1771/5000 [00:16<00:30, 105.76it/s] 36%|███▌      | 1782/5000 [00:16<00:30, 106.52it/s] 36%|███▌      | 1793/5000 [00:16<00:29, 107.09it/s] 36%|███▌      | 1804/5000 [00:16<00:29, 107.40it/s] 36%|███▋      | 1815/5000 [00:17<00:29, 107.33it/s] 37%|███▋      | 1826/5000 [00:17<00:29, 107.62it/s] 37%|███▋      | 1837/5000 [00:17<00:29, 107.12it/s] 37%|███▋      | 1848/5000 [00:17<00:29, 106.39it/s] 37%|███▋      | 1859/5000 [00:17<00:29, 105.99it/s] 37%|███▋      | 1870/5000 [00:17<00:29, 105.38it/s] 38%|███▊      | 1881/5000 [00:17<00:29, 105.94it/s] 38%|███▊      | 1893/5000 [00:17<00:28, 107.31it/s] 38%|███▊      | 1904/5000 [00:17<00:28, 107.17it/s] 38%|███▊      | 1915/5000 [00:18<00:29, 105.90it/s] 39%|███▊      | 1926/5000 [00:18<00:28, 106.25it/s] 39%|███▊      | 1937/5000 [00:18<00:28, 106.87it/s] 39%|███▉      | 1948/5000 [00:18<00:28, 106.86it/s] 39%|███▉      | 1959/5000 [00:18<00:28, 107.42it/s] 39%|███▉      | 1970/5000 [00:18<00:28, 107.29it/s] 40%|███▉      | 1981/5000 [00:18<00:28, 107.18it/s] 40%|███▉      | 1992/5000 [00:18<00:28, 106.44it/s] 40%|████      | 2003/5000 [00:18<00:27, 107.16it/s] 40%|████      | 2015/5000 [00:18<00:27, 108.48it/s] 41%|████      | 2026/5000 [00:19<00:27, 107.38it/s] 41%|████      | 2037/5000 [00:19<00:27, 107.44it/s] 41%|████      | 2048/5000 [00:19<00:27, 107.04it/s] 41%|████      | 2059/5000 [00:19<00:27, 106.35it/s] 41%|████▏     | 2070/5000 [00:19<00:27, 106.75it/s] 42%|████▏     | 2081/5000 [00:19<00:27, 105.45it/s] 42%|████▏     | 2092/5000 [00:19<00:27, 106.27it/s] 42%|████▏     | 2103/5000 [00:19<00:27, 107.15it/s] 42%|████▏     | 2114/5000 [00:19<00:27, 106.61it/s] 42%|████▎     | 2125/5000 [00:20<00:27, 105.76it/s] 43%|████▎     | 2136/5000 [00:20<00:27, 105.19it/s] 43%|████▎     | 2147/5000 [00:20<00:27, 104.88it/s] 43%|████▎     | 2158/5000 [00:20<00:26, 105.43it/s] 43%|████▎     | 2169/5000 [00:20<00:27, 104.25it/s] 44%|████▎     | 2180/5000 [00:20<00:26, 104.46it/s] 44%|████▍     | 2191/5000 [00:20<00:26, 104.55it/s] 44%|████▍     | 2202/5000 [00:20<00:27, 103.28it/s] 44%|████▍     | 2213/5000 [00:20<00:26, 103.57it/s] 44%|████▍     | 2224/5000 [00:20<00:26, 103.89it/s] 45%|████▍     | 2235/5000 [00:21<00:26, 103.98it/s] 45%|████▍     | 2246/5000 [00:21<00:26, 104.58it/s] 45%|████▌     | 2257/5000 [00:21<00:26, 105.24it/s] 45%|████▌     | 2268/5000 [00:21<00:25, 105.42it/s] 46%|████▌     | 2279/5000 [00:21<00:25, 105.59it/s] 46%|████▌     | 2290/5000 [00:21<00:25, 105.31it/s] 46%|████▌     | 2301/5000 [00:21<00:25, 105.37it/s] 46%|████▌     | 2312/5000 [00:21<00:25, 105.23it/s] 46%|████▋     | 2323/5000 [00:21<00:25, 105.29it/s] 47%|████▋     | 2334/5000 [00:22<00:25, 104.76it/s] 47%|████▋     | 2345/5000 [00:22<00:25, 105.48it/s] 47%|████▋     | 2356/5000 [00:22<00:25, 105.71it/s] 47%|████▋     | 2367/5000 [00:22<00:24, 105.96it/s] 48%|████▊     | 2378/5000 [00:22<00:24, 105.99it/s] 48%|████▊     | 2389/5000 [00:22<00:24, 106.42it/s] 48%|████▊     | 2400/5000 [00:22<00:24, 107.14it/s] 48%|████▊     | 2411/5000 [00:22<00:24, 106.49it/s] 48%|████▊     | 2422/5000 [00:22<00:24, 106.96it/s] 49%|████▊     | 2433/5000 [00:22<00:24, 106.09it/s] 49%|████▉     | 2444/5000 [00:23<00:23, 106.83it/s] 49%|████▉     | 2455/5000 [00:23<00:24, 105.72it/s] 49%|████▉     | 2466/5000 [00:23<00:23, 105.84it/s] 50%|████▉     | 2477/5000 [00:23<00:23, 105.78it/s] 50%|████▉     | 2488/5000 [00:23<00:23, 105.78it/s] 50%|████▉     | 2499/5000 [00:23<00:23, 106.64it/s] 50%|█████     | 2511/5000 [00:23<00:23, 107.80it/s] 50%|█████     | 2522/5000 [00:23<00:23, 107.47it/s] 51%|█████     | 2533/5000 [00:23<00:23, 106.75it/s] 51%|█████     | 2544/5000 [00:23<00:22, 107.26it/s] 51%|█████     | 2556/5000 [00:24<00:22, 108.44it/s] 51%|█████▏    | 2568/5000 [00:24<00:22, 108.97it/s] 52%|█████▏    | 2580/5000 [00:24<00:22, 109.93it/s] 52%|█████▏    | 2591/5000 [00:24<00:22, 108.95it/s] 52%|█████▏    | 2602/5000 [00:24<00:22, 108.67it/s] 52%|█████▏    | 2613/5000 [00:24<00:22, 108.49it/s] 52%|█████▎    | 2625/5000 [00:24<00:21, 109.09it/s] 53%|█████▎    | 2636/5000 [00:24<00:21, 108.51it/s] 53%|█████▎    | 2648/5000 [00:24<00:21, 111.05it/s] 53%|█████▎    | 2660/5000 [00:25<00:20, 112.96it/s] 53%|█████▎    | 2672/5000 [00:25<00:20, 111.74it/s] 54%|█████▎    | 2684/5000 [00:25<00:20, 110.93it/s] 54%|█████▍    | 2696/5000 [00:25<00:20, 110.97it/s] 54%|█████▍    | 2708/5000 [00:25<00:20, 109.25it/s] 54%|█████▍    | 2719/5000 [00:25<00:21, 107.81it/s] 55%|█████▍    | 2731/5000 [00:25<00:20, 110.17it/s] 55%|█████▍    | 2743/5000 [00:25<00:20, 109.07it/s] 55%|█████▌    | 2754/5000 [00:25<00:20, 108.93it/s] 55%|█████▌    | 2765/5000 [00:25<00:20, 108.51it/s] 56%|█████▌    | 2776/5000 [00:26<00:20, 107.43it/s] 56%|█████▌    | 2787/5000 [00:26<00:20, 105.58it/s] 56%|█████▌    | 2798/5000 [00:26<00:20, 105.06it/s] 56%|█████▌    | 2809/5000 [00:26<00:20, 104.75it/s] 56%|█████▋    | 2820/5000 [00:26<00:20, 105.27it/s] 57%|█████▋    | 2831/5000 [00:26<00:20, 104.78it/s] 57%|█████▋    | 2842/5000 [00:26<00:20, 105.49it/s] 57%|█████▋    | 2853/5000 [00:26<00:20, 104.71it/s] 57%|█████▋    | 2864/5000 [00:26<00:20, 104.49it/s] 57%|█████▊    | 2875/5000 [00:27<00:20, 104.25it/s] 58%|█████▊    | 2887/5000 [00:27<00:19, 106.64it/s] 58%|█████▊    | 2898/5000 [00:27<00:19, 106.47it/s] 58%|█████▊    | 2909/5000 [00:27<00:19, 106.57it/s] 58%|█████▊    | 2920/5000 [00:27<00:19, 106.24it/s] 59%|█████▊    | 2931/5000 [00:27<00:19, 105.98it/s] 59%|█████▉    | 2942/5000 [00:27<00:19, 106.40it/s] 59%|█████▉    | 2953/5000 [00:27<00:19, 105.68it/s] 59%|█████▉    | 2964/5000 [00:27<00:19, 105.23it/s] 60%|█████▉    | 2975/5000 [00:27<00:19, 105.61it/s] 60%|█████▉    | 2986/5000 [00:28<00:19, 105.54it/s] 60%|█████▉    | 2997/5000 [00:28<00:19, 105.23it/s] 60%|██████    | 3008/5000 [00:28<00:19, 104.14it/s] 60%|██████    | 3019/5000 [00:28<00:19, 104.23it/s] 61%|██████    | 3030/5000 [00:28<00:18, 104.30it/s] 61%|██████    | 3041/5000 [00:28<00:18, 103.93it/s] 61%|██████    | 3052/5000 [00:28<00:18, 104.35it/s] 61%|██████▏   | 3063/5000 [00:28<00:18, 105.26it/s] 61%|██████▏   | 3074/5000 [00:28<00:18, 105.54it/s] 62%|██████▏   | 3085/5000 [00:29<00:18, 105.01it/s] 62%|██████▏   | 3096/5000 [00:29<00:18, 105.18it/s] 62%|██████▏   | 3107/5000 [00:29<00:17, 105.53it/s] 62%|██████▏   | 3118/5000 [00:29<00:17, 105.72it/s] 63%|██████▎   | 3129/5000 [00:29<00:17, 105.89it/s] 63%|██████▎   | 3140/5000 [00:29<00:17, 105.72it/s] 63%|██████▎   | 3151/5000 [00:29<00:17, 105.08it/s] 63%|██████▎   | 3162/5000 [00:29<00:17, 104.39it/s] 63%|██████▎   | 3173/5000 [00:29<00:17, 105.11it/s] 64%|██████▎   | 3184/5000 [00:29<00:17, 104.85it/s] 64%|██████▍   | 3195/5000 [00:30<00:17, 103.32it/s] 64%|██████▍   | 3206/5000 [00:30<00:17, 104.13it/s] 64%|██████▍   | 3217/5000 [00:30<00:17, 104.30it/s] 65%|██████▍   | 3229/5000 [00:30<00:16, 105.88it/s] 65%|██████▍   | 3240/5000 [00:30<00:16, 106.01it/s] 65%|██████▌   | 3251/5000 [00:30<00:16, 105.41it/s] 65%|██████▌   | 3262/5000 [00:30<00:16, 106.45it/s] 65%|██████▌   | 3274/5000 [00:30<00:16, 107.83it/s] 66%|██████▌   | 3286/5000 [00:30<00:15, 109.82it/s] 66%|██████▌   | 3297/5000 [00:31<00:15, 108.61it/s] 66%|██████▌   | 3308/5000 [00:31<00:15, 107.27it/s] 66%|██████▋   | 3319/5000 [00:31<00:15, 107.10it/s] 67%|██████▋   | 3330/5000 [00:31<00:15, 107.12it/s] 67%|██████▋   | 3341/5000 [00:31<00:15, 106.88it/s] 67%|██████▋   | 3352/5000 [00:31<00:15, 106.76it/s] 67%|██████▋   | 3363/5000 [00:31<00:15, 106.25it/s] 67%|██████▋   | 3374/5000 [00:31<00:15, 105.96it/s] 68%|██████▊   | 3385/5000 [00:31<00:15, 106.16it/s] 68%|██████▊   | 3396/5000 [00:31<00:15, 106.26it/s] 68%|██████▊   | 3408/5000 [00:32<00:14, 108.93it/s] 68%|██████▊   | 3419/5000 [00:32<00:14, 108.93it/s] 69%|██████▊   | 3430/5000 [00:32<00:14, 108.37it/s] 69%|██████▉   | 3441/5000 [00:32<00:14, 108.22it/s] 69%|██████▉   | 3452/5000 [00:32<00:14, 108.55it/s] 69%|██████▉   | 3464/5000 [00:32<00:14, 109.22it/s] 70%|██████▉   | 3475/5000 [00:32<00:14, 107.99it/s] 70%|██████▉   | 3486/5000 [00:32<00:14, 107.55it/s] 70%|██████▉   | 3497/5000 [00:32<00:14, 107.34it/s] 70%|███████   | 3508/5000 [00:32<00:13, 106.89it/s] 70%|███████   | 3519/5000 [00:33<00:13, 107.51it/s] 71%|███████   | 3530/5000 [00:33<00:13, 107.04it/s] 71%|███████   | 3541/5000 [00:33<00:13, 106.52it/s] 71%|███████   | 3552/5000 [00:33<00:13, 107.12it/s] 71%|███████▏  | 3563/5000 [00:33<00:13, 106.62it/s] 71%|███████▏  | 3574/5000 [00:33<00:13, 106.49it/s] 72%|███████▏  | 3585/5000 [00:33<00:13, 106.76it/s] 72%|███████▏  | 3596/5000 [00:33<00:13, 106.44it/s] 72%|███████▏  | 3607/5000 [00:33<00:13, 106.19it/s] 72%|███████▏  | 3618/5000 [00:34<00:13, 104.62it/s] 73%|███████▎  | 3629/5000 [00:34<00:12, 106.15it/s] 73%|███████▎  | 3641/5000 [00:34<00:12, 107.21it/s] 73%|███████▎  | 3652/5000 [00:34<00:12, 107.39it/s] 73%|███████▎  | 3663/5000 [00:34<00:12, 107.82it/s] 73%|███████▎  | 3674/5000 [00:34<00:12, 107.66it/s] 74%|███████▎  | 3685/5000 [00:34<00:12, 107.74it/s] 74%|███████▍  | 3696/5000 [00:34<00:12, 108.00it/s] 74%|███████▍  | 3707/5000 [00:34<00:12, 107.52it/s] 74%|███████▍  | 3718/5000 [00:34<00:11, 106.94it/s] 75%|███████▍  | 3729/5000 [00:35<00:11, 106.60it/s] 75%|███████▍  | 3740/5000 [00:35<00:11, 106.66it/s] 75%|███████▌  | 3751/5000 [00:35<00:11, 106.17it/s] 75%|███████▌  | 3762/5000 [00:35<00:11, 106.27it/s] 75%|███████▌  | 3773/5000 [00:35<00:11, 106.94it/s] 76%|███████▌  | 3784/5000 [00:35<00:11, 107.61it/s] 76%|███████▌  | 3795/5000 [00:35<00:11, 107.55it/s] 76%|███████▌  | 3806/5000 [00:35<00:11, 107.47it/s] 76%|███████▋  | 3817/5000 [00:35<00:11, 107.06it/s] 77%|███████▋  | 3828/5000 [00:35<00:11, 106.13it/s] 77%|███████▋  | 3839/5000 [00:36<00:11, 105.28it/s] 77%|███████▋  | 3851/5000 [00:36<00:10, 107.01it/s] 77%|███████▋  | 3862/5000 [00:36<00:10, 106.70it/s] 77%|███████▋  | 3874/5000 [00:36<00:10, 108.03it/s] 78%|███████▊  | 3886/5000 [00:36<00:10, 108.65it/s] 78%|███████▊  | 3897/5000 [00:36<00:10, 108.42it/s] 78%|███████▊  | 3908/5000 [00:36<00:10, 108.19it/s] 78%|███████▊  | 3919/5000 [00:36<00:09, 108.41it/s] 79%|███████▊  | 3930/5000 [00:36<00:09, 108.78it/s] 79%|███████▉  | 3941/5000 [00:37<00:09, 108.08it/s] 79%|███████▉  | 3952/5000 [00:37<00:09, 107.64it/s] 79%|███████▉  | 3963/5000 [00:37<00:09, 107.45it/s] 79%|███████▉  | 3974/5000 [00:37<00:09, 107.05it/s] 80%|███████▉  | 3985/5000 [00:37<00:09, 106.63it/s] 80%|███████▉  | 3996/5000 [00:37<00:09, 107.51it/s] 80%|████████  | 4007/5000 [00:37<00:09, 107.14it/s] 80%|████████  | 4018/5000 [00:37<00:09, 107.34it/s] 81%|████████  | 4029/5000 [00:37<00:09, 106.93it/s] 81%|████████  | 4040/5000 [00:37<00:08, 106.91it/s] 81%|████████  | 4051/5000 [00:38<00:08, 106.72it/s] 81%|████████  | 4062/5000 [00:38<00:08, 106.76it/s] 81%|████████▏ | 4073/5000 [00:38<00:08, 106.88it/s] 82%|████████▏ | 4084/5000 [00:38<00:08, 107.79it/s] 82%|████████▏ | 4095/5000 [00:38<00:08, 107.17it/s] 82%|████████▏ | 4106/5000 [00:38<00:08, 106.85it/s] 82%|████████▏ | 4117/5000 [00:38<00:08, 107.53it/s] 83%|████████▎ | 4129/5000 [00:38<00:08, 108.25it/s] 83%|████████▎ | 4141/5000 [00:38<00:07, 108.83it/s] 83%|████████▎ | 4152/5000 [00:38<00:07, 108.48it/s] 83%|████████▎ | 4164/5000 [00:39<00:07, 109.45it/s] 84%|████████▎ | 4175/5000 [00:39<00:07, 109.35it/s] 84%|████████▎ | 4187/5000 [00:39<00:07, 110.79it/s] 84%|████████▍ | 4199/5000 [00:39<00:07, 110.17it/s] 84%|████████▍ | 4211/5000 [00:39<00:07, 112.32it/s] 84%|████████▍ | 4223/5000 [00:39<00:06, 111.01it/s] 85%|████████▍ | 4235/5000 [00:39<00:06, 110.40it/s] 85%|████████▍ | 4247/5000 [00:39<00:06, 109.27it/s] 85%|████████▌ | 4258/5000 [00:39<00:06, 109.37it/s] 85%|████████▌ | 4269/5000 [00:40<00:06, 108.57it/s] 86%|████████▌ | 4280/5000 [00:40<00:06, 108.41it/s] 86%|████████▌ | 4291/5000 [00:40<00:06, 107.74it/s] 86%|████████▌ | 4302/5000 [00:40<00:06, 107.08it/s] 86%|████████▋ | 4313/5000 [00:40<00:06, 107.31it/s] 86%|████████▋ | 4325/5000 [00:40<00:06, 108.49it/s] 87%|████████▋ | 4336/5000 [00:40<00:06, 108.24it/s] 87%|████████▋ | 4347/5000 [00:40<00:06, 108.71it/s] 87%|████████▋ | 4358/5000 [00:40<00:05, 107.69it/s] 87%|████████▋ | 4369/5000 [00:40<00:05, 107.56it/s] 88%|████████▊ | 4380/5000 [00:41<00:05, 107.64it/s] 88%|████████▊ | 4392/5000 [00:41<00:05, 108.65it/s] 88%|████████▊ | 4404/5000 [00:41<00:05, 109.46it/s] 88%|████████▊ | 4415/5000 [00:41<00:05, 108.78it/s] 89%|████████▊ | 4426/5000 [00:41<00:05, 108.38it/s] 89%|████████▉ | 4438/5000 [00:41<00:05, 109.90it/s] 89%|████████▉ | 4449/5000 [00:41<00:05, 109.49it/s] 89%|████████▉ | 4460/5000 [00:41<00:04, 108.54it/s] 89%|████████▉ | 4471/5000 [00:41<00:04, 107.32it/s] 90%|████████▉ | 4482/5000 [00:42<00:04, 108.08it/s] 90%|████████▉ | 4493/5000 [00:42<00:04, 108.33it/s] 90%|█████████ | 4504/5000 [00:42<00:04, 108.00it/s] 90%|█████████ | 4515/5000 [00:42<00:04, 107.05it/s] 91%|█████████ | 4526/5000 [00:42<00:04, 106.73it/s] 91%|█████████ | 4537/5000 [00:42<00:04, 106.60it/s] 91%|█████████ | 4548/5000 [00:42<00:04, 106.76it/s] 91%|█████████ | 4559/5000 [00:42<00:04, 107.51it/s] 91%|█████████▏| 4570/5000 [00:42<00:04, 106.78it/s] 92%|█████████▏| 4581/5000 [00:42<00:03, 107.13it/s] 92%|█████████▏| 4593/5000 [00:43<00:03, 109.39it/s] 92%|█████████▏| 4604/5000 [00:43<00:03, 108.59it/s] 92%|█████████▏| 4616/5000 [00:43<00:03, 109.12it/s] 93%|█████████▎| 4628/5000 [00:43<00:03, 109.38it/s] 93%|█████████▎| 4640/5000 [00:43<00:03, 109.74it/s] 93%|█████████▎| 4651/5000 [00:43<00:03, 108.20it/s] 93%|█████████▎| 4662/5000 [00:43<00:03, 108.05it/s] 93%|█████████▎| 4673/5000 [00:43<00:03, 108.60it/s] 94%|█████████▎| 4684/5000 [00:43<00:02, 108.47it/s] 94%|█████████▍| 4695/5000 [00:43<00:02, 108.43it/s] 94%|█████████▍| 4707/5000 [00:44<00:02, 109.73it/s] 94%|█████████▍| 4718/5000 [00:44<00:02, 109.79it/s] 95%|█████████▍| 4729/5000 [00:44<00:02, 108.22it/s] 95%|█████████▍| 4740/5000 [00:44<00:02, 107.59it/s] 95%|█████████▌| 4751/5000 [00:44<00:02, 107.44it/s] 95%|█████████▌| 4763/5000 [00:44<00:02, 109.50it/s] 96%|█████████▌| 4775/5000 [00:44<00:02, 110.27it/s] 96%|█████████▌| 4787/5000 [00:44<00:01, 109.91it/s] 96%|█████████▌| 4798/5000 [00:44<00:01, 108.31it/s] 96%|█████████▌| 4809/5000 [00:45<00:01, 107.95it/s] 96%|█████████▋| 4820/5000 [00:45<00:01, 108.54it/s] 97%|█████████▋| 4831/5000 [00:45<00:01, 107.10it/s] 97%|█████████▋| 4842/5000 [00:45<00:01, 107.76it/s] 97%|█████████▋| 4853/5000 [00:45<00:01, 108.37it/s] 97%|█████████▋| 4864/5000 [00:45<00:01, 107.87it/s] 98%|█████████▊| 4875/5000 [00:45<00:01, 107.26it/s] 98%|█████████▊| 4886/5000 [00:45<00:01, 107.74it/s] 98%|█████████▊| 4897/5000 [00:45<00:00, 108.01it/s] 98%|█████████▊| 4908/5000 [00:45<00:00, 107.90it/s] 98%|█████████▊| 4919/5000 [00:46<00:00, 107.48it/s] 99%|█████████▊| 4930/5000 [00:46<00:00, 107.28it/s] 99%|█████████▉| 4941/5000 [00:46<00:00, 107.47it/s] 99%|█████████▉| 4952/5000 [00:46<00:00, 106.52it/s] 99%|█████████▉| 4964/5000 [00:46<00:00, 107.91it/s]100%|█████████▉| 4975/5000 [00:46<00:00, 106.68it/s]100%|█████████▉| 4986/5000 [00:46<00:00, 107.29it/s]100%|█████████▉| 4997/5000 [00:46<00:00, 107.83it/s]100%|██████████| 5000/5000 [00:46<00:00, 106.79it/s]
******************** Output ********************
(10432, 1)
Saving data...
******************** Corner plot ********************
Making corner plot...
Done.
