Copying custom data for GW200105_162426
******************** Initializing ********************
******************** Preparing inputs ********************
Setting up science...

 J124942.30+344928.9
g 2.12e-06
r 2.12e-06

 J183412.42+365655.3
g 2.12e-06
r 2.12e-06

 J181719.94+541910.0
g 2.12e-06
r 2.12e-06

 J224333.95+760619.2
g 2.12e-06
r 2.12e-06

 J120437.98+500024.0
g 2.12e-06
r 2.12e-06

 J154342.46+461233.4
g 2.12e-06
r 2.12e-06
Using 80/83 GWs with 0.0 <= mass_1_source < 200.0...
******************************
Index 0
******************************
Index 1
******************************
Index 2
GW190408_181802
Loading skymap...
GW190412
Loading skymap...
******************************
******************************
Index 6Index 3

******************************
Index 8
GW190413_052954
Loading skymap...
******************************
Index 4
******************************
Index 9
GW190425GW190503_185404
GW190413_134308
Loading skymap...

Loading skymap...
Loading skymap...
******************************
GW190421_213856
Loading skymap...Index 11

******************************
Index 10
GW190512_180714
Loading skymap...
******************************
Index 12
GW190513_205428
Loading skymap...GW190514_065416

Loading skymap...
GW190517_055101
Loading skymap...
******************************
Index 14
******************************
Index 15
******************************
Index 13
GW190521_074359
Loading skymap...
GW190519_153544
Loading skymap...
GW190521
Loading skymap...
******************************
Index 17
******************************
Index 18
******************************
Index 16
GW190602_175927
Loading skymap...
GW190620_030421
Loading skymap...
******************************
Index 19
******************************
******************************Index 21

Index 22
GW190527_092055
Loading skymap...
******************************
Index 20
GW190630_185205
Loading skymap...
******************************
Index 23
GW190707_093326
Loading skymap...
GW190706_222641
******************************Loading skymap...

Index 24
GW190701_203306
Loading skymap...
GW190708_232457
Loading skymap...
******************************
Index 25
GW190719_215514
Loading skymap...
GW190720_000836
Loading skymap...
******************************
Index 26
******************************
Index 27
GW190727_060333
Loading skymap...
******************************
Index 28
******************************
Index 30
GW190728_064510
Loading skymap...
******************************
Index 29
GW190731_140936
Loading skymap...
******************************
Index 31
GW190814
Loading skymap...
******************************
******************************
Index 34Index 32

GW190803_022701
Loading skymap...
GW190828_063405
Loading skymap...
GW190910_112807
GW190828_065509Loading skymap...

Loading skymap...
Loading flares...Loading flares...

Loading flares...
Calculating background rate...
Calculating background rate...
Calculating background rate...
Loading flares...
Loading flares...Loading flares...

Calculating background rate...
Loading flares...
Loading flares...
Calculating background rate...Calculating background rate...

Calculating background rate...
Calculating background rate...
Loading flares...
Calculating background rate...
Loading flares...Loading flares...

Loading flares...
Loading flares...
Loading flares...
Loading flares...
Calculating background rate...
Calculating background rate...
Calculating background rate...
Calculating background rate...
Calculating background rate...
Calculating background rate...
Loading flares...
Loading flares...
Calculating background rate...
Calculating background rate...
Loading flares...
Loading flares...
Calculating background rate...
Calculating background rate...
Loading flares...
Loading flares...
Loading flares...Loading flares...

Calculating background rate...
Calculating background rate...
Calculating background rate...
Loading flares...
Calculating background rate...
Calculating background rate...
Loading flares...
Loading flares...
Loading flares...
Calculating background rate...
Calculating background rate...
Calculating background rate...
Loading flares...
Loading flares...
Calculating background rate...
Calculating background rate...
Loading flares...Loading flares...

Loading flares...
Calculating background rate...Calculating background rate...

Calculating background rate...
WARNING: UnitsWarning: 'pct' did not parse as fits unit: At col 0, Unit 'pct' not supported by the FITS standard. Did you mean PC, PT, cT, ct, pC, pT or pc? If this is meant to be a custom unit, define it with 'u.def_unit'. To have it recognized inside a file reader or other code, enable it with 'u.add_enabled_units'. For details, see https://docs.astropy.org/en/latest/units/combining_and_defining.html [astropy.units.core]
WARNING: UnitsWarning: 'pct' did not parse as fits unit: At col 0, Unit 'pct' not supported by the FITS standard. Did you mean PC, PT, cT, ct, pC, pT or pc? If this is meant to be a custom unit, define it with 'u.def_unit'. To have it recognized inside a file reader or other code, enable it with 'u.add_enabled_units'. For details, see https://docs.astropy.org/en/latest/units/combining_and_defining.html [astropy.units.core]
WARNING: UnitsWarning: 'pct' did not parse as fits unit: At col 0, Unit 'pct' not supported by the FITS standard. Did you mean PC, PT, cT, ct, pC, pT or pc? If this is meant to be a custom unit, define it with 'u.def_unit'. To have it recognized inside a file reader or other code, enable it with 'u.add_enabled_units'. For details, see https://docs.astropy.org/en/latest/units/combining_and_defining.html [astropy.units.core]
WARNING: UnitsWarning: 'pct' did not parse as fits unit: At col 0, Unit 'pct' not supported by the FITS standard. Did you mean PC, PT, cT, ct, pC, pT or pc? If this is meant to be a custom unit, define it with 'u.def_unit'. To have it recognized inside a file reader or other code, enable it with 'u.add_enabled_units'. For details, see https://docs.astropy.org/en/latest/units/combining_and_defining.html [astropy.units.core]
WARNING: UnitsWarning: 'pct' did not parse as fits unit: At col 0, Unit 'pct' not supported by the FITS standard. Did you mean PC, PT, cT, ct, pC, pT or pc? If this is meant to be a custom unit, define it with 'u.def_unit'. To have it recognized inside a file reader or other code, enable it with 'u.add_enabled_units'. For details, see https://docs.astropy.org/en/latest/units/combining_and_defining.html [astropy.units.core]
WARNING: UnitsWarning: 'pct' did not parse as fits unit: At col 0, Unit 'pct' not supported by the FITS standard. Did you mean PC, PT, cT, ct, pC, pT or pc? If this is meant to be a custom unit, define it with 'u.def_unit'. To have it recognized inside a file reader or other code, enable it with 'u.add_enabled_units'. For details, see https://docs.astropy.org/en/latest/units/combining_and_defining.html [astropy.units.core]
WARNING: UnitsWarning: 'pct' did not parse as fits unit: At col 0, Unit 'pct' not supported by the FITS standard. Did you mean PC, PT, cT, ct, pC, pT or pc? If this is meant to be a custom unit, define it with 'u.def_unit'. To have it recognized inside a file reader or other code, enable it with 'u.add_enabled_units'. For details, see https://docs.astropy.org/en/latest/units/combining_and_defining.html [astropy.units.core]
WARNING: UnitsWarning: 'pct' did not parse as fits unit: At col 0, Unit 'pct' not supported by the FITS standard. Did you mean PC, PT, cT, ct, pC, pT or pc? If this is meant to be a custom unit, define it with 'u.def_unit'. To have it recognized inside a file reader or other code, enable it with 'u.add_enabled_units'. For details, see https://docs.astropy.org/en/latest/units/combining_and_defining.html [astropy.units.core]
WARNING: UnitsWarning: 'pct' did not parse as fits unit: At col 0, Unit 'pct' not supported by the FITS standard. Did you mean PC, PT, cT, ct, pC, pT or pc? If this is meant to be a custom unit, define it with 'u.def_unit'. To have it recognized inside a file reader or other code, enable it with 'u.add_enabled_units'. For details, see https://docs.astropy.org/en/latest/units/combining_and_defining.html [astropy.units.core]
WARNING: UnitsWarning: 'pct' did not parse as fits unit: At col 0, Unit 'pct' not supported by the FITS standard. Did you mean PC, PT, cT, ct, pC, pT or pc? If this is meant to be a custom unit, define it with 'u.def_unit'. To have it recognized inside a file reader or other code, enable it with 'u.add_enabled_units'. For details, see https://docs.astropy.org/en/latest/units/combining_and_defining.html [astropy.units.core]
WARNING: UnitsWarning: 'pct' did not parse as fits unit: At col 0, Unit 'pct' not supported by the FITS standard. Did you mean PC, PT, cT, ct, pC, pT or pc? If this is meant to be a custom unit, define it with 'u.def_unit'. To have it recognized inside a file reader or other code, enable it with 'u.add_enabled_units'. For details, see https://docs.astropy.org/en/latest/units/combining_and_defining.html [astropy.units.core]
WARNING: UnitsWarning: 'pct' did not parse as fits unit: At col 0, Unit 'pct' not supported by the FITS standard. Did you mean PC, PT, cT, ct, pC, pT or pc? If this is meant to be a custom unit, define it with 'u.def_unit'. To have it recognized inside a file reader or other code, enable it with 'u.add_enabled_units'. For details, see https://docs.astropy.org/en/latest/units/combining_and_defining.html [astropy.units.core]
WARNING: UnitsWarning: 'pct' did not parse as fits unit: At col 0, Unit 'pct' not supported by the FITS standard. Did you mean PC, PT, cT, ct, pC, pT or pc? If this is meant to be a custom unit, define it with 'u.def_unit'. To have it recognized inside a file reader or other code, enable it with 'u.add_enabled_units'. For details, see https://docs.astropy.org/en/latest/units/combining_and_defining.html [astropy.units.core]
WARNING: UnitsWarning: 'pct' did not parse as fits unit: At col 0, Unit 'pct' not supported by the FITS standard. Did you mean PC, PT, cT, ct, pC, pT or pc? If this is meant to be a custom unit, define it with 'u.def_unit'. To have it recognized inside a file reader or other code, enable it with 'u.add_enabled_units'. For details, see https://docs.astropy.org/en/latest/units/combining_and_defining.html [astropy.units.core]
WARNING: UnitsWarning: 'pct' did not parse as fits unit: At col 0, Unit 'pct' not supported by the FITS standard. Did you mean PC, PT, cT, ct, pC, pT or pc? If this is meant to be a custom unit, define it with 'u.def_unit'. To have it recognized inside a file reader or other code, enable it with 'u.add_enabled_units'. For details, see https://docs.astropy.org/en/latest/units/combining_and_defining.html [astropy.units.core]
WARNING: UnitsWarning: 'pct' did not parse as fits unit: At col 0, Unit 'pct' not supported by the FITS standard. Did you mean PC, PT, cT, ct, pC, pT or pc? If this is meant to be a custom unit, define it with 'u.def_unit'. To have it recognized inside a file reader or other code, enable it with 'u.add_enabled_units'. For details, see https://docs.astropy.org/en/latest/units/combining_and_defining.html [astropy.units.core]
WARNING: UnitsWarning: 'pct' did not parse as fits unit: At col 0, Unit 'pct' not supported by the FITS standard. Did you mean PC, PT, cT, ct, pC, pT or pc? If this is meant to be a custom unit, define it with 'u.def_unit'. To have it recognized inside a file reader or other code, enable it with 'u.add_enabled_units'. For details, see https://docs.astropy.org/en/latest/units/combining_and_defining.html [astropy.units.core]
WARNINGWARNING: UnitsWarning: 'pct' did not parse as fits unit: At col 0, Unit 'pct' not supported by the FITS standard. Did you mean PC, PT, cT, ct, pC, pT or pc? If this is meant to be a custom unit, define it with 'u.def_unit'. To have it recognized inside a file reader or other code, enable it with 'u.add_enabled_units'. For details, see https://docs.astropy.org/en/latest/units/combining_and_defining.html [astropy.units.core]: UnitsWarning: 'pct' did not parse as fits unit: At col 0, Unit 'pct' not supported by the FITS standard. Did you mean PC, PT, cT, ct, pC, pT or pc? If this is meant to be a custom unit, define it with 'u.def_unit'. To have it recognized inside a file reader or other code, enable it with 'u.add_enabled_units'. For details, see https://docs.astropy.org/en/latest/units/combining_and_defining.html [astropy.units.core]

WARNING: UnitsWarning: 'pct' did not parse as fits unit: At col 0, Unit 'pct' not supported by the FITS standard. Did you mean PC, PT, cT, ct, pC, pT or pc? If this is meant to be a custom unit, define it with 'u.def_unit'. To have it recognized inside a file reader or other code, enable it with 'u.add_enabled_units'. For details, see https://docs.astropy.org/en/latest/units/combining_and_defining.html [astropy.units.core]
WARNING: UnitsWarning: 'pct' did not parse as fits unit: At col 0, Unit 'pct' not supported by the FITS standard. Did you mean PC, PT, cT, ct, pC, pT or pc? If this is meant to be a custom unit, define it with 'u.def_unit'. To have it recognized inside a file reader or other code, enable it with 'u.add_enabled_units'. For details, see https://docs.astropy.org/en/latest/units/combining_and_defining.html [astropy.units.core]
WARNING: UnitsWarning: 'pct' did not parse as fits unit: At col 0, Unit 'pct' not supported by the FITS standard. Did you mean PC, PT, cT, ct, pC, pT or pc? If this is meant to be a custom unit, define it with 'u.def_unit'. To have it recognized inside a file reader or other code, enable it with 'u.add_enabled_units'. For details, see https://docs.astropy.org/en/latest/units/combining_and_defining.html [astropy.units.core]
WARNING: UnitsWarning: 'pct' did not parse as fits unit: At col 0, Unit 'pct' not supported by the FITS standard. Did you mean PC, PT, cT, ct, pC, pT or pc? If this is meant to be a custom unit, define it with 'u.def_unit'. To have it recognized inside a file reader or other code, enable it with 'u.add_enabled_units'. For details, see https://docs.astropy.org/en/latest/units/combining_and_defining.html [astropy.units.core]
WARNING: UnitsWarning: 'pct' did not parse as fits unit: At col 0, Unit 'pct' not supported by the FITS standard. Did you mean PC, PT, cT, ct, pC, pT or pc? If this is meant to be a custom unit, define it with 'u.def_unit'. To have it recognized inside a file reader or other code, enable it with 'u.add_enabled_units'. For details, see https://docs.astropy.org/en/latest/units/combining_and_defining.html [astropy.units.core]
WARNING: UnitsWarning: 'pct' did not parse as fits unit: At col 0, Unit 'pct' not supported by the FITS standard. Did you mean PC, PT, cT, ct, pC, pT or pc? If this is meant to be a custom unit, define it with 'u.def_unit'. To have it recognized inside a file reader or other code, enable it with 'u.add_enabled_units'. For details, see https://docs.astropy.org/en/latest/units/combining_and_defining.html [astropy.units.core]
WARNING: UnitsWarning: 'pct' did not parse as fits unit: At col 0, Unit 'pct' not supported by the FITS standard. Did you mean PC, PT, cT, ct, pC, pT or pc? If this is meant to be a custom unit, define it with 'u.def_unit'. To have it recognized inside a file reader or other code, enable it with 'u.add_enabled_units'. For details, see https://docs.astropy.org/en/latest/units/combining_and_defining.html [astropy.units.core]
WARNING: UnitsWarning: 'pct' did not parse as fits unit: At col 0, Unit 'pct' not supported by the FITS standard. Did you mean PC, PT, cT, ct, pC, pT or pc? If this is meant to be a custom unit, define it with 'u.def_unit'. To have it recognized inside a file reader or other code, enable it with 'u.add_enabled_units'. For details, see https://docs.astropy.org/en/latest/units/combining_and_defining.html [astropy.units.core]
WARNING: UnitsWarning: 'pct' did not parse as fits unit: At col 0, Unit 'pct' not supported by the FITS standard. Did you mean PC, PT, cT, ct, pC, pT or pc? If this is meant to be a custom unit, define it with 'u.def_unit'. To have it recognized inside a file reader or other code, enable it with 'u.add_enabled_units'. For details, see https://docs.astropy.org/en/latest/units/combining_and_defining.html [astropy.units.core]
WARNING: UnitsWarning: 'pct' did not parse as fits unit: At col 0, Unit 'pct' not supported by the FITS standard. Did you mean PC, PT, cT, ct, pC, pT or pc? If this is meant to be a custom unit, define it with 'u.def_unit'. To have it recognized inside a file reader or other code, enable it with 'u.add_enabled_units'. For details, see https://docs.astropy.org/en/latest/units/combining_and_defining.html [astropy.units.core]
WARNING: UnitsWarning: 'pct' did not parse as fits unit: At col 0, Unit 'pct' not supported by the FITS standard. Did you mean PC, PT, cT, ct, pC, pT or pc? If this is meant to be a custom unit, define it with 'u.def_unit'. To have it recognized inside a file reader or other code, enable it with 'u.add_enabled_units'. For details, see https://docs.astropy.org/en/latest/units/combining_and_defining.html [astropy.units.core]
WARNING: UnitsWarning: 'pct' did not parse as fits unit: At col 0, Unit 'pct' not supported by the FITS standard. Did you mean PC, PT, cT, ct, pC, pT or pc? If this is meant to be a custom unit, define it with 'u.def_unit'. To have it recognized inside a file reader or other code, enable it with 'u.add_enabled_units'. For details, see https://docs.astropy.org/en/latest/units/combining_and_defining.html [astropy.units.core]
WARNING: UnitsWarning: 'pct' did not parse as fits unit: At col 0, Unit 'pct' not supported by the FITS standard. Did you mean PC, PT, cT, ct, pC, pT or pc? If this is meant to be a custom unit, define it with 'u.def_unit'. To have it recognized inside a file reader or other code, enable it with 'u.add_enabled_units'. For details, see https://docs.astropy.org/en/latest/units/combining_and_defining.html [astropy.units.core]
******************************
Index 35
GW190915_235702
Loading skymap...
Loading flares...
Calculating background rate...
******************************
Index 36
GW190924_021846
Loading skymap...
Loading flares...
Calculating background rate...
******************************
Index 37
GW190929_012149
Loading skymap...
Loading flares...
Calculating background rate...
******************************
Index 38
GW190930_133541
Loading skymap...
Loading flares...
Calculating background rate...
******************************
Index 39
GW190403_051519
Loading skymap...
Loading flares...
Calculating background rate...
******************************
Index 40
GW190426_190642
Loading skymap...
Loading flares...
Calculating background rate...
******************************
Index 41
GW190725_174728
Loading skymap...
Loading flares...
Calculating background rate...
******************************
Index 42
GW190805_211137
Loading skymap...
Loading flares...
Calculating background rate...
******************************
Index 43
GW190916_200658
Loading skymap...
Loading flares...
Calculating background rate...
******************************
Index 44
GW190917_114630
Loading skymap...
Loading flares...
Calculating background rate...
******************************
Index 45
GW190925_232845
Loading skymap...
Loading flares...
Calculating background rate...
******************************
Index 46
GW190926_050336
Loading skymap...
Loading flares...
Calculating background rate...
******************************
Index 47
GW191103_012549
Loading skymap...
Loading flares...
Calculating background rate...
******************************
Index 48
GW191105_143521
Loading skymap...
Loading flares...
Calculating background rate...
******************************
Index 49
GW191109_010717
Loading skymap...
Loading flares...
Calculating background rate...
******************************
Index 50
GW191113_071753
Loading skymap...
Loading flares...
Calculating background rate...
******************************
Index 51
GW191126_115259
Loading skymap...
Loading flares...
Calculating background rate...
******************************
Index 52
GW191127_050227
Loading skymap...
Loading flares...
Calculating background rate...
******************************
Index 53
GW191129_134029
Loading skymap...
******************************
Index 54
GW191204_110529
Loading skymap...
Loading flares...
Calculating background rate...
Loading flares...
Calculating background rate...
******************************
Index 55
GW191204_171526
Loading skymap...
Loading flares...
Calculating background rate...
******************************
Index 56
GW191215_223052
Loading skymap...
Loading flares...
Calculating background rate...
******************************
Index 57
GW191216_213338
Loading skymap...
Loading flares...
Calculating background rate...
******************************
Index 58
GW191219_163120
Loading skymap...
Loading flares...
Calculating background rate...
******************************
Index 59
GW191222_033537
Loading skymap...
Loading flares...
Calculating background rate...
******************************
Index 60
GW191230_180458
Loading skymap...
Loading flares...
Calculating background rate...
******************************
Index 61
GW200105_162426
Loading skymap...
Loading flares...
Calculating background rate...
******************************
Index 62
GW200112_155838
Loading skymap...
Loading flares...
Calculating background rate...
******************************
Index 63
GW200115_042309
Loading skymap...
Loading flares...
Calculating background rate...
WARNING: UnitsWarning: 'pct' did not parse as fits unit: At col 0, Unit 'pct' not supported by the FITS standard. Did you mean PC, PT, cT, ct, pC, pT or pc? If this is meant to be a custom unit, define it with 'u.def_unit'. To have it recognized inside a file reader or other code, enable it with 'u.add_enabled_units'. For details, see https://docs.astropy.org/en/latest/units/combining_and_defining.html [astropy.units.core]
WARNING: UnitsWarning: 'pct' did not parse as fits unit: At col 0, Unit 'pct' not supported by the FITS standard. Did you mean PC, PT, cT, ct, pC, pT or pc? If this is meant to be a custom unit, define it with 'u.def_unit'. To have it recognized inside a file reader or other code, enable it with 'u.add_enabled_units'. For details, see https://docs.astropy.org/en/latest/units/combining_and_defining.html [astropy.units.core]
WARNING: UnitsWarning: 'pct' did not parse as fits unit: At col 0, Unit 'pct' not supported by the FITS standard. Did you mean PC, PT, cT, ct, pC, pT or pc? If this is meant to be a custom unit, define it with 'u.def_unit'. To have it recognized inside a file reader or other code, enable it with 'u.add_enabled_units'. For details, see https://docs.astropy.org/en/latest/units/combining_and_defining.html [astropy.units.core]
WARNING: UnitsWarning: 'pct' did not parse as fits unit: At col 0, Unit 'pct' not supported by the FITS standard. Did you mean PC, PT, cT, ct, pC, pT or pc? If this is meant to be a custom unit, define it with 'u.def_unit'. To have it recognized inside a file reader or other code, enable it with 'u.add_enabled_units'. For details, see https://docs.astropy.org/en/latest/units/combining_and_defining.html [astropy.units.core]
WARNING: UnitsWarning: 'pct' did not parse as fits unit: At col 0, Unit 'pct' not supported by the FITS standard. Did you mean PC, PT, cT, ct, pC, pT or pc? If this is meant to be a custom unit, define it with 'u.def_unit'. To have it recognized inside a file reader or other code, enable it with 'u.add_enabled_units'. For details, see https://docs.astropy.org/en/latest/units/combining_and_defining.html [astropy.units.core]
******************************
Index 64
GW200128_022011
Loading skymap...
Loading flares...
Calculating background rate...
WARNING: UnitsWarning: 'pct' did not parse as fits unit: At col 0, Unit 'pct' not supported by the FITS standard. Did you mean PC, PT, cT, ct, pC, pT or pc? If this is meant to be a custom unit, define it with 'u.def_unit'. To have it recognized inside a file reader or other code, enable it with 'u.add_enabled_units'. For details, see https://docs.astropy.org/en/latest/units/combining_and_defining.html [astropy.units.core]
******************************
Index 65
GW200129_065458
Loading skymap...
Loading flares...
Calculating background rate...
WARNING: UnitsWarning: 'pct' did not parse as fits unit: At col 0, Unit 'pct' not supported by the FITS standard. Did you mean PC, PT, cT, ct, pC, pT or pc? If this is meant to be a custom unit, define it with 'u.def_unit'. To have it recognized inside a file reader or other code, enable it with 'u.add_enabled_units'. For details, see https://docs.astropy.org/en/latest/units/combining_and_defining.html [astropy.units.core]
******************************
Index 66
GW200202_154313
Loading skymap...
Loading flares...
Calculating background rate...
WARNING: UnitsWarning: 'pct' did not parse as fits unit: At col 0, Unit 'pct' not supported by the FITS standard. Did you mean PC, PT, cT, ct, pC, pT or pc? If this is meant to be a custom unit, define it with 'u.def_unit'. To have it recognized inside a file reader or other code, enable it with 'u.add_enabled_units'. For details, see https://docs.astropy.org/en/latest/units/combining_and_defining.html [astropy.units.core]
WARNING: UnitsWarning: 'pct' did not parse as fits unit: At col 0, Unit 'pct' not supported by the FITS standard. Did you mean PC, PT, cT, ct, pC, pT or pc? If this is meant to be a custom unit, define it with 'u.def_unit'. To have it recognized inside a file reader or other code, enable it with 'u.add_enabled_units'. For details, see https://docs.astropy.org/en/latest/units/combining_and_defining.html [astropy.units.core]
WARNING: UnitsWarning: 'pct' did not parse as fits unit: At col 0, Unit 'pct' not supported by the FITS standard. Did you mean PC, PT, cT, ct, pC, pT or pc? If this is meant to be a custom unit, define it with 'u.def_unit'. To have it recognized inside a file reader or other code, enable it with 'u.add_enabled_units'. For details, see https://docs.astropy.org/en/latest/units/combining_and_defining.html [astropy.units.core]
WARNING: UnitsWarning: 'pct' did not parse as fits unit: At col 0, Unit 'pct' not supported by the FITS standard. Did you mean PC, PT, cT, ct, pC, pT or pc? If this is meant to be a custom unit, define it with 'u.def_unit'. To have it recognized inside a file reader or other code, enable it with 'u.add_enabled_units'. For details, see https://docs.astropy.org/en/latest/units/combining_and_defining.html [astropy.units.core]
WARNING: UnitsWarning: 'pct' did not parse as fits unit: At col 0, Unit 'pct' not supported by the FITS standard. Did you mean PC, PT, cT, ct, pC, pT or pc? If this is meant to be a custom unit, define it with 'u.def_unit'. To have it recognized inside a file reader or other code, enable it with 'u.add_enabled_units'. For details, see https://docs.astropy.org/en/latest/units/combining_and_defining.html [astropy.units.core]
WARNING: UnitsWarning: 'pct' did not parse as fits unit: At col 0, Unit 'pct' not supported by the FITS standard. Did you mean PC, PT, cT, ct, pC, pT or pc? If this is meant to be a custom unit, define it with 'u.def_unit'. To have it recognized inside a file reader or other code, enable it with 'u.add_enabled_units'. For details, see https://docs.astropy.org/en/latest/units/combining_and_defining.html [astropy.units.core]
WARNING: UnitsWarning: 'pct' did not parse as fits unit: At col 0, Unit 'pct' not supported by the FITS standard. Did you mean PC, PT, cT, ct, pC, pT or pc? If this is meant to be a custom unit, define it with 'u.def_unit'. To have it recognized inside a file reader or other code, enable it with 'u.add_enabled_units'. For details, see https://docs.astropy.org/en/latest/units/combining_and_defining.html [astropy.units.core]
WARNING: UnitsWarning: 'pct' did not parse as fits unit: At col 0, Unit 'pct' not supported by the FITS standard. Did you mean PC, PT, cT, ct, pC, pT or pc? If this is meant to be a custom unit, define it with 'u.def_unit'. To have it recognized inside a file reader or other code, enable it with 'u.add_enabled_units'. For details, see https://docs.astropy.org/en/latest/units/combining_and_defining.html [astropy.units.core]
WARNING: UnitsWarning: 'pct' did not parse as fits unit: At col 0, Unit 'pct' not supported by the FITS standard. Did you mean PC, PT, cT, ct, pC, pT or pc? If this is meant to be a custom unit, define it with 'u.def_unit'. To have it recognized inside a file reader or other code, enable it with 'u.add_enabled_units'. For details, see https://docs.astropy.org/en/latest/units/combining_and_defining.html [astropy.units.core]
WARNING: UnitsWarning: 'pct' did not parse as fits unit: At col 0, Unit 'pct' not supported by the FITS standard. Did you mean PC, PT, cT, ct, pC, pT or pc? If this is meant to be a custom unit, define it with 'u.def_unit'. To have it recognized inside a file reader or other code, enable it with 'u.add_enabled_units'. For details, see https://docs.astropy.org/en/latest/units/combining_and_defining.html [astropy.units.core]
WARNING: UnitsWarning: 'pct' did not parse as fits unit: At col 0, Unit 'pct' not supported by the FITS standard. Did you mean PC, PT, cT, ct, pC, pT or pc? If this is meant to be a custom unit, define it with 'u.def_unit'. To have it recognized inside a file reader or other code, enable it with 'u.add_enabled_units'. For details, see https://docs.astropy.org/en/latest/units/combining_and_defining.html [astropy.units.core]
WARNING: UnitsWarning: 'pct' did not parse as fits unit: At col 0, Unit 'pct' not supported by the FITS standard. Did you mean PC, PT, cT, ct, pC, pT or pc? If this is meant to be a custom unit, define it with 'u.def_unit'. To have it recognized inside a file reader or other code, enable it with 'u.add_enabled_units'. For details, see https://docs.astropy.org/en/latest/units/combining_and_defining.html [astropy.units.core]
WARNING: UnitsWarning: 'pct' did not parse as fits unit: At col 0, Unit 'pct' not supported by the FITS standard. Did you mean PC, PT, cT, ct, pC, pT or pc? If this is meant to be a custom unit, define it with 'u.def_unit'. To have it recognized inside a file reader or other code, enable it with 'u.add_enabled_units'. For details, see https://docs.astropy.org/en/latest/units/combining_and_defining.html [astropy.units.core]
WARNING: UnitsWarning: 'pct' did not parse as fits unit: At col 0, Unit 'pct' not supported by the FITS standard. Did you mean PC, PT, cT, ct, pC, pT or pc? If this is meant to be a custom unit, define it with 'u.def_unit'. To have it recognized inside a file reader or other code, enable it with 'u.add_enabled_units'. For details, see https://docs.astropy.org/en/latest/units/combining_and_defining.html [astropy.units.core]
WARNING: UnitsWarning: 'pct' did not parse as fits unit: At col 0, Unit 'pct' not supported by the FITS standard. Did you mean PC, PT, cT, ct, pC, pT or pc? If this is meant to be a custom unit, define it with 'u.def_unit'. To have it recognized inside a file reader or other code, enable it with 'u.add_enabled_units'. For details, see https://docs.astropy.org/en/latest/units/combining_and_defining.html [astropy.units.core]
WARNING: UnitsWarning: 'pct' did not parse as fits unit: At col 0, Unit 'pct' not supported by the FITS standard. Did you mean PC, PT, cT, ct, pC, pT or pc? If this is meant to be a custom unit, define it with 'u.def_unit'. To have it recognized inside a file reader or other code, enable it with 'u.add_enabled_units'. For details, see https://docs.astropy.org/en/latest/units/combining_and_defining.html [astropy.units.core]
WARNING: UnitsWarning: 'pct' did not parse as fits unit: At col 0, Unit 'pct' not supported by the FITS standard. Did you mean PC, PT, cT, ct, pC, pT or pc? If this is meant to be a custom unit, define it with 'u.def_unit'. To have it recognized inside a file reader or other code, enable it with 'u.add_enabled_units'. For details, see https://docs.astropy.org/en/latest/units/combining_and_defining.html [astropy.units.core]
WARNING: UnitsWarning: 'pct' did not parse as fits unit: At col 0, Unit 'pct' not supported by the FITS standard. Did you mean PC, PT, cT, ct, pC, pT or pc? If this is meant to be a custom unit, define it with 'u.def_unit'. To have it recognized inside a file reader or other code, enable it with 'u.add_enabled_units'. For details, see https://docs.astropy.org/en/latest/units/combining_and_defining.html [astropy.units.core]
WARNING: UnitsWarning: 'pct' did not parse as fits unit: At col 0, Unit 'pct' not supported by the FITS standard. Did you mean PC, PT, cT, ct, pC, pT or pc? If this is meant to be a custom unit, define it with 'u.def_unit'. To have it recognized inside a file reader or other code, enable it with 'u.add_enabled_units'. For details, see https://docs.astropy.org/en/latest/units/combining_and_defining.html [astropy.units.core]
WARNING: UnitsWarning: 'pct' did not parse as fits unit: At col 0, Unit 'pct' not supported by the FITS standard. Did you mean PC, PT, cT, ct, pC, pT or pc? If this is meant to be a custom unit, define it with 'u.def_unit'. To have it recognized inside a file reader or other code, enable it with 'u.add_enabled_units'. For details, see https://docs.astropy.org/en/latest/units/combining_and_defining.html [astropy.units.core]
WARNING: UnitsWarning: 'pct' did not parse as fits unit: At col 0, Unit 'pct' not supported by the FITS standard. Did you mean PC, PT, cT, ct, pC, pT or pc? If this is meant to be a custom unit, define it with 'u.def_unit'. To have it recognized inside a file reader or other code, enable it with 'u.add_enabled_units'. For details, see https://docs.astropy.org/en/latest/units/combining_and_defining.html [astropy.units.core]
WARNING: UnitsWarning: 'pct' did not parse as fits unit: At col 0, Unit 'pct' not supported by the FITS standard. Did you mean PC, PT, cT, ct, pC, pT or pc? If this is meant to be a custom unit, define it with 'u.def_unit'. To have it recognized inside a file reader or other code, enable it with 'u.add_enabled_units'. For details, see https://docs.astropy.org/en/latest/units/combining_and_defining.html [astropy.units.core]
WARNING: UnitsWarning: 'pct' did not parse as fits unit: At col 0, Unit 'pct' not supported by the FITS standard. Did you mean PC, PT, cT, ct, pC, pT or pc? If this is meant to be a custom unit, define it with 'u.def_unit'. To have it recognized inside a file reader or other code, enable it with 'u.add_enabled_units'. For details, see https://docs.astropy.org/en/latest/units/combining_and_defining.html [astropy.units.core]
WARNING: UnitsWarning: 'pct' did not parse as fits unit: At col 0, Unit 'pct' not supported by the FITS standard. Did you mean PC, PT, cT, ct, pC, pT or pc? If this is meant to be a custom unit, define it with 'u.def_unit'. To have it recognized inside a file reader or other code, enable it with 'u.add_enabled_units'. For details, see https://docs.astropy.org/en/latest/units/combining_and_defining.html [astropy.units.core]
WARNING: UnitsWarning: 'pct' did not parse as fits unit: At col 0, Unit 'pct' not supported by the FITS standard. Did you mean PC, PT, cT, ct, pC, pT or pc? If this is meant to be a custom unit, define it with 'u.def_unit'. To have it recognized inside a file reader or other code, enable it with 'u.add_enabled_units'. For details, see https://docs.astropy.org/en/latest/units/combining_and_defining.html [astropy.units.core]
******************************
Index 67
GW200208_130117
Loading skymap...
Loading flares...
Calculating background rate...
******************************
Index 68
GW200208_222617
Loading skymap...
Loading flares...
Calculating background rate...
******************************
Index 69
GW200209_085452
Loading skymap...
Loading flares...
Calculating background rate...
******************************
Index 70
GW200210_092254
Loading skymap...
Loading flares...
Calculating background rate...
******************************
Index 71
GW200216_220804
Loading skymap...
Loading flares...
Calculating background rate...
******************************
Index 72
GW200219_094415
Loading skymap...
Loading flares...
Calculating background rate...
******************************
Index 73
GW200220_061928
Loading skymap...
Loading flares...
Calculating background rate...
******************************
Index 74
GW200220_124850
Loading skymap...
Loading flares...
Calculating background rate...
******************************
Index 75
GW200224_222234
Loading skymap...
Loading flares...
Calculating background rate...
******************************
Index 76
GW200225_060421
Loading skymap...
Loading flares...
Calculating background rate...
******************************
Index 77
GW200302_015811
Loading skymap...
Loading flares...
Calculating background rate...
WARNING: UnitsWarning: 'pct' did not parse as fits unit: At col 0, Unit 'pct' not supported by the FITS standard. Did you mean PC, PT, cT, ct, pC, pT or pc? If this is meant to be a custom unit, define it with 'u.def_unit'. To have it recognized inside a file reader or other code, enable it with 'u.add_enabled_units'. For details, see https://docs.astropy.org/en/latest/units/combining_and_defining.html [astropy.units.core]
******************************
Index 78
GW200306_093714
Loading skymap...
Loading flares...
Calculating background rate...
******************************
Index 79
GW200308_173609
Loading skymap...
Loading flares...
Calculating background rate...
******************************
Index 80
GW200311_115853
Loading skymap...
Loading flares...
Calculating background rate...
******************************
Index 81
GW200316_215756
Loading skymap...
Loading flares...
Calculating background rate...
******************************
Index 82
GW200322_091133
Loading skymap...
Loading flares...
Calculating background rate...
WARNING: UnitsWarning: 'pct' did not parse as fits unit: At col 0, Unit 'pct' not supported by the FITS standard. Did you mean PC, PT, cT, ct, pC, pT or pc? If this is meant to be a custom unit, define it with 'u.def_unit'. To have it recognized inside a file reader or other code, enable it with 'u.add_enabled_units'. For details, see https://docs.astropy.org/en/latest/units/combining_and_defining.html [astropy.units.core]
WARNING: UnitsWarning: 'pct' did not parse as fits unit: At col 0, Unit 'pct' not supported by the FITS standard. Did you mean PC, PT, cT, ct, pC, pT or pc? If this is meant to be a custom unit, define it with 'u.def_unit'. To have it recognized inside a file reader or other code, enable it with 'u.add_enabled_units'. For details, see https://docs.astropy.org/en/latest/units/combining_and_defining.html [astropy.units.core]
WARNING: UnitsWarning: 'pct' did not parse as fits unit: At col 0, Unit 'pct' not supported by the FITS standard. Did you mean PC, PT, cT, ct, pC, pT or pc? If this is meant to be a custom unit, define it with 'u.def_unit'. To have it recognized inside a file reader or other code, enable it with 'u.add_enabled_units'. For details, see https://docs.astropy.org/en/latest/units/combining_and_defining.html [astropy.units.core]
WARNING: UnitsWarning: 'pct' did not parse as fits unit: At col 0, Unit 'pct' not supported by the FITS standard. Did you mean PC, PT, cT, ct, pC, pT or pc? If this is meant to be a custom unit, define it with 'u.def_unit'. To have it recognized inside a file reader or other code, enable it with 'u.add_enabled_units'. For details, see https://docs.astropy.org/en/latest/units/combining_and_defining.html [astropy.units.core]
WARNING: UnitsWarning: 'pct' did not parse as fits unit: At col 0, Unit 'pct' not supported by the FITS standard. Did you mean PC, PT, cT, ct, pC, pT or pc? If this is meant to be a custom unit, define it with 'u.def_unit'. To have it recognized inside a file reader or other code, enable it with 'u.add_enabled_units'. For details, see https://docs.astropy.org/en/latest/units/combining_and_defining.html [astropy.units.core]
WARNING: UnitsWarning: 'pct' did not parse as fits unit: At col 0, Unit 'pct' not supported by the FITS standard. Did you mean PC, PT, cT, ct, pC, pT or pc? If this is meant to be a custom unit, define it with 'u.def_unit'. To have it recognized inside a file reader or other code, enable it with 'u.add_enabled_units'. For details, see https://docs.astropy.org/en/latest/units/combining_and_defining.html [astropy.units.core]
WARNING: UnitsWarning: 'pct' did not parse as fits unit: At col 0, Unit 'pct' not supported by the FITS standard. Did you mean PC, PT, cT, ct, pC, pT or pc? If this is meant to be a custom unit, define it with 'u.def_unit'. To have it recognized inside a file reader or other code, enable it with 'u.add_enabled_units'. For details, see https://docs.astropy.org/en/latest/units/combining_and_defining.html [astropy.units.core]
WARNING: UnitsWarning: 'pct' did not parse as fits unit: At col 0, Unit 'pct' not supported by the FITS standard. Did you mean PC, PT, cT, ct, pC, pT or pc? If this is meant to be a custom unit, define it with 'u.def_unit'. To have it recognized inside a file reader or other code, enable it with 'u.add_enabled_units'. For details, see https://docs.astropy.org/en/latest/units/combining_and_defining.html [astropy.units.core]
WARNING: UnitsWarning: 'pct' did not parse as fits unit: At col 0, Unit 'pct' not supported by the FITS standard. Did you mean PC, PT, cT, ct, pC, pT or pc? If this is meant to be a custom unit, define it with 'u.def_unit'. To have it recognized inside a file reader or other code, enable it with 'u.add_enabled_units'. For details, see https://docs.astropy.org/en/latest/units/combining_and_defining.html [astropy.units.core]
WARNING: UnitsWarning: 'pct' did not parse as fits unit: At col 0, Unit 'pct' not supported by the FITS standard. Did you mean PC, PT, cT, ct, pC, pT or pc? If this is meant to be a custom unit, define it with 'u.def_unit'. To have it recognized inside a file reader or other code, enable it with 'u.add_enabled_units'. For details, see https://docs.astropy.org/en/latest/units/combining_and_defining.html [astropy.units.core]
WARNING: UnitsWarning: 'pct' did not parse as fits unit: At col 0, Unit 'pct' not supported by the FITS standard. Did you mean PC, PT, cT, ct, pC, pT or pc? If this is meant to be a custom unit, define it with 'u.def_unit'. To have it recognized inside a file reader or other code, enable it with 'u.add_enabled_units'. For details, see https://docs.astropy.org/en/latest/units/combining_and_defining.html [astropy.units.core]
WARNING: UnitsWarning: 'pct' did not parse as fits unit: At col 0, Unit 'pct' not supported by the FITS standard. Did you mean PC, PT, cT, ct, pC, pT or pc? If this is meant to be a custom unit, define it with 'u.def_unit'. To have it recognized inside a file reader or other code, enable it with 'u.add_enabled_units'. For details, see https://docs.astropy.org/en/latest/units/combining_and_defining.html [astropy.units.core]
WARNING: UnitsWarning: 'pct' did not parse as fits unit: At col 0, Unit 'pct' not supported by the FITS standard. Did you mean PC, PT, cT, ct, pC, pT or pc? If this is meant to be a custom unit, define it with 'u.def_unit'. To have it recognized inside a file reader or other code, enable it with 'u.add_enabled_units'. For details, see https://docs.astropy.org/en/latest/units/combining_and_defining.html [astropy.units.core]
WARNING: UnitsWarning: 'pct' did not parse as fits unit: At col 0, Unit 'pct' not supported by the FITS standard. Did you mean PC, PT, cT, ct, pC, pT or pc? If this is meant to be a custom unit, define it with 'u.def_unit'. To have it recognized inside a file reader or other code, enable it with 'u.add_enabled_units'. For details, see https://docs.astropy.org/en/latest/units/combining_and_defining.html [astropy.units.core]
WARNING: UnitsWarning: 'pct' did not parse as fits unit: At col 0, Unit 'pct' not supported by the FITS standard. Did you mean PC, PT, cT, ct, pC, pT or pc? If this is meant to be a custom unit, define it with 'u.def_unit'. To have it recognized inside a file reader or other code, enable it with 'u.add_enabled_units'. For details, see https://docs.astropy.org/en/latest/units/combining_and_defining.html [astropy.units.core]
/hildafs/projects/phy220048p/tcabrera/bbhagn/mycode/ligo.skymap/ligo/skymap/postprocess/crossmatch.py:459: RuntimeWarning: invalid value encountered in subtract
  contour_dists = (hi - lo).tolist()
Calculating signal and background arrays...
GW 0 has 0 coincident flares
GW 1 has 0 coincident flares
GW 2 has 0 coincident flares
GW 3 has 0 coincident flares
GW 4 has 0 coincident flares
GW 5 has 0 coincident flares
GW 6 has 0 coincident flares
GW 7 has 0 coincident flares
GW 8 has 0 coincident flares
GW 9 has 2 coincident flares
GW 10 has 0 coincident flares
GW 11 has 0 coincident flares
GW 12 has 1 coincident flares
GW 13 has 0 coincident flares
GW 14 has 0 coincident flares
GW 15 has 0 coincident flares
GW 16 has 0 coincident flares
GW 17 has 0 coincident flares
GW 18 has 0 coincident flares
GW 19 has 0 coincident flares
GW 20 has 0 coincident flares
GW 21 has 0 coincident flares
GW 22 has 0 coincident flares
GW 23 has 0 coincident flares
GW 24 has 0 coincident flares
GW 25 has 0 coincident flares
GW 26 has 0 coincident flares
GW 27 has 1 coincident flares
GW 28 has 0 coincident flares
GW 29 has 0 coincident flares
GW 30 has 0 coincident flares
GW 31 has 0 coincident flares
GW 32 has 0 coincident flares
GW 33 has 0 coincident flares
GW 34 has 0 coincident flares
GW 35 has 0 coincident flares
GW 36 has 2 coincident flares
GW 37 has 0 coincident flares
GW 38 has 0 coincident flares
GW 39 has 0 coincident flares
GW 40 has 0 coincident flares
GW 41 has 0 coincident flares
GW 42 has 0 coincident flares
GW 43 has 0 coincident flares
GW 44 has 0 coincident flares
GW 45 has 0 coincident flares
GW 46 has 0 coincident flares
GW 47 has 0 coincident flares
GW 48 has 0 coincident flares
GW 49 has 0 coincident flares
GW 50 has 0 coincident flares
GW 51 has 0 coincident flares
GW 52 has 0 coincident flares
GW 53 has 0 coincident flares
GW 54 has 0 coincident flares
GW 55 has 0 coincident flares
GW 56 has 0 coincident flares
GW 57 has 0 coincident flares
GW 58 has 0 coincident flares
GW 59 has 0 coincident flares
GW 60 has 0 coincident flares
GW 61 has 0 coincident flares
GW 62 has 0 coincident flares
GW 63 has 0 coincident flares
GW 64 has 0 coincident flares
GW 65 has 0 coincident flares
GW 66 has 0 coincident flares
GW 67 has 0 coincident flares
GW 68 has 1 coincident flares
GW 69 has 0 coincident flares
GW 70 has 0 coincident flares
GW 71 has 1 coincident flares
GW 72 has 0 coincident flares
GW 73 has 0 coincident flares
GW 74 has 0 coincident flares
GW 75 has 0 coincident flares
GW 76 has 0 coincident flares
GW 77 has 0 coincident flares
GW 78 has 0 coincident flares
GW 79 has 0 coincident flares
******************** MCMC ********************
/hildafs/projects/phy220048p/tcabrera/bbhagn/bbhagn/utils/inference.py:92: RuntimeWarning: All-NaN slice encountered
  max_n_agn = np.nanmax([np.nanmax(n) for n in n_agns if len(n) > 0])
/hildafs/projects/phy220048p/tcabrera/bbhagn/bbhagn/utils/inference.py:92: RuntimeWarning: All-NaN slice encountered
  max_n_agn = np.nanmax([np.nanmax(n) for n in n_agns if len(n) > 0])
/hildafs/projects/phy220048p/tcabrera/bbhagn/bbhagn/utils/inference.py:92: RuntimeWarning: All-NaN slice encountered
  max_n_agn = np.nanmax([np.nanmax(n) for n in n_agns if len(n) > 0])
/hildafs/projects/phy220048p/tcabrera/bbhagn/bbhagn/utils/inference.py:92: RuntimeWarning: All-NaN slice encountered
  max_n_agn = np.nanmax([np.nanmax(n) for n in n_agns if len(n) > 0])
/hildafs/projects/phy220048p/tcabrera/bbhagn/bbhagn/utils/inference.py:92: RuntimeWarning: All-NaN slice encountered
  max_n_agn = np.nanmax([np.nanmax(n) for n in n_agns if len(n) > 0])
/hildafs/projects/phy220048p/tcabrera/bbhagn/bbhagn/utils/inference.py:92: RuntimeWarning: All-NaN slice encountered
  max_n_agn = np.nanmax([np.nanmax(n) for n in n_agns if len(n) > 0])
/hildafs/projects/phy220048p/tcabrera/bbhagn/bbhagn/utils/inference.py:92: RuntimeWarning: All-NaN slice encountered
  max_n_agn = np.nanmax([np.nanmax(n) for n in n_agns if len(n) > 0])
/hildafs/projects/phy220048p/tcabrera/bbhagn/bbhagn/utils/inference.py:92: RuntimeWarning: All-NaN slice encountered
  max_n_agn = np.nanmax([np.nanmax(n) for n in n_agns if len(n) > 0])
/hildafs/projects/phy220048p/tcabrera/bbhagn/bbhagn/utils/inference.py:92: RuntimeWarning: All-NaN slice encountered
  max_n_agn = np.nanmax([np.nanmax(n) for n in n_agns if len(n) > 0])
/hildafs/projects/phy220048p/tcabrera/bbhagn/bbhagn/utils/inference.py:92: RuntimeWarning: All-NaN slice encountered
  max_n_agn = np.nanmax([np.nanmax(n) for n in n_agns if len(n) > 0])
/hildafs/projects/phy220048p/tcabrera/bbhagn/bbhagn/utils/inference.py:92: RuntimeWarning: All-NaN slice encountered
  max_n_agn = np.nanmax([np.nanmax(n) for n in n_agns if len(n) > 0])
/hildafs/projects/phy220048p/tcabrera/bbhagn/bbhagn/utils/inference.py:92: RuntimeWarning: All-NaN slice encountered
  max_n_agn = np.nanmax([np.nanmax(n) for n in n_agns if len(n) > 0])
/hildafs/projects/phy220048p/tcabrera/bbhagn/bbhagn/utils/inference.py:92: RuntimeWarning: All-NaN slice encountered
  max_n_agn = np.nanmax([np.nanmax(n) for n in n_agns if len(n) > 0])
/hildafs/projects/phy220048p/tcabrera/bbhagn/bbhagn/utils/inference.py:92: RuntimeWarning: All-NaN slice encountered
  max_n_agn = np.nanmax([np.nanmax(n) for n in n_agns if len(n) > 0])
/hildafs/projects/phy220048p/tcabrera/bbhagn/bbhagn/utils/inference.py:92: RuntimeWarning: All-NaN slice encountered
  max_n_agn = np.nanmax([np.nanmax(n) for n in n_agns if len(n) > 0])
/hildafs/projects/phy220048p/tcabrera/bbhagn/bbhagn/utils/inference.py:92: RuntimeWarning: All-NaN slice encountered
  max_n_agn = np.nanmax([np.nanmax(n) for n in n_agns if len(n) > 0])
/hildafs/projects/phy220048p/tcabrera/bbhagn/bbhagn/utils/inference.py:92: RuntimeWarning: All-NaN slice encountered
  max_n_agn = np.nanmax([np.nanmax(n) for n in n_agns if len(n) > 0])
/hildafs/projects/phy220048p/tcabrera/bbhagn/bbhagn/utils/inference.py:92: RuntimeWarning: All-NaN slice encountered
  max_n_agn = np.nanmax([np.nanmax(n) for n in n_agns if len(n) > 0])
/hildafs/projects/phy220048p/tcabrera/bbhagn/bbhagn/utils/inference.py:92: RuntimeWarning: All-NaN slice encountered
  max_n_agn = np.nanmax([np.nanmax(n) for n in n_agns if len(n) > 0])
/hildafs/projects/phy220048p/tcabrera/bbhagn/bbhagn/utils/inference.py:92: RuntimeWarning: All-NaN slice encountered
  max_n_agn = np.nanmax([np.nanmax(n) for n in n_agns if len(n) > 0])
/hildafs/projects/phy220048p/tcabrera/bbhagn/bbhagn/utils/inference.py:92: RuntimeWarning: All-NaN slice encountered
  max_n_agn = np.nanmax([np.nanmax(n) for n in n_agns if len(n) > 0])
/hildafs/projects/phy220048p/tcabrera/bbhagn/bbhagn/utils/inference.py:92: RuntimeWarning: All-NaN slice encountered
  max_n_agn = np.nanmax([np.nanmax(n) for n in n_agns if len(n) > 0])
/hildafs/projects/phy220048p/tcabrera/bbhagn/bbhagn/utils/inference.py:92: RuntimeWarning: All-NaN slice encountered
  max_n_agn = np.nanmax([np.nanmax(n) for n in n_agns if len(n) > 0])
/hildafs/projects/phy220048p/tcabrera/bbhagn/bbhagn/utils/inference.py:92: RuntimeWarning: All-NaN slice encountered
  max_n_agn = np.nanmax([np.nanmax(n) for n in n_agns if len(n) > 0])
/hildafs/projects/phy220048p/tcabrera/bbhagn/bbhagn/utils/inference.py:92: RuntimeWarning: All-NaN slice encountered
  max_n_agn = np.nanmax([np.nanmax(n) for n in n_agns if len(n) > 0])
/hildafs/projects/phy220048p/tcabrera/bbhagn/bbhagn/utils/inference.py:92: RuntimeWarning: All-NaN slice encountered
  max_n_agn = np.nanmax([np.nanmax(n) for n in n_agns if len(n) > 0])
/hildafs/projects/phy220048p/tcabrera/bbhagn/bbhagn/utils/inference.py:92: RuntimeWarning: All-NaN slice encountered
  max_n_agn = np.nanmax([np.nanmax(n) for n in n_agns if len(n) > 0])
/hildafs/projects/phy220048p/tcabrera/bbhagn/bbhagn/utils/inference.py:92: RuntimeWarning: All-NaN slice encountered
  max_n_agn = np.nanmax([np.nanmax(n) for n in n_agns if len(n) > 0])
/hildafs/projects/phy220048p/tcabrera/bbhagn/bbhagn/utils/inference.py:92: RuntimeWarning: All-NaN slice encountered
  max_n_agn = np.nanmax([np.nanmax(n) for n in n_agns if len(n) > 0])
/hildafs/projects/phy220048p/tcabrera/bbhagn/bbhagn/utils/inference.py:92: RuntimeWarning: All-NaN slice encountered
  max_n_agn = np.nanmax([np.nanmax(n) for n in n_agns if len(n) > 0])
/hildafs/projects/phy220048p/tcabrera/bbhagn/bbhagn/utils/inference.py:92: RuntimeWarning: All-NaN slice encountered
  max_n_agn = np.nanmax([np.nanmax(n) for n in n_agns if len(n) > 0])
/hildafs/projects/phy220048p/tcabrera/bbhagn/bbhagn/utils/inference.py:92: RuntimeWarning: All-NaN slice encountered
  max_n_agn = np.nanmax([np.nanmax(n) for n in n_agns if len(n) > 0])
  0%|          | 0/5000 [00:00<?, ?it/s]  0%|          | 9/5000 [00:00<00:59, 83.19it/s]  0%|          | 20/5000 [00:00<00:53, 93.65it/s]  1%|          | 31/5000 [00:00<00:51, 97.12it/s]  1%|          | 41/5000 [00:00<00:51, 96.30it/s]  1%|          | 51/5000 [00:00<00:51, 95.22it/s]  1%|          | 61/5000 [00:00<00:53, 92.93it/s]  1%|         | 71/5000 [00:00<00:52, 93.15it/s]  2%|         | 81/5000 [00:00<00:52, 93.07it/s]  2%|         | 91/5000 [00:00<00:52, 93.11it/s]  2%|         | 102/5000 [00:01<00:51, 95.87it/s]  2%|         | 112/5000 [00:01<00:50, 96.72it/s]  2%|         | 123/5000 [00:01<00:49, 99.14it/s]  3%|         | 133/5000 [00:01<00:50, 96.59it/s]  3%|         | 143/5000 [00:01<00:50, 95.42it/s]  3%|         | 153/5000 [00:01<00:52, 92.78it/s]  3%|         | 163/5000 [00:01<00:51, 93.74it/s]  3%|         | 173/5000 [00:01<00:52, 92.59it/s]  4%|         | 184/5000 [00:01<00:50, 95.84it/s]  4%|         | 196/5000 [00:02<00:47, 101.04it/s]  4%|         | 208/5000 [00:02<00:45, 105.13it/s]  4%|         | 220/5000 [00:02<00:44, 107.84it/s]  5%|         | 232/5000 [00:02<00:43, 110.86it/s]  5%|         | 244/5000 [00:02<00:42, 112.17it/s]  5%|         | 256/5000 [00:02<00:41, 114.20it/s]  5%|         | 268/5000 [00:02<00:41, 114.03it/s]  6%|         | 280/5000 [00:02<00:41, 113.76it/s]  6%|         | 292/5000 [00:02<00:41, 114.25it/s]  6%|         | 304/5000 [00:02<00:41, 114.40it/s]  6%|         | 316/5000 [00:03<00:41, 113.61it/s]  7%|         | 328/5000 [00:03<00:40, 114.48it/s]  7%|         | 340/5000 [00:03<00:40, 115.20it/s]  7%|         | 352/5000 [00:03<00:40, 113.92it/s]  7%|         | 364/5000 [00:03<00:40, 114.34it/s]  8%|         | 376/5000 [00:03<00:40, 114.41it/s]  8%|         | 388/5000 [00:03<00:40, 113.92it/s]  8%|         | 400/5000 [00:03<00:40, 113.74it/s]  8%|         | 412/5000 [00:03<00:40, 112.93it/s]  8%|         | 424/5000 [00:04<00:41, 110.86it/s]  9%|         | 436/5000 [00:04<00:41, 110.81it/s]  9%|         | 448/5000 [00:04<00:40, 111.61it/s]  9%|         | 460/5000 [00:04<00:40, 111.73it/s]  9%|         | 472/5000 [00:04<00:40, 112.05it/s] 10%|         | 484/5000 [00:04<00:39, 113.07it/s] 10%|         | 496/5000 [00:04<00:39, 112.96it/s] 10%|         | 508/5000 [00:04<00:40, 112.18it/s] 10%|         | 520/5000 [00:04<00:39, 112.69it/s] 11%|         | 532/5000 [00:05<00:39, 112.57it/s] 11%|         | 544/5000 [00:05<00:39, 113.15it/s] 11%|         | 556/5000 [00:05<00:38, 114.51it/s] 11%|        | 568/5000 [00:05<00:38, 115.08it/s] 12%|        | 580/5000 [00:05<00:38, 115.54it/s] 12%|        | 592/5000 [00:05<00:38, 115.83it/s] 12%|        | 604/5000 [00:05<00:37, 115.73it/s] 12%|        | 616/5000 [00:05<00:37, 116.08it/s] 13%|        | 628/5000 [00:05<00:37, 115.98it/s] 13%|        | 640/5000 [00:05<00:37, 117.06it/s] 13%|        | 652/5000 [00:06<00:37, 116.48it/s] 13%|        | 664/5000 [00:06<00:37, 115.44it/s] 14%|        | 676/5000 [00:06<00:37, 115.05it/s] 14%|        | 688/5000 [00:06<00:37, 115.05it/s] 14%|        | 700/5000 [00:06<00:37, 113.66it/s] 14%|        | 712/5000 [00:06<00:37, 114.31it/s] 14%|        | 724/5000 [00:06<00:37, 113.93it/s] 15%|        | 736/5000 [00:06<00:37, 113.53it/s] 15%|        | 748/5000 [00:06<00:37, 113.80it/s] 15%|        | 760/5000 [00:06<00:37, 113.83it/s] 15%|        | 772/5000 [00:07<00:37, 113.27it/s] 16%|        | 784/5000 [00:07<00:37, 113.31it/s] 16%|        | 796/5000 [00:07<00:36, 114.18it/s] 16%|        | 808/5000 [00:07<00:36, 114.27it/s] 16%|        | 820/5000 [00:07<00:36, 113.97it/s] 17%|        | 832/5000 [00:07<00:36, 113.44it/s] 17%|        | 844/5000 [00:07<00:36, 114.41it/s] 17%|        | 856/5000 [00:07<00:36, 114.81it/s] 17%|        | 868/5000 [00:07<00:36, 114.16it/s] 18%|        | 880/5000 [00:08<00:36, 113.65it/s] 18%|        | 892/5000 [00:08<00:36, 112.56it/s] 18%|        | 904/5000 [00:08<00:36, 112.88it/s] 18%|        | 916/5000 [00:08<00:36, 112.55it/s] 19%|        | 928/5000 [00:08<00:35, 114.00it/s] 19%|        | 940/5000 [00:08<00:35, 113.82it/s] 19%|        | 952/5000 [00:08<00:35, 112.91it/s] 19%|        | 964/5000 [00:08<00:35, 112.49it/s] 20%|        | 976/5000 [00:08<00:35, 113.61it/s] 20%|        | 988/5000 [00:08<00:34, 115.28it/s] 20%|        | 1000/5000 [00:09<00:34, 114.45it/s] 20%|        | 1012/5000 [00:09<00:35, 112.30it/s] 20%|        | 1024/5000 [00:09<00:35, 112.34it/s] 21%|        | 1036/5000 [00:09<00:34, 113.75it/s] 21%|        | 1048/5000 [00:09<00:34, 114.11it/s] 21%|        | 1060/5000 [00:09<00:34, 115.30it/s] 21%|       | 1073/5000 [00:09<00:33, 116.76it/s] 22%|       | 1086/5000 [00:09<00:33, 117.96it/s] 22%|       | 1098/5000 [00:09<00:33, 117.12it/s] 22%|       | 1110/5000 [00:10<00:33, 116.15it/s] 22%|       | 1122/5000 [00:10<00:33, 115.23it/s] 23%|       | 1134/5000 [00:10<00:33, 115.03it/s] 23%|       | 1146/5000 [00:10<00:33, 115.26it/s] 23%|       | 1158/5000 [00:10<00:33, 114.77it/s] 23%|       | 1170/5000 [00:10<00:33, 115.03it/s] 24%|       | 1182/5000 [00:10<00:32, 116.09it/s] 24%|       | 1194/5000 [00:10<00:32, 117.13it/s] 24%|       | 1206/5000 [00:10<00:32, 117.40it/s] 24%|       | 1218/5000 [00:10<00:32, 117.30it/s] 25%|       | 1230/5000 [00:11<00:32, 115.27it/s] 25%|       | 1242/5000 [00:11<00:32, 114.35it/s] 25%|       | 1254/5000 [00:11<00:32, 114.58it/s] 25%|       | 1266/5000 [00:11<00:32, 114.45it/s] 26%|       | 1278/5000 [00:11<00:32, 115.81it/s] 26%|       | 1290/5000 [00:11<00:31, 116.36it/s] 26%|       | 1303/5000 [00:11<00:31, 118.58it/s] 26%|       | 1315/5000 [00:11<00:31, 117.01it/s] 27%|       | 1328/5000 [00:11<00:31, 118.19it/s] 27%|       | 1340/5000 [00:12<00:31, 116.89it/s] 27%|       | 1352/5000 [00:12<00:31, 115.40it/s] 27%|       | 1364/5000 [00:12<00:31, 114.48it/s] 28%|       | 1376/5000 [00:12<00:31, 114.42it/s] 28%|       | 1388/5000 [00:12<00:31, 114.77it/s] 28%|       | 1400/5000 [00:12<00:31, 113.89it/s] 28%|       | 1412/5000 [00:12<00:31, 113.43it/s] 28%|       | 1424/5000 [00:12<00:31, 115.25it/s] 29%|       | 1436/5000 [00:12<00:31, 113.94it/s] 29%|       | 1448/5000 [00:12<00:31, 113.87it/s] 29%|       | 1460/5000 [00:13<00:31, 112.43it/s] 29%|       | 1472/5000 [00:13<00:31, 111.90it/s] 30%|       | 1484/5000 [00:13<00:31, 112.55it/s] 30%|       | 1496/5000 [00:13<00:30, 113.37it/s] 30%|       | 1508/5000 [00:13<00:30, 113.78it/s] 30%|       | 1520/5000 [00:13<00:30, 114.16it/s] 31%|       | 1532/5000 [00:13<00:30, 114.67it/s] 31%|       | 1544/5000 [00:13<00:30, 114.07it/s] 31%|       | 1556/5000 [00:13<00:30, 113.84it/s] 31%|      | 1568/5000 [00:14<00:30, 114.08it/s] 32%|      | 1580/5000 [00:14<00:30, 113.88it/s] 32%|      | 1592/5000 [00:14<00:30, 113.12it/s] 32%|      | 1604/5000 [00:14<00:29, 113.65it/s] 32%|      | 1616/5000 [00:14<00:29, 113.38it/s] 33%|      | 1628/5000 [00:14<00:29, 112.76it/s] 33%|      | 1640/5000 [00:14<00:29, 113.16it/s] 33%|      | 1652/5000 [00:14<00:29, 113.73it/s] 33%|      | 1664/5000 [00:14<00:29, 114.75it/s] 34%|      | 1676/5000 [00:14<00:29, 113.86it/s] 34%|      | 1688/5000 [00:15<00:29, 112.54it/s] 34%|      | 1700/5000 [00:15<00:29, 112.43it/s] 34%|      | 1712/5000 [00:15<00:29, 112.35it/s] 34%|      | 1724/5000 [00:15<00:29, 111.99it/s] 35%|      | 1736/5000 [00:15<00:29, 112.29it/s] 35%|      | 1748/5000 [00:15<00:29, 112.09it/s] 35%|      | 1760/5000 [00:15<00:29, 111.70it/s] 35%|      | 1772/5000 [00:15<00:28, 112.00it/s] 36%|      | 1784/5000 [00:15<00:28, 112.68it/s] 36%|      | 1796/5000 [00:16<00:28, 112.80it/s] 36%|      | 1808/5000 [00:16<00:28, 112.29it/s] 36%|      | 1820/5000 [00:16<00:28, 112.76it/s] 37%|      | 1832/5000 [00:16<00:28, 112.63it/s] 37%|      | 1844/5000 [00:16<00:27, 114.34it/s] 37%|      | 1856/5000 [00:16<00:27, 114.17it/s] 37%|      | 1868/5000 [00:16<00:27, 114.58it/s] 38%|      | 1880/5000 [00:16<00:27, 114.01it/s] 38%|      | 1892/5000 [00:16<00:27, 113.46it/s] 38%|      | 1904/5000 [00:17<00:27, 113.16it/s] 38%|      | 1916/5000 [00:17<00:27, 111.30it/s] 39%|      | 1928/5000 [00:17<00:27, 111.74it/s] 39%|      | 1940/5000 [00:17<00:27, 112.53it/s] 39%|      | 1952/5000 [00:17<00:26, 113.59it/s] 39%|      | 1964/5000 [00:17<00:26, 114.67it/s] 40%|      | 1976/5000 [00:17<00:26, 115.65it/s] 40%|      | 1988/5000 [00:17<00:26, 115.69it/s] 40%|      | 2000/5000 [00:17<00:25, 116.14it/s] 40%|      | 2012/5000 [00:17<00:26, 114.22it/s] 40%|      | 2024/5000 [00:18<00:26, 113.73it/s] 41%|      | 2036/5000 [00:18<00:26, 112.98it/s] 41%|      | 2048/5000 [00:18<00:26, 113.30it/s] 41%|      | 2060/5000 [00:18<00:25, 114.56it/s] 41%|     | 2072/5000 [00:18<00:25, 115.58it/s] 42%|     | 2084/5000 [00:18<00:25, 115.73it/s] 42%|     | 2096/5000 [00:18<00:25, 115.92it/s] 42%|     | 2108/5000 [00:18<00:24, 115.84it/s] 42%|     | 2120/5000 [00:18<00:25, 114.96it/s] 43%|     | 2132/5000 [00:18<00:24, 114.93it/s] 43%|     | 2144/5000 [00:19<00:24, 115.07it/s] 43%|     | 2156/5000 [00:19<00:24, 114.50it/s] 43%|     | 2168/5000 [00:19<00:24, 114.49it/s] 44%|     | 2180/5000 [00:19<00:24, 114.26it/s] 44%|     | 2192/5000 [00:19<00:24, 114.51it/s] 44%|     | 2204/5000 [00:19<00:24, 114.55it/s] 44%|     | 2216/5000 [00:19<00:23, 116.07it/s] 45%|     | 2228/5000 [00:19<00:23, 116.73it/s] 45%|     | 2240/5000 [00:19<00:23, 117.26it/s] 45%|     | 2252/5000 [00:20<00:23, 117.43it/s] 45%|     | 2265/5000 [00:20<00:23, 118.75it/s] 46%|     | 2277/5000 [00:20<00:22, 118.53it/s] 46%|     | 2289/5000 [00:20<00:23, 117.34it/s] 46%|     | 2301/5000 [00:20<00:23, 117.13it/s] 46%|     | 2313/5000 [00:20<00:23, 115.04it/s] 46%|     | 2325/5000 [00:20<00:23, 113.78it/s] 47%|     | 2337/5000 [00:20<00:23, 113.86it/s] 47%|     | 2350/5000 [00:20<00:22, 116.04it/s] 47%|     | 2362/5000 [00:20<00:22, 116.47it/s] 47%|     | 2374/5000 [00:21<00:22, 114.38it/s] 48%|     | 2386/5000 [00:21<00:22, 114.94it/s] 48%|     | 2398/5000 [00:21<00:22, 113.69it/s] 48%|     | 2410/5000 [00:21<00:22, 114.20it/s] 48%|     | 2422/5000 [00:21<00:22, 115.16it/s] 49%|     | 2434/5000 [00:21<00:22, 115.16it/s] 49%|     | 2446/5000 [00:21<00:22, 114.66it/s] 49%|     | 2458/5000 [00:21<00:22, 114.42it/s] 49%|     | 2470/5000 [00:21<00:21, 115.02it/s] 50%|     | 2482/5000 [00:22<00:22, 113.73it/s] 50%|     | 2494/5000 [00:22<00:21, 114.67it/s] 50%|     | 2506/5000 [00:22<00:21, 114.89it/s] 50%|     | 2518/5000 [00:22<00:21, 115.42it/s] 51%|     | 2530/5000 [00:22<00:21, 115.37it/s] 51%|     | 2542/5000 [00:22<00:21, 116.52it/s] 51%|     | 2554/5000 [00:22<00:21, 115.95it/s] 51%|    | 2566/5000 [00:22<00:21, 115.34it/s] 52%|    | 2578/5000 [00:22<00:21, 115.21it/s] 52%|    | 2591/5000 [00:22<00:20, 117.21it/s] 52%|    | 2603/5000 [00:23<00:20, 116.24it/s] 52%|    | 2615/5000 [00:23<00:20, 115.17it/s] 53%|    | 2627/5000 [00:23<00:20, 115.72it/s] 53%|    | 2639/5000 [00:23<00:20, 114.98it/s] 53%|    | 2651/5000 [00:23<00:20, 114.25it/s] 53%|    | 2663/5000 [00:23<00:20, 114.41it/s] 54%|    | 2675/5000 [00:23<00:20, 114.39it/s] 54%|    | 2687/5000 [00:23<00:20, 114.32it/s] 54%|    | 2699/5000 [00:23<00:20, 113.11it/s] 54%|    | 2711/5000 [00:24<00:20, 114.21it/s] 54%|    | 2723/5000 [00:24<00:19, 114.25it/s] 55%|    | 2735/5000 [00:24<00:19, 115.43it/s] 55%|    | 2747/5000 [00:24<00:19, 114.45it/s] 55%|    | 2759/5000 [00:24<00:19, 114.56it/s] 55%|    | 2771/5000 [00:24<00:19, 113.69it/s] 56%|    | 2783/5000 [00:24<00:19, 112.59it/s] 56%|    | 2795/5000 [00:24<00:19, 112.00it/s] 56%|    | 2807/5000 [00:24<00:19, 111.25it/s] 56%|    | 2819/5000 [00:24<00:19, 111.70it/s] 57%|    | 2831/5000 [00:25<00:19, 111.60it/s] 57%|    | 2843/5000 [00:25<00:19, 112.96it/s] 57%|    | 2855/5000 [00:25<00:19, 112.27it/s] 57%|    | 2867/5000 [00:25<00:19, 111.49it/s] 58%|    | 2879/5000 [00:25<00:18, 112.23it/s] 58%|    | 2891/5000 [00:25<00:18, 113.25it/s] 58%|    | 2903/5000 [00:25<00:18, 114.00it/s] 58%|    | 2915/5000 [00:25<00:18, 113.96it/s] 59%|    | 2927/5000 [00:25<00:18, 113.64it/s] 59%|    | 2939/5000 [00:26<00:18, 113.21it/s] 59%|    | 2951/5000 [00:26<00:18, 113.27it/s] 59%|    | 2963/5000 [00:26<00:18, 113.06it/s] 60%|    | 2975/5000 [00:26<00:17, 114.15it/s] 60%|    | 2987/5000 [00:26<00:17, 113.32it/s] 60%|    | 2999/5000 [00:26<00:17, 112.89it/s] 60%|    | 3011/5000 [00:26<00:17, 112.06it/s] 60%|    | 3023/5000 [00:26<00:17, 112.36it/s] 61%|    | 3035/5000 [00:26<00:17, 113.76it/s] 61%|    | 3047/5000 [00:26<00:17, 113.95it/s] 61%|    | 3059/5000 [00:27<00:17, 112.46it/s] 61%|   | 3071/5000 [00:27<00:17, 112.04it/s] 62%|   | 3083/5000 [00:27<00:17, 111.76it/s] 62%|   | 3095/5000 [00:27<00:17, 110.20it/s] 62%|   | 3107/5000 [00:27<00:17, 111.06it/s] 62%|   | 3119/5000 [00:27<00:16, 111.15it/s] 63%|   | 3131/5000 [00:27<00:16, 110.63it/s] 63%|   | 3143/5000 [00:27<00:16, 111.22it/s] 63%|   | 3155/5000 [00:27<00:16, 112.14it/s] 63%|   | 3167/5000 [00:28<00:16, 111.39it/s] 64%|   | 3179/5000 [00:28<00:16, 110.19it/s] 64%|   | 3191/5000 [00:28<00:16, 110.45it/s] 64%|   | 3203/5000 [00:28<00:16, 110.60it/s] 64%|   | 3215/5000 [00:28<00:16, 110.92it/s] 65%|   | 3227/5000 [00:28<00:15, 111.16it/s] 65%|   | 3239/5000 [00:28<00:15, 112.31it/s] 65%|   | 3251/5000 [00:28<00:15, 112.78it/s] 65%|   | 3263/5000 [00:28<00:15, 112.00it/s] 66%|   | 3275/5000 [00:29<00:15, 112.40it/s] 66%|   | 3287/5000 [00:29<00:15, 110.77it/s] 66%|   | 3299/5000 [00:29<00:15, 110.76it/s] 66%|   | 3311/5000 [00:29<00:15, 110.81it/s] 66%|   | 3323/5000 [00:29<00:15, 111.21it/s] 67%|   | 3335/5000 [00:29<00:14, 111.93it/s] 67%|   | 3347/5000 [00:29<00:14, 112.44it/s] 67%|   | 3359/5000 [00:29<00:14, 111.87it/s] 67%|   | 3371/5000 [00:29<00:14, 111.02it/s] 68%|   | 3383/5000 [00:30<00:14, 111.90it/s] 68%|   | 3395/5000 [00:30<00:14, 112.16it/s] 68%|   | 3407/5000 [00:30<00:14, 112.51it/s] 68%|   | 3419/5000 [00:30<00:13, 113.03it/s] 69%|   | 3431/5000 [00:30<00:13, 112.88it/s] 69%|   | 3443/5000 [00:30<00:13, 113.44it/s] 69%|   | 3455/5000 [00:30<00:13, 114.45it/s] 69%|   | 3467/5000 [00:30<00:13, 114.34it/s] 70%|   | 3479/5000 [00:30<00:13, 112.81it/s] 70%|   | 3491/5000 [00:30<00:13, 113.16it/s] 70%|   | 3503/5000 [00:31<00:13, 112.50it/s] 70%|   | 3515/5000 [00:31<00:13, 112.30it/s] 71%|   | 3527/5000 [00:31<00:13, 112.74it/s] 71%|   | 3540/5000 [00:31<00:12, 114.94it/s] 71%|   | 3552/5000 [00:31<00:12, 114.65it/s] 71%|  | 3564/5000 [00:31<00:12, 114.59it/s] 72%|  | 3576/5000 [00:31<00:12, 114.40it/s] 72%|  | 3588/5000 [00:31<00:12, 114.22it/s] 72%|  | 3600/5000 [00:31<00:12, 113.90it/s] 72%|  | 3612/5000 [00:32<00:12, 113.33it/s] 72%|  | 3624/5000 [00:32<00:12, 113.12it/s] 73%|  | 3636/5000 [00:32<00:11, 114.10it/s] 73%|  | 3648/5000 [00:32<00:11, 114.34it/s] 73%|  | 3660/5000 [00:32<00:11, 113.29it/s] 73%|  | 3672/5000 [00:32<00:11, 113.82it/s] 74%|  | 3684/5000 [00:32<00:11, 115.10it/s] 74%|  | 3696/5000 [00:32<00:11, 115.11it/s] 74%|  | 3709/5000 [00:32<00:11, 117.36it/s] 74%|  | 3721/5000 [00:32<00:11, 115.82it/s] 75%|  | 3733/5000 [00:33<00:11, 115.14it/s] 75%|  | 3745/5000 [00:33<00:10, 114.79it/s] 75%|  | 3757/5000 [00:33<00:10, 114.71it/s] 75%|  | 3769/5000 [00:33<00:10, 115.30it/s] 76%|  | 3781/5000 [00:33<00:10, 114.48it/s] 76%|  | 3793/5000 [00:33<00:10, 112.41it/s] 76%|  | 3805/5000 [00:33<00:10, 112.31it/s] 76%|  | 3817/5000 [00:33<00:10, 111.99it/s] 77%|  | 3829/5000 [00:33<00:10, 112.16it/s] 77%|  | 3841/5000 [00:34<00:10, 112.24it/s] 77%|  | 3853/5000 [00:34<00:10, 111.80it/s] 77%|  | 3865/5000 [00:34<00:10, 111.85it/s] 78%|  | 3877/5000 [00:34<00:10, 111.95it/s] 78%|  | 3889/5000 [00:34<00:09, 112.16it/s] 78%|  | 3901/5000 [00:34<00:09, 113.05it/s] 78%|  | 3913/5000 [00:34<00:09, 113.82it/s] 78%|  | 3925/5000 [00:34<00:09, 113.87it/s] 79%|  | 3937/5000 [00:34<00:09, 114.87it/s] 79%|  | 3949/5000 [00:34<00:09, 116.07it/s] 79%|  | 3962/5000 [00:35<00:08, 117.68it/s] 79%|  | 3974/5000 [00:35<00:08, 117.23it/s] 80%|  | 3986/5000 [00:35<00:08, 117.19it/s] 80%|  | 3998/5000 [00:35<00:08, 117.15it/s] 80%|  | 4010/5000 [00:35<00:08, 115.78it/s] 80%|  | 4022/5000 [00:35<00:08, 115.22it/s] 81%|  | 4034/5000 [00:35<00:08, 115.79it/s] 81%|  | 4046/5000 [00:35<00:08, 115.22it/s] 81%|  | 4058/5000 [00:35<00:08, 115.09it/s] 81%| | 4070/5000 [00:36<00:08, 114.62it/s] 82%| | 4082/5000 [00:36<00:08, 113.93it/s] 82%| | 4094/5000 [00:36<00:07, 114.10it/s] 82%| | 4106/5000 [00:36<00:07, 113.36it/s] 82%| | 4118/5000 [00:36<00:07, 112.83it/s] 83%| | 4130/5000 [00:36<00:07, 113.64it/s] 83%| | 4142/5000 [00:36<00:07, 115.01it/s] 83%| | 4154/5000 [00:36<00:07, 114.76it/s] 83%| | 4166/5000 [00:36<00:07, 115.58it/s] 84%| | 4178/5000 [00:36<00:07, 115.49it/s] 84%| | 4190/5000 [00:37<00:06, 115.87it/s] 84%| | 4202/5000 [00:37<00:06, 115.28it/s] 84%| | 4214/5000 [00:37<00:06, 114.93it/s] 85%| | 4226/5000 [00:37<00:06, 113.15it/s] 85%| | 4238/5000 [00:37<00:06, 112.38it/s] 85%| | 4250/5000 [00:37<00:06, 112.33it/s] 85%| | 4262/5000 [00:37<00:06, 112.81it/s] 85%| | 4274/5000 [00:37<00:06, 113.44it/s] 86%| | 4286/5000 [00:37<00:06, 112.53it/s] 86%| | 4298/5000 [00:38<00:06, 113.62it/s] 86%| | 4310/5000 [00:38<00:06, 113.46it/s] 86%| | 4322/5000 [00:38<00:05, 113.36it/s] 87%| | 4334/5000 [00:38<00:05, 112.90it/s] 87%| | 4346/5000 [00:38<00:05, 112.13it/s] 87%| | 4358/5000 [00:38<00:05, 111.99it/s] 87%| | 4370/5000 [00:38<00:05, 113.53it/s] 88%| | 4382/5000 [00:38<00:05, 113.72it/s] 88%| | 4394/5000 [00:38<00:05, 114.37it/s] 88%| | 4406/5000 [00:38<00:05, 115.02it/s] 88%| | 4418/5000 [00:39<00:05, 114.13it/s] 89%| | 4430/5000 [00:39<00:04, 114.82it/s] 89%| | 4442/5000 [00:39<00:04, 114.82it/s] 89%| | 4454/5000 [00:39<00:04, 114.46it/s] 89%| | 4466/5000 [00:39<00:04, 114.59it/s] 90%| | 4478/5000 [00:39<00:04, 114.94it/s] 90%| | 4490/5000 [00:39<00:04, 112.89it/s] 90%| | 4502/5000 [00:39<00:04, 112.51it/s] 90%| | 4514/5000 [00:39<00:04, 112.80it/s] 91%| | 4526/5000 [00:40<00:04, 113.39it/s] 91%| | 4538/5000 [00:40<00:04, 113.40it/s] 91%| | 4550/5000 [00:40<00:03, 114.53it/s] 91%| | 4562/5000 [00:40<00:03, 114.05it/s] 91%|| 4574/5000 [00:40<00:03, 113.69it/s] 92%|| 4586/5000 [00:40<00:03, 112.82it/s] 92%|| 4598/5000 [00:40<00:03, 111.74it/s] 92%|| 4610/5000 [00:40<00:03, 111.28it/s] 92%|| 4622/5000 [00:40<00:03, 112.30it/s] 93%|| 4634/5000 [00:40<00:03, 114.02it/s] 93%|| 4646/5000 [00:41<00:03, 113.88it/s] 93%|| 4658/5000 [00:41<00:03, 112.79it/s] 93%|| 4670/5000 [00:41<00:02, 113.25it/s] 94%|| 4682/5000 [00:41<00:02, 113.38it/s] 94%|| 4694/5000 [00:41<00:02, 113.80it/s] 94%|| 4706/5000 [00:41<00:02, 113.35it/s] 94%|| 4718/5000 [00:41<00:02, 113.61it/s] 95%|| 4730/5000 [00:41<00:02, 112.19it/s] 95%|| 4742/5000 [00:41<00:02, 113.10it/s] 95%|| 4754/5000 [00:42<00:02, 113.44it/s] 95%|| 4766/5000 [00:42<00:02, 113.33it/s] 96%|| 4778/5000 [00:42<00:01, 113.21it/s] 96%|| 4790/5000 [00:42<00:01, 113.66it/s] 96%|| 4802/5000 [00:42<00:01, 114.98it/s] 96%|| 4814/5000 [00:42<00:01, 115.30it/s] 97%|| 4826/5000 [00:42<00:01, 115.33it/s] 97%|| 4838/5000 [00:42<00:01, 114.96it/s] 97%|| 4850/5000 [00:42<00:01, 114.26it/s] 97%|| 4862/5000 [00:42<00:01, 113.83it/s] 97%|| 4874/5000 [00:43<00:01, 113.06it/s] 98%|| 4886/5000 [00:43<00:01, 112.72it/s] 98%|| 4898/5000 [00:43<00:00, 111.90it/s] 98%|| 4910/5000 [00:43<00:00, 111.90it/s] 98%|| 4922/5000 [00:43<00:00, 111.83it/s] 99%|| 4934/5000 [00:43<00:00, 112.32it/s] 99%|| 4946/5000 [00:43<00:00, 112.80it/s] 99%|| 4958/5000 [00:43<00:00, 113.63it/s] 99%|| 4970/5000 [00:43<00:00, 114.39it/s]100%|| 4982/5000 [00:44<00:00, 113.28it/s]100%|| 4994/5000 [00:44<00:00, 112.75it/s]100%|| 5000/5000 [00:44<00:00, 113.06it/s]
******************** Output ********************
(10432, 1)
Saving data...
******************** Corner plot ********************
Making corner plot...
Done.
