******************** Initializing ********************
Traceback (most recent call last):
  File "/hildafs/projects/phy220048p/tcabrera/bbhagn/bbhagn/Posterior_sims_lambda_O4/Posterior_sims_lambda_O4.py", line 122, in <module>
    config = yaml.safe_load(open(config_file))
             ^^^^^^^^^^^^^^^^^^^^^^^^^^^^^^^^^
  File "/hildafs/projects/phy200025p/tcabrera/.conda/envs/bbhagn/lib/python3.11/site-packages/yaml/__init__.py", line 125, in safe_load
    return load(stream, SafeLoader)
           ^^^^^^^^^^^^^^^^^^^^^^^^
  File "/hildafs/projects/phy200025p/tcabrera/.conda/envs/bbhagn/lib/python3.11/site-packages/yaml/__init__.py", line 81, in load
    return loader.get_single_data()
           ^^^^^^^^^^^^^^^^^^^^^^^^
  File "/hildafs/projects/phy200025p/tcabrera/.conda/envs/bbhagn/lib/python3.11/site-packages/yaml/constructor.py", line 49, in get_single_data
    node = self.get_single_node()
           ^^^^^^^^^^^^^^^^^^^^^^
  File "/hildafs/projects/phy200025p/tcabrera/.conda/envs/bbhagn/lib/python3.11/site-packages/yaml/composer.py", line 36, in get_single_node
    document = self.compose_document()
               ^^^^^^^^^^^^^^^^^^^^^^^
  File "/hildafs/projects/phy200025p/tcabrera/.conda/envs/bbhagn/lib/python3.11/site-packages/yaml/composer.py", line 55, in compose_document
    node = self.compose_node(None, None)
           ^^^^^^^^^^^^^^^^^^^^^^^^^^^^^
  File "/hildafs/projects/phy200025p/tcabrera/.conda/envs/bbhagn/lib/python3.11/site-packages/yaml/composer.py", line 84, in compose_node
    node = self.compose_mapping_node(anchor)
           ^^^^^^^^^^^^^^^^^^^^^^^^^^^^^^^^^
  File "/hildafs/projects/phy200025p/tcabrera/.conda/envs/bbhagn/lib/python3.11/site-packages/yaml/composer.py", line 127, in compose_mapping_node
    while not self.check_event(MappingEndEvent):
              ^^^^^^^^^^^^^^^^^^^^^^^^^^^^^^^^^
  File "/hildafs/projects/phy200025p/tcabrera/.conda/envs/bbhagn/lib/python3.11/site-packages/yaml/parser.py", line 98, in check_event
    self.current_event = self.state()
                         ^^^^^^^^^^^^
  File "/hildafs/projects/phy200025p/tcabrera/.conda/envs/bbhagn/lib/python3.11/site-packages/yaml/parser.py", line 438, in parse_block_mapping_key
    raise ParserError("while parsing a block mapping", self.marks[-1],
yaml.parser.ParserError: while parsing a block mapping
  in "/hildafs/projects/phy220048p/tcabrera/bbhagn/bbhagn/Posterior_sims_lambda_O4/array/13/config.yaml", line 2, column 1
expected <block end>, but found '<scalar>'
  in "/hildafs/projects/phy220048p/tcabrera/bbhagn/bbhagn/Posterior_sims_lambda_O4/array/13/config.yaml", line 9, column 10
